{"/home/debian/Website/final-project-analisis-pengujian-sistem-if7a-ahmad-fajrul-ulum/Admin/src/App.jsx": {"path":"/home/debian/Website/final-project-analisis-pengujian-sistem-if7a-ahmad-fajrul-ulum/Admin/src/App.jsx","statementMap":{"0":{"start":{"line":36,"column":8},"end":{"line":36,"column":null}},"1":{"start":{"line":38,"column":2},"end":{"line":45,"column":null}},"2":{"start":{"line":39,"column":4},"end":{"line":44,"column":null}},"3":{"start":{"line":40,"column":22},"end":{"line":40,"column":null}},"4":{"start":{"line":41,"column":6},"end":{"line":43,"column":null}},"5":{"start":{"line":42,"column":8},"end":{"line":42,"column":null}},"6":{"start":{"line":49,"column":2},"end":{"line":90,"column":null}}},"fnMap":{"0":{"name":"ScrollToTop","decl":{"start":{"line":35,"column":9},"end":{"line":35,"column":23}},"loc":{"start":{"line":35,"column":23},"end":{"line":46,"column":null}},"line":35},"1":{"name":"(anonymous_1)","decl":{"start":{"line":38,"column":12},"end":{"line":38,"column":18}},"loc":{"start":{"line":38,"column":18},"end":{"line":45,"column":5}},"line":38},"2":{"name":"App","decl":{"start":{"line":48,"column":9},"end":{"line":48,"column":15}},"loc":{"start":{"line":48,"column":15},"end":{"line":92,"column":null}},"line":48}},"branchMap":{"0":{"loc":{"start":{"line":39,"column":4},"end":{"line":44,"column":null}},"type":"if","locations":[{"start":{"line":39,"column":4},"end":{"line":44,"column":null}},{"start":{},"end":{}}],"line":39},"1":{"loc":{"start":{"line":39,"column":8},"end":{"line":39,"column":67}},"type":"binary-expr","locations":[{"start":{"line":39,"column":8},"end":{"line":39,"column":37}},{"start":{"line":39,"column":37},"end":{"line":39,"column":67}}],"line":39},"2":{"loc":{"start":{"line":41,"column":6},"end":{"line":43,"column":null}},"type":"if","locations":[{"start":{"line":41,"column":6},"end":{"line":43,"column":null}},{"start":{},"end":{}}],"line":41}},"s":{"0":5,"1":5,"2":5,"3":1,"4":1,"5":1,"6":3},"f":{"0":5,"1":5,"2":3},"b":{"0":[1,4],"1":[5,2],"2":[1,0]},"meta":{"lastBranch":3,"lastFunction":3,"lastStatement":7,"seen":{"f:35:9:35:23":0,"s:36:8:36:Infinity":0,"s:38:2:45:Infinity":1,"f:38:12:38:18":1,"b:39:4:44:Infinity:undefined:undefined:undefined:undefined":0,"s:39:4:44:Infinity":2,"b:39:8:39:37:39:37:39:67":1,"s:40:22:40:Infinity":3,"b:41:6:43:Infinity:undefined:undefined:undefined:undefined":2,"s:41:6:43:Infinity":4,"s:42:8:42:Infinity":5,"f:48:9:48:15":2,"s:49:2:90:Infinity":6}}}
,"/home/debian/Website/final-project-analisis-pengujian-sistem-if7a-ahmad-fajrul-ulum/Admin/src/firebase.js": {"path":"/home/debian/Website/final-project-analisis-pengujian-sistem-if7a-ahmad-fajrul-ulum/Admin/src/firebase.js","statementMap":{"0":{"start":{"line":5,"column":23},"end":{"line":13,"column":1}},"1":{"start":{"line":15,"column":11},"end":{"line":15,"column":41}},"2":{"start":{"line":17,"column":17},"end":{"line":17,"column":35}},"3":{"start":{"line":18,"column":12},"end":{"line":18,"column":22}}},"fnMap":{},"branchMap":{},"s":{"0":6,"1":6,"2":6,"3":6},"f":{},"b":{},"meta":{"lastBranch":0,"lastFunction":0,"lastStatement":4,"seen":{"s:5:23:13:1":0,"s:15:11:15:41":1,"s:17:17:17:35":2,"s:18:12:18:22":3}}}
,"/home/debian/Website/final-project-analisis-pengujian-sistem-if7a-ahmad-fajrul-ulum/Admin/src/main.jsx": {"path":"/home/debian/Website/final-project-analisis-pengujian-sistem-if7a-ahmad-fajrul-ulum/Admin/src/main.jsx","statementMap":{"0":{"start":{"line":33,"column":20},"end":{"line":33,"column":null}},"1":{"start":{"line":35,"column":0},"end":{"line":47,"column":null}}},"fnMap":{},"branchMap":{},"s":{"0":0,"1":0},"f":{},"b":{},"meta":{"lastBranch":0,"lastFunction":0,"lastStatement":2,"seen":{"s:33:20:33:Infinity":0,"s:35:0:47:Infinity":1}}}
,"/home/debian/Website/final-project-analisis-pengujian-sistem-if7a-ahmad-fajrul-ulum/Admin/src/Layout/AdminLayout.jsx": {"path":"/home/debian/Website/final-project-analisis-pengujian-sistem-if7a-ahmad-fajrul-ulum/Admin/src/Layout/AdminLayout.jsx","statementMap":{"0":{"start":{"line":7,"column":20},"end":{"line":36,"column":null}},"1":{"start":{"line":8,"column":40},"end":{"line":8,"column":null}},"2":{"start":{"line":9,"column":24},"end":{"line":9,"column":null}},"3":{"start":{"line":11,"column":24},"end":{"line":13,"column":null}},"4":{"start":{"line":12,"column":4},"end":{"line":12,"column":null}},"5":{"start":{"line":12,"column":31},"end":{"line":12,"column":36}},"6":{"start":{"line":15,"column":20},"end":{"line":17,"column":null}},"7":{"start":{"line":16,"column":4},"end":{"line":16,"column":null}},"8":{"start":{"line":18,"column":2},"end":{"line":34,"column":null}}},"fnMap":{"0":{"name":"(anonymous_0)","decl":{"start":{"line":7,"column":20},"end":{"line":7,"column":26}},"loc":{"start":{"line":7,"column":26},"end":{"line":36,"column":null}},"line":7},"1":{"name":"(anonymous_1)","decl":{"start":{"line":11,"column":24},"end":{"line":11,"column":30}},"loc":{"start":{"line":11,"column":30},"end":{"line":13,"column":null}},"line":11},"2":{"name":"(anonymous_2)","decl":{"start":{"line":12,"column":21},"end":{"line":12,"column":22}},"loc":{"start":{"line":12,"column":31},"end":{"line":12,"column":36}},"line":12},"3":{"name":"(anonymous_3)","decl":{"start":{"line":15,"column":20},"end":{"line":15,"column":26}},"loc":{"start":{"line":15,"column":26},"end":{"line":17,"column":null}},"line":15}},"branchMap":{"0":{"loc":{"start":{"line":26,"column":9},"end":{"line":31,"column":null}},"type":"binary-expr","locations":[{"start":{"line":26,"column":9},"end":{"line":26,"column":null}},{"start":{"line":27,"column":10},"end":{"line":31,"column":null}}],"line":26}},"s":{"0":2,"1":4,"2":4,"3":4,"4":2,"5":2,"6":4,"7":0,"8":4},"f":{"0":4,"1":2,"2":2,"3":0},"b":{"0":[4,0]},"meta":{"lastBranch":1,"lastFunction":4,"lastStatement":9,"seen":{"s:7:20:36:Infinity":0,"f:7:20:7:26":0,"s:8:40:8:Infinity":1,"s:9:24:9:Infinity":2,"s:11:24:13:Infinity":3,"f:11:24:11:30":1,"s:12:4:12:Infinity":4,"f:12:21:12:22":2,"s:12:31:12:36":5,"s:15:20:17:Infinity":6,"f:15:20:15:26":3,"s:16:4:16:Infinity":7,"s:18:2:34:Infinity":8,"b:26:9:26:Infinity:27:10:31:Infinity":0}}}
,"/home/debian/Website/final-project-analisis-pengujian-sistem-if7a-ahmad-fajrul-ulum/Admin/src/Layout/LandingPageLayout.jsx": {"path":"/home/debian/Website/final-project-analisis-pengujian-sistem-if7a-ahmad-fajrul-ulum/Admin/src/Layout/LandingPageLayout.jsx","statementMap":{"0":{"start":{"line":7,"column":26},"end":{"line":16,"column":null}},"1":{"start":{"line":8,"column":2},"end":{"line":14,"column":null}},"2":{"start":{"line":18,"column":0},"end":{"line":20,"column":null}}},"fnMap":{"0":{"name":"(anonymous_0)","decl":{"start":{"line":7,"column":26},"end":{"line":7,"column":27}},"loc":{"start":{"line":7,"column":44},"end":{"line":16,"column":null}},"line":7}},"branchMap":{},"s":{"0":0,"1":0,"2":0},"f":{"0":0},"b":{},"meta":{"lastBranch":0,"lastFunction":1,"lastStatement":3,"seen":{"s:7:26:16:Infinity":0,"f:7:26:7:27":0,"s:8:2:14:Infinity":1,"s:18:0:20:Infinity":2}}}
,"/home/debian/Website/final-project-analisis-pengujian-sistem-if7a-ahmad-fajrul-ulum/Admin/src/app/store.js": {"path":"/home/debian/Website/final-project-analisis-pengujian-sistem-if7a-ahmad-fajrul-ulum/Admin/src/app/store.js","statementMap":{"0":{"start":{"line":10,"column":13},"end":{"line":20,"column":2}}},"fnMap":{},"branchMap":{},"s":{"0":0},"f":{},"b":{},"meta":{"lastBranch":0,"lastFunction":0,"lastStatement":1,"seen":{"s:10:13:20:2":0}}}
,"/home/debian/Website/final-project-analisis-pengujian-sistem-if7a-ahmad-fajrul-ulum/Admin/src/app/data/blogSlice.js": {"path":"/home/debian/Website/final-project-analisis-pengujian-sistem-if7a-ahmad-fajrul-ulum/Admin/src/app/data/blogSlice.js","statementMap":{"0":{"start":{"line":5,"column":25},"end":{"line":8,"column":2}},"1":{"start":{"line":6,"column":19},"end":{"line":6,"column":35}},"2":{"start":{"line":7,"column":2},"end":{"line":7,"column":null}},"3":{"start":{"line":10,"column":28},"end":{"line":16,"column":1}},"4":{"start":{"line":13,"column":21},"end":{"line":13,"column":47}},"5":{"start":{"line":14,"column":4},"end":{"line":14,"column":null}},"6":{"start":{"line":18,"column":33},"end":{"line":24,"column":1}},"7":{"start":{"line":21,"column":21},"end":{"line":21,"column":51}},"8":{"start":{"line":22,"column":4},"end":{"line":22,"column":null}},"9":{"start":{"line":26,"column":33},"end":{"line":32,"column":1}},"10":{"start":{"line":29,"column":4},"end":{"line":29,"column":null}},"11":{"start":{"line":30,"column":4},"end":{"line":30,"column":null}},"12":{"start":{"line":34,"column":17},"end":{"line":72,"column":2}},"13":{"start":{"line":43,"column":4},"end":{"line":45,"column":null}},"14":{"start":{"line":44,"column":6},"end":{"line":44,"column":null}},"15":{"start":{"line":46,"column":4},"end":{"line":49,"column":null}},"16":{"start":{"line":47,"column":6},"end":{"line":47,"column":null}},"17":{"start":{"line":48,"column":6},"end":{"line":48,"column":null}},"18":{"start":{"line":50,"column":4},"end":{"line":53,"column":null}},"19":{"start":{"line":51,"column":6},"end":{"line":51,"column":null}},"20":{"start":{"line":52,"column":6},"end":{"line":52,"column":null}},"21":{"start":{"line":55,"column":4},"end":{"line":57,"column":null}},"22":{"start":{"line":56,"column":6},"end":{"line":56,"column":null}},"23":{"start":{"line":59,"column":4},"end":{"line":66,"column":null}},"24":{"start":{"line":60,"column":20},"end":{"line":62,"column":7}},"25":{"start":{"line":61,"column":18},"end":{"line":61,"column":null}},"26":{"start":{"line":63,"column":6},"end":{"line":65,"column":null}},"27":{"start":{"line":64,"column":8},"end":{"line":64,"column":null}},"28":{"start":{"line":68,"column":4},"end":{"line":70,"column":null}},"29":{"start":{"line":69,"column":6},"end":{"line":69,"column":null}},"30":{"start":{"line":69,"column":49},"end":{"line":69,"column":75}}},"fnMap":{"0":{"name":"(anonymous_0)","decl":{"start":{"line":5,"column":63},"end":{"line":5,"column":68}},"loc":{"start":{"line":5,"column":75},"end":{"line":8,"column":1}},"line":5},"1":{"name":"(anonymous_1)","decl":{"start":{"line":12,"column":2},"end":{"line":12,"column":7}},"loc":{"start":{"line":12,"column":22},"end":{"line":15,"column":null}},"line":12},"2":{"name":"(anonymous_2)","decl":{"start":{"line":20,"column":2},"end":{"line":20,"column":7}},"loc":{"start":{"line":20,"column":30},"end":{"line":23,"column":null}},"line":20},"3":{"name":"(anonymous_3)","decl":{"start":{"line":28,"column":2},"end":{"line":28,"column":7}},"loc":{"start":{"line":28,"column":16},"end":{"line":31,"column":null}},"line":28},"4":{"name":"(anonymous_4)","decl":{"start":{"line":42,"column":17},"end":{"line":42,"column":18}},"loc":{"start":{"line":42,"column":30},"end":{"line":71,"column":3}},"line":42},"5":{"name":"(anonymous_5)","decl":{"start":{"line":43,"column":40},"end":{"line":43,"column":41}},"loc":{"start":{"line":43,"column":51},"end":{"line":45,"column":5}},"line":43},"6":{"name":"(anonymous_6)","decl":{"start":{"line":46,"column":42},"end":{"line":46,"column":43}},"loc":{"start":{"line":46,"column":61},"end":{"line":49,"column":5}},"line":46},"7":{"name":"(anonymous_7)","decl":{"start":{"line":50,"column":41},"end":{"line":50,"column":42}},"loc":{"start":{"line":50,"column":60},"end":{"line":53,"column":5}},"line":50},"8":{"name":"(anonymous_8)","decl":{"start":{"line":55,"column":45},"end":{"line":55,"column":46}},"loc":{"start":{"line":55,"column":64},"end":{"line":57,"column":5}},"line":55},"9":{"name":"(anonymous_9)","decl":{"start":{"line":59,"column":50},"end":{"line":59,"column":51}},"loc":{"start":{"line":59,"column":69},"end":{"line":66,"column":5}},"line":59},"10":{"name":"(anonymous_10)","decl":{"start":{"line":61,"column":8},"end":{"line":61,"column":9}},"loc":{"start":{"line":61,"column":18},"end":{"line":61,"column":null}},"line":61},"11":{"name":"(anonymous_11)","decl":{"start":{"line":68,"column":50},"end":{"line":68,"column":51}},"loc":{"start":{"line":68,"column":69},"end":{"line":70,"column":5}},"line":68},"12":{"name":"(anonymous_12)","decl":{"start":{"line":69,"column":39},"end":{"line":69,"column":40}},"loc":{"start":{"line":69,"column":49},"end":{"line":69,"column":75}},"line":69}},"branchMap":{"0":{"loc":{"start":{"line":63,"column":6},"end":{"line":65,"column":null}},"type":"if","locations":[{"start":{"line":63,"column":6},"end":{"line":65,"column":null}},{"start":{},"end":{}}],"line":63}},"s":{"0":4,"1":1,"2":1,"3":4,"4":1,"5":1,"6":4,"7":1,"8":1,"9":4,"10":1,"11":1,"12":4,"13":1,"14":1,"15":1,"16":1,"17":1,"18":1,"19":0,"20":0,"21":1,"22":1,"23":1,"24":1,"25":1,"26":1,"27":1,"28":1,"29":1,"30":1},"f":{"0":1,"1":1,"2":1,"3":1,"4":1,"5":1,"6":1,"7":0,"8":1,"9":1,"10":1,"11":1,"12":1},"b":{"0":[1,0]},"meta":{"lastBranch":1,"lastFunction":13,"lastStatement":31,"seen":{"s:5:25:8:2":0,"f:5:63:5:68":0,"s:6:19:6:35":1,"s:7:2:7:Infinity":2,"s:10:28:16:1":3,"f:12:2:12:7":1,"s:13:21:13:47":4,"s:14:4:14:Infinity":5,"s:18:33:24:1":6,"f:20:2:20:7":2,"s:21:21:21:51":7,"s:22:4:22:Infinity":8,"s:26:33:32:1":9,"f:28:2:28:7":3,"s:29:4:29:Infinity":10,"s:30:4:30:Infinity":11,"s:34:17:72:2":12,"f:42:17:42:18":4,"s:43:4:45:Infinity":13,"f:43:40:43:41":5,"s:44:6:44:Infinity":14,"s:46:4:49:Infinity":15,"f:46:42:46:43":6,"s:47:6:47:Infinity":16,"s:48:6:48:Infinity":17,"s:50:4:53:Infinity":18,"f:50:41:50:42":7,"s:51:6:51:Infinity":19,"s:52:6:52:Infinity":20,"s:55:4:57:Infinity":21,"f:55:45:55:46":8,"s:56:6:56:Infinity":22,"s:59:4:66:Infinity":23,"f:59:50:59:51":9,"s:60:20:62:7":24,"f:61:8:61:9":10,"s:61:18:61:Infinity":25,"b:63:6:65:Infinity:undefined:undefined:undefined:undefined":0,"s:63:6:65:Infinity":26,"s:64:8:64:Infinity":27,"s:68:4:70:Infinity":28,"f:68:50:68:51":11,"s:69:6:69:Infinity":29,"f:69:39:69:40":12,"s:69:49:69:75":30}}}
,"/home/debian/Website/final-project-analisis-pengujian-sistem-if7a-ahmad-fajrul-ulum/Admin/src/app/data/dashboardSlice.js": {"path":"/home/debian/Website/final-project-analisis-pengujian-sistem-if7a-ahmad-fajrul-ulum/Admin/src/app/data/dashboardSlice.js","statementMap":{"0":{"start":{"line":10,"column":33},"end":{"line":33,"column":1}},"1":{"start":{"line":13,"column":4},"end":{"line":31,"column":null}},"2":{"start":{"line":15,"column":8},"end":{"line":21,"column":10}},"3":{"start":{"line":22,"column":6},"end":{"line":28,"column":null}},"4":{"start":{"line":30,"column":6},"end":{"line":30,"column":null}},"5":{"start":{"line":35,"column":21},"end":{"line":42,"column":1}},"6":{"start":{"line":44,"column":22},"end":{"line":67,"column":2}},"7":{"start":{"line":49,"column":4},"end":{"line":52,"column":null}},"8":{"start":{"line":50,"column":6},"end":{"line":50,"column":null}},"9":{"start":{"line":51,"column":6},"end":{"line":51,"column":null}},"10":{"start":{"line":53,"column":4},"end":{"line":61,"column":null}},"11":{"start":{"line":54,"column":6},"end":{"line":54,"column":null}},"12":{"start":{"line":55,"column":6},"end":{"line":55,"column":null}},"13":{"start":{"line":56,"column":6},"end":{"line":56,"column":null}},"14":{"start":{"line":57,"column":6},"end":{"line":57,"column":null}},"15":{"start":{"line":58,"column":6},"end":{"line":58,"column":null}},"16":{"start":{"line":59,"column":6},"end":{"line":59,"column":null}},"17":{"start":{"line":60,"column":6},"end":{"line":60,"column":null}},"18":{"start":{"line":62,"column":4},"end":{"line":65,"column":null}},"19":{"start":{"line":63,"column":6},"end":{"line":63,"column":null}},"20":{"start":{"line":64,"column":6},"end":{"line":64,"column":null}}},"fnMap":{"0":{"name":"(anonymous_0)","decl":{"start":{"line":12,"column":2},"end":{"line":12,"column":7}},"loc":{"start":{"line":12,"column":36},"end":{"line":32,"column":null}},"line":12},"1":{"name":"(anonymous_1)","decl":{"start":{"line":48,"column":17},"end":{"line":48,"column":18}},"loc":{"start":{"line":48,"column":30},"end":{"line":66,"column":3}},"line":48},"2":{"name":"(anonymous_2)","decl":{"start":{"line":49,"column":48},"end":{"line":49,"column":49}},"loc":{"start":{"line":49,"column":59},"end":{"line":52,"column":5}},"line":49},"3":{"name":"(anonymous_3)","decl":{"start":{"line":53,"column":50},"end":{"line":53,"column":51}},"loc":{"start":{"line":53,"column":69},"end":{"line":61,"column":5}},"line":53},"4":{"name":"(anonymous_4)","decl":{"start":{"line":62,"column":49},"end":{"line":62,"column":50}},"loc":{"start":{"line":62,"column":68},"end":{"line":65,"column":5}},"line":62}},"branchMap":{"0":{"loc":{"start":{"line":30,"column":29},"end":{"line":30,"column":66}},"type":"binary-expr","locations":[{"start":{"line":30,"column":29},"end":{"line":30,"column":49}},{"start":{"line":30,"column":53},"end":{"line":30,"column":66}}],"line":30}},"s":{"0":2,"1":1,"2":1,"3":1,"4":0,"5":2,"6":2,"7":1,"8":1,"9":1,"10":1,"11":1,"12":1,"13":1,"14":1,"15":1,"16":1,"17":1,"18":1,"19":0,"20":0},"f":{"0":1,"1":1,"2":1,"3":1,"4":0},"b":{"0":[0,0]},"meta":{"lastBranch":1,"lastFunction":5,"lastStatement":21,"seen":{"s:10:33:33:1":0,"f:12:2:12:7":0,"s:13:4:31:Infinity":1,"s:15:8:21:10":2,"s:22:6:28:Infinity":3,"s:30:6:30:Infinity":4,"b:30:29:30:49:30:53:30:66":0,"s:35:21:42:1":5,"s:44:22:67:2":6,"f:48:17:48:18":1,"s:49:4:52:Infinity":7,"f:49:48:49:49":2,"s:50:6:50:Infinity":8,"s:51:6:51:Infinity":9,"s:53:4:61:Infinity":10,"f:53:50:53:51":3,"s:54:6:54:Infinity":11,"s:55:6:55:Infinity":12,"s:56:6:56:Infinity":13,"s:57:6:57:Infinity":14,"s:58:6:58:Infinity":15,"s:59:6:59:Infinity":16,"s:60:6:60:Infinity":17,"s:62:4:65:Infinity":18,"f:62:49:62:50":4,"s:63:6:63:Infinity":19,"s:64:6:64:Infinity":20}}}
,"/home/debian/Website/final-project-analisis-pengujian-sistem-if7a-ahmad-fajrul-ulum/Admin/src/app/data/heroSlice.js": {"path":"/home/debian/Website/final-project-analisis-pengujian-sistem-if7a-ahmad-fajrul-ulum/Admin/src/app/data/heroSlice.js","statementMap":{"0":{"start":{"line":9,"column":26},"end":{"line":12,"column":2}},"1":{"start":{"line":10,"column":19},"end":{"line":10,"column":36}},"2":{"start":{"line":11,"column":2},"end":{"line":11,"column":null}},"3":{"start":{"line":14,"column":22},"end":{"line":17,"column":2}},"4":{"start":{"line":15,"column":19},"end":{"line":15,"column":47}},"5":{"start":{"line":16,"column":2},"end":{"line":16,"column":null}},"6":{"start":{"line":19,"column":23},"end":{"line":25,"column":1}},"7":{"start":{"line":22,"column":21},"end":{"line":22,"column":53}},"8":{"start":{"line":23,"column":4},"end":{"line":23,"column":null}},"9":{"start":{"line":27,"column":25},"end":{"line":30,"column":2}},"10":{"start":{"line":28,"column":2},"end":{"line":28,"column":null}},"11":{"start":{"line":29,"column":2},"end":{"line":29,"column":null}},"12":{"start":{"line":32,"column":17},"end":{"line":68,"column":2}},"13":{"start":{"line":41,"column":4},"end":{"line":66,"column":null}},"14":{"start":{"line":43,"column":8},"end":{"line":43,"column":null}},"15":{"start":{"line":46,"column":8},"end":{"line":46,"column":null}},"16":{"start":{"line":47,"column":8},"end":{"line":47,"column":null}},"17":{"start":{"line":50,"column":8},"end":{"line":50,"column":null}},"18":{"start":{"line":51,"column":8},"end":{"line":51,"column":null}},"19":{"start":{"line":54,"column":8},"end":{"line":54,"column":null}},"20":{"start":{"line":57,"column":22},"end":{"line":59,"column":9}},"21":{"start":{"line":58,"column":20},"end":{"line":58,"column":null}},"22":{"start":{"line":60,"column":8},"end":{"line":60,"column":null}},"23":{"start":{"line":60,"column":26},"end":{"line":60,"column":null}},"24":{"start":{"line":63,"column":8},"end":{"line":65,"column":null}},"25":{"start":{"line":64,"column":20},"end":{"line":64,"column":null}}},"fnMap":{"0":{"name":"(anonymous_0)","decl":{"start":{"line":9,"column":60},"end":{"line":9,"column":65}},"loc":{"start":{"line":9,"column":72},"end":{"line":12,"column":1}},"line":9},"1":{"name":"(anonymous_1)","decl":{"start":{"line":14,"column":57},"end":{"line":14,"column":62}},"loc":{"start":{"line":14,"column":77},"end":{"line":17,"column":1}},"line":14},"2":{"name":"(anonymous_2)","decl":{"start":{"line":21,"column":2},"end":{"line":21,"column":7}},"loc":{"start":{"line":21,"column":30},"end":{"line":24,"column":null}},"line":21},"3":{"name":"(anonymous_3)","decl":{"start":{"line":27,"column":60},"end":{"line":27,"column":65}},"loc":{"start":{"line":27,"column":74},"end":{"line":30,"column":1}},"line":27},"4":{"name":"(anonymous_4)","decl":{"start":{"line":40,"column":17},"end":{"line":40,"column":18}},"loc":{"start":{"line":40,"column":30},"end":{"line":67,"column":3}},"line":40},"5":{"name":"(anonymous_5)","decl":{"start":{"line":42,"column":36},"end":{"line":42,"column":37}},"loc":{"start":{"line":42,"column":47},"end":{"line":44,"column":7}},"line":42},"6":{"name":"(anonymous_6)","decl":{"start":{"line":45,"column":38},"end":{"line":45,"column":39}},"loc":{"start":{"line":45,"column":57},"end":{"line":48,"column":7}},"line":45},"7":{"name":"(anonymous_7)","decl":{"start":{"line":49,"column":37},"end":{"line":49,"column":38}},"loc":{"start":{"line":49,"column":56},"end":{"line":52,"column":7}},"line":49},"8":{"name":"(anonymous_8)","decl":{"start":{"line":53,"column":34},"end":{"line":53,"column":35}},"loc":{"start":{"line":53,"column":53},"end":{"line":55,"column":7}},"line":53},"9":{"name":"(anonymous_9)","decl":{"start":{"line":56,"column":35},"end":{"line":56,"column":36}},"loc":{"start":{"line":56,"column":54},"end":{"line":61,"column":7}},"line":56},"10":{"name":"(anonymous_10)","decl":{"start":{"line":58,"column":10},"end":{"line":58,"column":11}},"loc":{"start":{"line":58,"column":20},"end":{"line":58,"column":null}},"line":58},"11":{"name":"(anonymous_11)","decl":{"start":{"line":62,"column":37},"end":{"line":62,"column":38}},"loc":{"start":{"line":62,"column":56},"end":{"line":66,"column":7}},"line":62},"12":{"name":"(anonymous_12)","decl":{"start":{"line":64,"column":10},"end":{"line":64,"column":11}},"loc":{"start":{"line":64,"column":20},"end":{"line":64,"column":null}},"line":64}},"branchMap":{"0":{"loc":{"start":{"line":60,"column":8},"end":{"line":60,"column":null}},"type":"if","locations":[{"start":{"line":60,"column":8},"end":{"line":60,"column":null}},{"start":{},"end":{}}],"line":60}},"s":{"0":4,"1":1,"2":1,"3":4,"4":1,"5":1,"6":4,"7":1,"8":1,"9":4,"10":1,"11":1,"12":4,"13":1,"14":1,"15":1,"16":1,"17":0,"18":0,"19":1,"20":1,"21":1,"22":1,"23":1,"24":1,"25":1},"f":{"0":1,"1":1,"2":1,"3":1,"4":1,"5":1,"6":1,"7":0,"8":1,"9":1,"10":1,"11":1,"12":1},"b":{"0":[1,0]},"meta":{"lastBranch":1,"lastFunction":13,"lastStatement":26,"seen":{"s:9:26:12:2":0,"f:9:60:9:65":0,"s:10:19:10:36":1,"s:11:2:11:Infinity":2,"s:14:22:17:2":3,"f:14:57:14:62":1,"s:15:19:15:47":4,"s:16:2:16:Infinity":5,"s:19:23:25:1":6,"f:21:2:21:7":2,"s:22:21:22:53":7,"s:23:4:23:Infinity":8,"s:27:25:30:2":9,"f:27:60:27:65":3,"s:28:2:28:Infinity":10,"s:29:2:29:Infinity":11,"s:32:17:68:2":12,"f:40:17:40:18":4,"s:41:4:66:Infinity":13,"f:42:36:42:37":5,"s:43:8:43:Infinity":14,"f:45:38:45:39":6,"s:46:8:46:Infinity":15,"s:47:8:47:Infinity":16,"f:49:37:49:38":7,"s:50:8:50:Infinity":17,"s:51:8:51:Infinity":18,"f:53:34:53:35":8,"s:54:8:54:Infinity":19,"f:56:35:56:36":9,"s:57:22:59:9":20,"f:58:10:58:11":10,"s:58:20:58:Infinity":21,"b:60:8:60:Infinity:undefined:undefined:undefined:undefined":0,"s:60:8:60:Infinity":22,"s:60:26:60:Infinity":23,"f:62:37:62:38":11,"s:63:8:65:Infinity":24,"f:64:10:64:11":12,"s:64:20:64:Infinity":25}}}
,"/home/debian/Website/final-project-analisis-pengujian-sistem-if7a-ahmad-fajrul-ulum/Admin/src/app/data/iklanSlice.js": {"path":"/home/debian/Website/final-project-analisis-pengujian-sistem-if7a-ahmad-fajrul-ulum/Admin/src/app/data/iklanSlice.js","statementMap":{"0":{"start":{"line":9,"column":25},"end":{"line":12,"column":2}},"1":{"start":{"line":10,"column":19},"end":{"line":10,"column":35}},"2":{"start":{"line":11,"column":2},"end":{"line":11,"column":null}},"3":{"start":{"line":14,"column":23},"end":{"line":17,"column":2}},"4":{"start":{"line":15,"column":19},"end":{"line":15,"column":46}},"5":{"start":{"line":16,"column":2},"end":{"line":16,"column":null}},"6":{"start":{"line":19,"column":24},"end":{"line":25,"column":1}},"7":{"start":{"line":22,"column":21},"end":{"line":22,"column":52}},"8":{"start":{"line":23,"column":4},"end":{"line":23,"column":null}},"9":{"start":{"line":27,"column":26},"end":{"line":30,"column":2}},"10":{"start":{"line":28,"column":2},"end":{"line":28,"column":null}},"11":{"start":{"line":29,"column":2},"end":{"line":29,"column":null}},"12":{"start":{"line":32,"column":18},"end":{"line":66,"column":2}},"13":{"start":{"line":41,"column":4},"end":{"line":64,"column":null}},"14":{"start":{"line":43,"column":8},"end":{"line":43,"column":null}},"15":{"start":{"line":46,"column":8},"end":{"line":46,"column":null}},"16":{"start":{"line":47,"column":8},"end":{"line":47,"column":null}},"17":{"start":{"line":50,"column":8},"end":{"line":50,"column":null}},"18":{"start":{"line":51,"column":8},"end":{"line":51,"column":null}},"19":{"start":{"line":54,"column":8},"end":{"line":54,"column":null}},"20":{"start":{"line":57,"column":22},"end":{"line":59,"column":9}},"21":{"start":{"line":58,"column":20},"end":{"line":58,"column":null}},"22":{"start":{"line":60,"column":8},"end":{"line":60,"column":null}},"23":{"start":{"line":60,"column":26},"end":{"line":60,"column":null}},"24":{"start":{"line":63,"column":8},"end":{"line":63,"column":null}},"25":{"start":{"line":63,"column":51},"end":{"line":63,"column":78}}},"fnMap":{"0":{"name":"(anonymous_0)","decl":{"start":{"line":9,"column":58},"end":{"line":9,"column":63}},"loc":{"start":{"line":9,"column":70},"end":{"line":12,"column":1}},"line":9},"1":{"name":"(anonymous_1)","decl":{"start":{"line":14,"column":57},"end":{"line":14,"column":62}},"loc":{"start":{"line":14,"column":77},"end":{"line":17,"column":1}},"line":14},"2":{"name":"(anonymous_2)","decl":{"start":{"line":21,"column":2},"end":{"line":21,"column":7}},"loc":{"start":{"line":21,"column":30},"end":{"line":24,"column":null}},"line":21},"3":{"name":"(anonymous_3)","decl":{"start":{"line":27,"column":60},"end":{"line":27,"column":65}},"loc":{"start":{"line":27,"column":74},"end":{"line":30,"column":1}},"line":27},"4":{"name":"(anonymous_4)","decl":{"start":{"line":40,"column":17},"end":{"line":40,"column":18}},"loc":{"start":{"line":40,"column":30},"end":{"line":65,"column":3}},"line":40},"5":{"name":"(anonymous_5)","decl":{"start":{"line":42,"column":35},"end":{"line":42,"column":36}},"loc":{"start":{"line":42,"column":46},"end":{"line":44,"column":7}},"line":42},"6":{"name":"(anonymous_6)","decl":{"start":{"line":45,"column":37},"end":{"line":45,"column":38}},"loc":{"start":{"line":45,"column":56},"end":{"line":48,"column":7}},"line":45},"7":{"name":"(anonymous_7)","decl":{"start":{"line":49,"column":36},"end":{"line":49,"column":37}},"loc":{"start":{"line":49,"column":55},"end":{"line":52,"column":7}},"line":49},"8":{"name":"(anonymous_8)","decl":{"start":{"line":53,"column":35},"end":{"line":53,"column":36}},"loc":{"start":{"line":53,"column":54},"end":{"line":55,"column":7}},"line":53},"9":{"name":"(anonymous_9)","decl":{"start":{"line":56,"column":36},"end":{"line":56,"column":37}},"loc":{"start":{"line":56,"column":55},"end":{"line":61,"column":7}},"line":56},"10":{"name":"(anonymous_10)","decl":{"start":{"line":58,"column":10},"end":{"line":58,"column":11}},"loc":{"start":{"line":58,"column":20},"end":{"line":58,"column":null}},"line":58},"11":{"name":"(anonymous_11)","decl":{"start":{"line":62,"column":38},"end":{"line":62,"column":39}},"loc":{"start":{"line":62,"column":57},"end":{"line":64,"column":7}},"line":62},"12":{"name":"(anonymous_12)","decl":{"start":{"line":63,"column":41},"end":{"line":63,"column":42}},"loc":{"start":{"line":63,"column":51},"end":{"line":63,"column":78}},"line":63}},"branchMap":{"0":{"loc":{"start":{"line":60,"column":8},"end":{"line":60,"column":null}},"type":"if","locations":[{"start":{"line":60,"column":8},"end":{"line":60,"column":null}},{"start":{},"end":{}}],"line":60}},"s":{"0":3,"1":1,"2":1,"3":3,"4":1,"5":1,"6":3,"7":0,"8":0,"9":3,"10":1,"11":1,"12":3,"13":1,"14":1,"15":1,"16":1,"17":0,"18":0,"19":1,"20":0,"21":0,"22":0,"23":0,"24":1,"25":1},"f":{"0":1,"1":1,"2":0,"3":1,"4":1,"5":1,"6":1,"7":0,"8":1,"9":0,"10":0,"11":1,"12":1},"b":{"0":[0,0]},"meta":{"lastBranch":1,"lastFunction":13,"lastStatement":26,"seen":{"s:9:25:12:2":0,"f:9:58:9:63":0,"s:10:19:10:35":1,"s:11:2:11:Infinity":2,"s:14:23:17:2":3,"f:14:57:14:62":1,"s:15:19:15:46":4,"s:16:2:16:Infinity":5,"s:19:24:25:1":6,"f:21:2:21:7":2,"s:22:21:22:52":7,"s:23:4:23:Infinity":8,"s:27:26:30:2":9,"f:27:60:27:65":3,"s:28:2:28:Infinity":10,"s:29:2:29:Infinity":11,"s:32:18:66:2":12,"f:40:17:40:18":4,"s:41:4:64:Infinity":13,"f:42:35:42:36":5,"s:43:8:43:Infinity":14,"f:45:37:45:38":6,"s:46:8:46:Infinity":15,"s:47:8:47:Infinity":16,"f:49:36:49:37":7,"s:50:8:50:Infinity":17,"s:51:8:51:Infinity":18,"f:53:35:53:36":8,"s:54:8:54:Infinity":19,"f:56:36:56:37":9,"s:57:22:59:9":20,"f:58:10:58:11":10,"s:58:20:58:Infinity":21,"b:60:8:60:Infinity:undefined:undefined:undefined:undefined":0,"s:60:8:60:Infinity":22,"s:60:26:60:Infinity":23,"f:62:38:62:39":11,"s:63:8:63:Infinity":24,"f:63:41:63:42":12,"s:63:51:63:78":25}}}
,"/home/debian/Website/final-project-analisis-pengujian-sistem-if7a-ahmad-fajrul-ulum/Admin/src/app/data/logoPTSlice.js": {"path":"/home/debian/Website/final-project-analisis-pengujian-sistem-if7a-ahmad-fajrul-ulum/Admin/src/app/data/logoPTSlice.js","statementMap":{"0":{"start":{"line":9,"column":27},"end":{"line":12,"column":2}},"1":{"start":{"line":10,"column":19},"end":{"line":10,"column":37}},"2":{"start":{"line":11,"column":2},"end":{"line":11,"column":null}},"3":{"start":{"line":14,"column":24},"end":{"line":20,"column":1}},"4":{"start":{"line":17,"column":21},"end":{"line":17,"column":49}},"5":{"start":{"line":18,"column":4},"end":{"line":18,"column":null}},"6":{"start":{"line":22,"column":25},"end":{"line":28,"column":1}},"7":{"start":{"line":25,"column":21},"end":{"line":25,"column":53}},"8":{"start":{"line":26,"column":4},"end":{"line":26,"column":null}},"9":{"start":{"line":30,"column":27},"end":{"line":33,"column":2}},"10":{"start":{"line":31,"column":2},"end":{"line":31,"column":null}},"11":{"start":{"line":32,"column":2},"end":{"line":32,"column":null}},"12":{"start":{"line":35,"column":19},"end":{"line":71,"column":2}},"13":{"start":{"line":44,"column":4},"end":{"line":69,"column":null}},"14":{"start":{"line":46,"column":8},"end":{"line":46,"column":null}},"15":{"start":{"line":49,"column":8},"end":{"line":49,"column":null}},"16":{"start":{"line":50,"column":8},"end":{"line":50,"column":null}},"17":{"start":{"line":53,"column":8},"end":{"line":53,"column":null}},"18":{"start":{"line":54,"column":8},"end":{"line":54,"column":null}},"19":{"start":{"line":57,"column":8},"end":{"line":57,"column":null}},"20":{"start":{"line":60,"column":22},"end":{"line":62,"column":9}},"21":{"start":{"line":61,"column":20},"end":{"line":61,"column":null}},"22":{"start":{"line":63,"column":8},"end":{"line":63,"column":null}},"23":{"start":{"line":63,"column":26},"end":{"line":63,"column":null}},"24":{"start":{"line":66,"column":8},"end":{"line":68,"column":null}},"25":{"start":{"line":67,"column":20},"end":{"line":67,"column":null}}},"fnMap":{"0":{"name":"(anonymous_0)","decl":{"start":{"line":9,"column":62},"end":{"line":9,"column":67}},"loc":{"start":{"line":9,"column":74},"end":{"line":12,"column":1}},"line":9},"1":{"name":"(anonymous_1)","decl":{"start":{"line":16,"column":2},"end":{"line":16,"column":7}},"loc":{"start":{"line":16,"column":22},"end":{"line":19,"column":null}},"line":16},"2":{"name":"(anonymous_2)","decl":{"start":{"line":24,"column":2},"end":{"line":24,"column":7}},"loc":{"start":{"line":24,"column":30},"end":{"line":27,"column":null}},"line":24},"3":{"name":"(anonymous_3)","decl":{"start":{"line":30,"column":63},"end":{"line":30,"column":68}},"loc":{"start":{"line":30,"column":77},"end":{"line":33,"column":1}},"line":30},"4":{"name":"(anonymous_4)","decl":{"start":{"line":43,"column":17},"end":{"line":43,"column":18}},"loc":{"start":{"line":43,"column":30},"end":{"line":70,"column":3}},"line":43},"5":{"name":"(anonymous_5)","decl":{"start":{"line":45,"column":37},"end":{"line":45,"column":38}},"loc":{"start":{"line":45,"column":48},"end":{"line":47,"column":7}},"line":45},"6":{"name":"(anonymous_6)","decl":{"start":{"line":48,"column":39},"end":{"line":48,"column":40}},"loc":{"start":{"line":48,"column":58},"end":{"line":51,"column":7}},"line":48},"7":{"name":"(anonymous_7)","decl":{"start":{"line":52,"column":38},"end":{"line":52,"column":39}},"loc":{"start":{"line":52,"column":57},"end":{"line":55,"column":7}},"line":52},"8":{"name":"(anonymous_8)","decl":{"start":{"line":56,"column":36},"end":{"line":56,"column":37}},"loc":{"start":{"line":56,"column":55},"end":{"line":58,"column":7}},"line":56},"9":{"name":"(anonymous_9)","decl":{"start":{"line":59,"column":37},"end":{"line":59,"column":38}},"loc":{"start":{"line":59,"column":56},"end":{"line":64,"column":7}},"line":59},"10":{"name":"(anonymous_10)","decl":{"start":{"line":61,"column":10},"end":{"line":61,"column":11}},"loc":{"start":{"line":61,"column":20},"end":{"line":61,"column":null}},"line":61},"11":{"name":"(anonymous_11)","decl":{"start":{"line":65,"column":39},"end":{"line":65,"column":40}},"loc":{"start":{"line":65,"column":58},"end":{"line":69,"column":7}},"line":65},"12":{"name":"(anonymous_12)","decl":{"start":{"line":67,"column":10},"end":{"line":67,"column":11}},"loc":{"start":{"line":67,"column":20},"end":{"line":67,"column":null}},"line":67}},"branchMap":{"0":{"loc":{"start":{"line":63,"column":8},"end":{"line":63,"column":null}},"type":"if","locations":[{"start":{"line":63,"column":8},"end":{"line":63,"column":null}},{"start":{},"end":{}}],"line":63}},"s":{"0":3,"1":1,"2":1,"3":3,"4":1,"5":1,"6":3,"7":0,"8":0,"9":3,"10":1,"11":1,"12":3,"13":1,"14":1,"15":1,"16":1,"17":0,"18":0,"19":1,"20":0,"21":0,"22":0,"23":0,"24":1,"25":1},"f":{"0":1,"1":1,"2":0,"3":1,"4":1,"5":1,"6":1,"7":0,"8":1,"9":0,"10":0,"11":1,"12":1},"b":{"0":[0,0]},"meta":{"lastBranch":1,"lastFunction":13,"lastStatement":26,"seen":{"s:9:27:12:2":0,"f:9:62:9:67":0,"s:10:19:10:37":1,"s:11:2:11:Infinity":2,"s:14:24:20:1":3,"f:16:2:16:7":1,"s:17:21:17:49":4,"s:18:4:18:Infinity":5,"s:22:25:28:1":6,"f:24:2:24:7":2,"s:25:21:25:53":7,"s:26:4:26:Infinity":8,"s:30:27:33:2":9,"f:30:63:30:68":3,"s:31:2:31:Infinity":10,"s:32:2:32:Infinity":11,"s:35:19:71:2":12,"f:43:17:43:18":4,"s:44:4:69:Infinity":13,"f:45:37:45:38":5,"s:46:8:46:Infinity":14,"f:48:39:48:40":6,"s:49:8:49:Infinity":15,"s:50:8:50:Infinity":16,"f:52:38:52:39":7,"s:53:8:53:Infinity":17,"s:54:8:54:Infinity":18,"f:56:36:56:37":8,"s:57:8:57:Infinity":19,"f:59:37:59:38":9,"s:60:22:62:9":20,"f:61:10:61:11":10,"s:61:20:61:Infinity":21,"b:63:8:63:Infinity:undefined:undefined:undefined:undefined":0,"s:63:8:63:Infinity":22,"s:63:26:63:Infinity":23,"f:65:39:65:40":11,"s:66:8:68:Infinity":24,"f:67:10:67:11":12,"s:67:20:67:Infinity":25}}}
,"/home/debian/Website/final-project-analisis-pengujian-sistem-if7a-ahmad-fajrul-ulum/Admin/src/app/data/testimoniSlice.js": {"path":"/home/debian/Website/final-project-analisis-pengujian-sistem-if7a-ahmad-fajrul-ulum/Admin/src/app/data/testimoniSlice.js","statementMap":{"0":{"start":{"line":10,"column":32},"end":{"line":17,"column":1}},"1":{"start":{"line":13,"column":16},"end":{"line":13,"column":39}},"2":{"start":{"line":15,"column":4},"end":{"line":15,"column":null}},"3":{"start":{"line":20,"column":29},"end":{"line":26,"column":1}},"4":{"start":{"line":23,"column":16},"end":{"line":23,"column":49}},"5":{"start":{"line":24,"column":4},"end":{"line":24,"column":39}},"6":{"start":{"line":29,"column":30},"end":{"line":35,"column":1}},"7":{"start":{"line":32,"column":16},"end":{"line":32,"column":53}},"8":{"start":{"line":33,"column":4},"end":{"line":33,"column":null}},"9":{"start":{"line":38,"column":32},"end":{"line":44,"column":1}},"10":{"start":{"line":41,"column":4},"end":{"line":41,"column":null}},"11":{"start":{"line":42,"column":4},"end":{"line":42,"column":null}},"12":{"start":{"line":47,"column":24},"end":{"line":89,"column":2}},"13":{"start":{"line":56,"column":4},"end":{"line":87,"column":null}},"14":{"start":{"line":58,"column":8},"end":{"line":58,"column":null}},"15":{"start":{"line":62,"column":8},"end":{"line":62,"column":null}},"16":{"start":{"line":63,"column":8},"end":{"line":63,"column":null}},"17":{"start":{"line":66,"column":8},"end":{"line":66,"column":null}},"18":{"start":{"line":67,"column":8},"end":{"line":67,"column":null}},"19":{"start":{"line":70,"column":8},"end":{"line":72,"column":null}},"20":{"start":{"line":71,"column":10},"end":{"line":71,"column":null}},"21":{"start":{"line":73,"column":8},"end":{"line":75,"column":null}},"22":{"start":{"line":74,"column":10},"end":{"line":74,"column":null}},"23":{"start":{"line":78,"column":20},"end":{"line":80,"column":9}},"24":{"start":{"line":79,"column":17},"end":{"line":79,"column":null}},"25":{"start":{"line":81,"column":8},"end":{"line":81,"column":null}},"26":{"start":{"line":81,"column":24},"end":{"line":81,"column":null}},"27":{"start":{"line":84,"column":8},"end":{"line":86,"column":null}},"28":{"start":{"line":85,"column":17},"end":{"line":85,"column":null}}},"fnMap":{"0":{"name":"(anonymous_0)","decl":{"start":{"line":12,"column":2},"end":{"line":12,"column":7}},"loc":{"start":{"line":12,"column":14},"end":{"line":16,"column":null}},"line":12},"1":{"name":"(anonymous_1)","decl":{"start":{"line":22,"column":2},"end":{"line":22,"column":7}},"loc":{"start":{"line":22,"column":22},"end":{"line":25,"column":null}},"line":22},"2":{"name":"(anonymous_2)","decl":{"start":{"line":31,"column":2},"end":{"line":31,"column":7}},"loc":{"start":{"line":31,"column":30},"end":{"line":34,"column":null}},"line":31},"3":{"name":"(anonymous_3)","decl":{"start":{"line":40,"column":2},"end":{"line":40,"column":7}},"loc":{"start":{"line":40,"column":16},"end":{"line":43,"column":null}},"line":40},"4":{"name":"(anonymous_4)","decl":{"start":{"line":55,"column":17},"end":{"line":55,"column":18}},"loc":{"start":{"line":55,"column":30},"end":{"line":88,"column":3}},"line":55},"5":{"name":"(anonymous_5)","decl":{"start":{"line":57,"column":42},"end":{"line":57,"column":43}},"loc":{"start":{"line":57,"column":53},"end":{"line":59,"column":7}},"line":57},"6":{"name":"(anonymous_6)","decl":{"start":{"line":60,"column":44},"end":{"line":60,"column":45}},"loc":{"start":{"line":60,"column":63},"end":{"line":64,"column":7}},"line":60},"7":{"name":"(anonymous_7)","decl":{"start":{"line":65,"column":43},"end":{"line":65,"column":44}},"loc":{"start":{"line":65,"column":62},"end":{"line":68,"column":7}},"line":65},"8":{"name":"(anonymous_8)","decl":{"start":{"line":69,"column":41},"end":{"line":69,"column":42}},"loc":{"start":{"line":69,"column":60},"end":{"line":76,"column":7}},"line":69},"9":{"name":"(anonymous_9)","decl":{"start":{"line":77,"column":42},"end":{"line":77,"column":43}},"loc":{"start":{"line":77,"column":61},"end":{"line":82,"column":7}},"line":77},"10":{"name":"(anonymous_10)","decl":{"start":{"line":79,"column":10},"end":{"line":79,"column":11}},"loc":{"start":{"line":79,"column":17},"end":{"line":79,"column":null}},"line":79},"11":{"name":"(anonymous_11)","decl":{"start":{"line":83,"column":44},"end":{"line":83,"column":45}},"loc":{"start":{"line":83,"column":63},"end":{"line":87,"column":7}},"line":83},"12":{"name":"(anonymous_12)","decl":{"start":{"line":85,"column":10},"end":{"line":85,"column":11}},"loc":{"start":{"line":85,"column":17},"end":{"line":85,"column":null}},"line":85}},"branchMap":{"0":{"loc":{"start":{"line":15,"column":11},"end":{"line":15,"column":31}},"type":"binary-expr","locations":[{"start":{"line":15,"column":11},"end":{"line":15,"column":25}},{"start":{"line":15,"column":29},"end":{"line":15,"column":31}}],"line":15},"1":{"loc":{"start":{"line":24,"column":11},"end":{"line":24,"column":38}},"type":"binary-expr","locations":[{"start":{"line":24,"column":11},"end":{"line":24,"column":25}},{"start":{"line":24,"column":29},"end":{"line":24,"column":38}}],"line":24},"2":{"loc":{"start":{"line":33,"column":11},"end":{"line":33,"column":38}},"type":"binary-expr","locations":[{"start":{"line":33,"column":11},"end":{"line":33,"column":25}},{"start":{"line":33,"column":29},"end":{"line":33,"column":38}}],"line":33},"3":{"loc":{"start":{"line":70,"column":8},"end":{"line":72,"column":null}},"type":"if","locations":[{"start":{"line":70,"column":8},"end":{"line":72,"column":null}},{"start":{},"end":{}}],"line":70},"4":{"loc":{"start":{"line":73,"column":8},"end":{"line":75,"column":null}},"type":"if","locations":[{"start":{"line":73,"column":8},"end":{"line":75,"column":null}},{"start":{},"end":{}}],"line":73},"5":{"loc":{"start":{"line":81,"column":8},"end":{"line":81,"column":null}},"type":"if","locations":[{"start":{"line":81,"column":8},"end":{"line":81,"column":null}},{"start":{},"end":{}}],"line":81}},"s":{"0":4,"1":1,"2":1,"3":4,"4":1,"5":1,"6":4,"7":1,"8":1,"9":4,"10":1,"11":1,"12":4,"13":1,"14":1,"15":1,"16":1,"17":0,"18":0,"19":1,"20":0,"21":1,"22":1,"23":1,"24":1,"25":1,"26":1,"27":1,"28":1},"f":{"0":1,"1":1,"2":1,"3":1,"4":1,"5":1,"6":1,"7":0,"8":1,"9":1,"10":1,"11":1,"12":1},"b":{"0":[1,0],"1":[1,0],"2":[1,0],"3":[0,1],"4":[1,0],"5":[1,0]},"meta":{"lastBranch":6,"lastFunction":13,"lastStatement":29,"seen":{"s:10:32:17:1":0,"f:12:2:12:7":0,"s:13:16:13:39":1,"s:15:4:15:Infinity":2,"b:15:11:15:25:15:29:15:31":0,"s:20:29:26:1":3,"f:22:2:22:7":1,"s:23:16:23:49":4,"s:24:4:24:39":5,"b:24:11:24:25:24:29:24:38":1,"s:29:30:35:1":6,"f:31:2:31:7":2,"s:32:16:32:53":7,"s:33:4:33:Infinity":8,"b:33:11:33:25:33:29:33:38":2,"s:38:32:44:1":9,"f:40:2:40:7":3,"s:41:4:41:Infinity":10,"s:42:4:42:Infinity":11,"s:47:24:89:2":12,"f:55:17:55:18":4,"s:56:4:87:Infinity":13,"f:57:42:57:43":5,"s:58:8:58:Infinity":14,"f:60:44:60:45":6,"s:62:8:62:Infinity":15,"s:63:8:63:Infinity":16,"f:65:43:65:44":7,"s:66:8:66:Infinity":17,"s:67:8:67:Infinity":18,"f:69:41:69:42":8,"b:70:8:72:Infinity:undefined:undefined:undefined:undefined":3,"s:70:8:72:Infinity":19,"s:71:10:71:Infinity":20,"b:73:8:75:Infinity:undefined:undefined:undefined:undefined":4,"s:73:8:75:Infinity":21,"s:74:10:74:Infinity":22,"f:77:42:77:43":9,"s:78:20:80:9":23,"f:79:10:79:11":10,"s:79:17:79:Infinity":24,"b:81:8:81:Infinity:undefined:undefined:undefined:undefined":5,"s:81:8:81:Infinity":25,"s:81:24:81:Infinity":26,"f:83:44:83:45":11,"s:84:8:86:Infinity":27,"f:85:10:85:11":12,"s:85:17:85:Infinity":28}}}
,"/home/debian/Website/final-project-analisis-pengujian-sistem-if7a-ahmad-fajrul-ulum/Admin/src/app/service/api.js": {"path":"/home/debian/Website/final-project-analisis-pengujian-sistem-if7a-ahmad-fajrul-ulum/Admin/src/app/service/api.js","statementMap":{"0":{"start":{"line":5,"column":16},"end":{"line":5,"column":18}},"1":{"start":{"line":8,"column":25},"end":{"line":20,"column":1}},"2":{"start":{"line":9,"column":26},"end":{"line":9,"column":81}},"3":{"start":{"line":10,"column":18},"end":{"line":10,"column":57}},"4":{"start":{"line":12,"column":2},"end":{"line":12,"column":null}},"5":{"start":{"line":13,"column":2},"end":{"line":13,"column":null}},"6":{"start":{"line":15,"column":19},"end":{"line":17,"column":4}},"7":{"start":{"line":19,"column":2},"end":{"line":19,"column":null}},"8":{"start":{"line":22,"column":25},"end":{"line":26,"column":1}},"9":{"start":{"line":23,"column":19},"end":{"line":23,"column":64}},"10":{"start":{"line":25,"column":2},"end":{"line":25,"column":null}},"11":{"start":{"line":28,"column":26},"end":{"line":31,"column":1}},"12":{"start":{"line":29,"column":19},"end":{"line":29,"column":69}},"13":{"start":{"line":30,"column":2},"end":{"line":30,"column":null}},"14":{"start":{"line":33,"column":24},"end":{"line":38,"column":1}},"15":{"start":{"line":34,"column":19},"end":{"line":36,"column":4}},"16":{"start":{"line":37,"column":2},"end":{"line":37,"column":null}},"17":{"start":{"line":40,"column":30},"end":{"line":45,"column":1}},"18":{"start":{"line":41,"column":19},"end":{"line":43,"column":4}},"19":{"start":{"line":44,"column":2},"end":{"line":44,"column":null}},"20":{"start":{"line":47,"column":29},"end":{"line":53,"column":1}},"21":{"start":{"line":48,"column":19},"end":{"line":51,"column":4}},"22":{"start":{"line":52,"column":2},"end":{"line":52,"column":null}},"23":{"start":{"line":55,"column":27},"end":{"line":66,"column":1}},"24":{"start":{"line":56,"column":19},"end":{"line":64,"column":3}},"25":{"start":{"line":65,"column":2},"end":{"line":65,"column":null}},"26":{"start":{"line":71,"column":24},"end":{"line":75,"column":1}},"27":{"start":{"line":72,"column":19},"end":{"line":72,"column":61}},"28":{"start":{"line":74,"column":2},"end":{"line":74,"column":null}},"29":{"start":{"line":78,"column":27},"end":{"line":81,"column":1}},"30":{"start":{"line":79,"column":19},"end":{"line":79,"column":67}},"31":{"start":{"line":80,"column":2},"end":{"line":80,"column":null}},"32":{"start":{"line":84,"column":26},"end":{"line":95,"column":1}},"33":{"start":{"line":85,"column":19},"end":{"line":93,"column":3}},"34":{"start":{"line":94,"column":2},"end":{"line":94,"column":null}},"35":{"start":{"line":98,"column":26},"end":{"line":109,"column":1}},"36":{"start":{"line":99,"column":19},"end":{"line":107,"column":3}},"37":{"start":{"line":108,"column":2},"end":{"line":108,"column":null}},"38":{"start":{"line":112,"column":26},"end":{"line":115,"column":1}},"39":{"start":{"line":113,"column":19},"end":{"line":113,"column":77}},"40":{"start":{"line":114,"column":2},"end":{"line":114,"column":null}},"41":{"start":{"line":120,"column":31},"end":{"line":124,"column":1}},"42":{"start":{"line":121,"column":19},"end":{"line":121,"column":66}},"43":{"start":{"line":123,"column":2},"end":{"line":123,"column":null}},"44":{"start":{"line":127,"column":33},"end":{"line":138,"column":1}},"45":{"start":{"line":128,"column":19},"end":{"line":136,"column":3}},"46":{"start":{"line":137,"column":2},"end":{"line":137,"column":null}},"47":{"start":{"line":141,"column":33},"end":{"line":152,"column":1}},"48":{"start":{"line":142,"column":19},"end":{"line":150,"column":3}},"49":{"start":{"line":151,"column":2},"end":{"line":151,"column":null}},"50":{"start":{"line":155,"column":33},"end":{"line":160,"column":1}},"51":{"start":{"line":156,"column":19},"end":{"line":158,"column":3}},"52":{"start":{"line":159,"column":2},"end":{"line":159,"column":null}},"53":{"start":{"line":165,"column":25},"end":{"line":169,"column":1}},"54":{"start":{"line":166,"column":19},"end":{"line":166,"column":61}},"55":{"start":{"line":168,"column":2},"end":{"line":168,"column":null}},"56":{"start":{"line":172,"column":28},"end":{"line":183,"column":1}},"57":{"start":{"line":173,"column":19},"end":{"line":181,"column":3}},"58":{"start":{"line":182,"column":2},"end":{"line":182,"column":null}},"59":{"start":{"line":186,"column":28},"end":{"line":197,"column":1}},"60":{"start":{"line":187,"column":19},"end":{"line":195,"column":3}},"61":{"start":{"line":196,"column":2},"end":{"line":196,"column":null}},"62":{"start":{"line":199,"column":28},"end":{"line":202,"column":1}},"63":{"start":{"line":200,"column":19},"end":{"line":200,"column":77}},"64":{"start":{"line":201,"column":2},"end":{"line":201,"column":null}},"65":{"start":{"line":207,"column":24},"end":{"line":211,"column":1}},"66":{"start":{"line":208,"column":19},"end":{"line":208,"column":62}},"67":{"start":{"line":210,"column":2},"end":{"line":210,"column":null}},"68":{"start":{"line":214,"column":27},"end":{"line":225,"column":1}},"69":{"start":{"line":215,"column":19},"end":{"line":223,"column":3}},"70":{"start":{"line":224,"column":2},"end":{"line":224,"column":null}},"71":{"start":{"line":228,"column":27},"end":{"line":240,"column":1}},"72":{"start":{"line":229,"column":19},"end":{"line":237,"column":3}},"73":{"start":{"line":239,"column":2},"end":{"line":239,"column":null}},"74":{"start":{"line":243,"column":27},"end":{"line":246,"column":1}},"75":{"start":{"line":244,"column":19},"end":{"line":244,"column":78}},"76":{"start":{"line":245,"column":2},"end":{"line":245,"column":null}},"77":{"start":{"line":251,"column":26},"end":{"line":255,"column":1}},"78":{"start":{"line":252,"column":19},"end":{"line":252,"column":63}},"79":{"start":{"line":254,"column":2},"end":{"line":254,"column":null}},"80":{"start":{"line":258,"column":28},"end":{"line":269,"column":1}},"81":{"start":{"line":259,"column":19},"end":{"line":267,"column":3}},"82":{"start":{"line":268,"column":2},"end":{"line":268,"column":null}},"83":{"start":{"line":272,"column":28},"end":{"line":283,"column":1}},"84":{"start":{"line":273,"column":19},"end":{"line":281,"column":3}},"85":{"start":{"line":282,"column":2},"end":{"line":282,"column":null}},"86":{"start":{"line":286,"column":28},"end":{"line":289,"column":1}},"87":{"start":{"line":287,"column":19},"end":{"line":287,"column":79}},"88":{"start":{"line":288,"column":2},"end":{"line":288,"column":null}}},"fnMap":{"0":{"name":"(anonymous_0)","decl":{"start":{"line":8,"column":25},"end":{"line":8,"column":30}},"loc":{"start":{"line":8,"column":52},"end":{"line":20,"column":1}},"line":8},"1":{"name":"(anonymous_1)","decl":{"start":{"line":22,"column":25},"end":{"line":22,"column":30}},"loc":{"start":{"line":22,"column":37},"end":{"line":26,"column":1}},"line":22},"2":{"name":"(anonymous_2)","decl":{"start":{"line":28,"column":26},"end":{"line":28,"column":31}},"loc":{"start":{"line":28,"column":38},"end":{"line":31,"column":1}},"line":28},"3":{"name":"(anonymous_3)","decl":{"start":{"line":33,"column":24},"end":{"line":33,"column":29}},"loc":{"start":{"line":33,"column":40},"end":{"line":38,"column":1}},"line":33},"4":{"name":"(anonymous_4)","decl":{"start":{"line":40,"column":30},"end":{"line":40,"column":35}},"loc":{"start":{"line":40,"column":47},"end":{"line":45,"column":1}},"line":40},"5":{"name":"(anonymous_5)","decl":{"start":{"line":47,"column":29},"end":{"line":47,"column":34}},"loc":{"start":{"line":47,"column":56},"end":{"line":53,"column":1}},"line":47},"6":{"name":"(anonymous_6)","decl":{"start":{"line":55,"column":27},"end":{"line":55,"column":32}},"loc":{"start":{"line":55,"column":47},"end":{"line":66,"column":1}},"line":55},"7":{"name":"(anonymous_7)","decl":{"start":{"line":71,"column":24},"end":{"line":71,"column":29}},"loc":{"start":{"line":71,"column":36},"end":{"line":75,"column":1}},"line":71},"8":{"name":"(anonymous_8)","decl":{"start":{"line":78,"column":27},"end":{"line":78,"column":32}},"loc":{"start":{"line":78,"column":41},"end":{"line":81,"column":1}},"line":78},"9":{"name":"(anonymous_9)","decl":{"start":{"line":84,"column":26},"end":{"line":84,"column":31}},"loc":{"start":{"line":84,"column":46},"end":{"line":95,"column":1}},"line":84},"10":{"name":"(anonymous_10)","decl":{"start":{"line":98,"column":26},"end":{"line":98,"column":31}},"loc":{"start":{"line":98,"column":50},"end":{"line":109,"column":1}},"line":98},"11":{"name":"(anonymous_11)","decl":{"start":{"line":112,"column":26},"end":{"line":112,"column":31}},"loc":{"start":{"line":112,"column":40},"end":{"line":115,"column":1}},"line":112},"12":{"name":"(anonymous_12)","decl":{"start":{"line":120,"column":31},"end":{"line":120,"column":36}},"loc":{"start":{"line":120,"column":43},"end":{"line":124,"column":1}},"line":120},"13":{"name":"(anonymous_13)","decl":{"start":{"line":127,"column":33},"end":{"line":127,"column":38}},"loc":{"start":{"line":127,"column":53},"end":{"line":138,"column":1}},"line":127},"14":{"name":"(anonymous_14)","decl":{"start":{"line":141,"column":33},"end":{"line":141,"column":38}},"loc":{"start":{"line":141,"column":57},"end":{"line":152,"column":1}},"line":141},"15":{"name":"(anonymous_15)","decl":{"start":{"line":155,"column":33},"end":{"line":155,"column":38}},"loc":{"start":{"line":155,"column":47},"end":{"line":160,"column":1}},"line":155},"16":{"name":"(anonymous_16)","decl":{"start":{"line":165,"column":25},"end":{"line":165,"column":30}},"loc":{"start":{"line":165,"column":37},"end":{"line":169,"column":1}},"line":165},"17":{"name":"(anonymous_17)","decl":{"start":{"line":172,"column":28},"end":{"line":172,"column":33}},"loc":{"start":{"line":172,"column":48},"end":{"line":183,"column":1}},"line":172},"18":{"name":"(anonymous_18)","decl":{"start":{"line":186,"column":28},"end":{"line":186,"column":33}},"loc":{"start":{"line":186,"column":52},"end":{"line":197,"column":1}},"line":186},"19":{"name":"(anonymous_19)","decl":{"start":{"line":199,"column":28},"end":{"line":199,"column":33}},"loc":{"start":{"line":199,"column":42},"end":{"line":202,"column":1}},"line":199},"20":{"name":"(anonymous_20)","decl":{"start":{"line":207,"column":24},"end":{"line":207,"column":29}},"loc":{"start":{"line":207,"column":36},"end":{"line":211,"column":1}},"line":207},"21":{"name":"(anonymous_21)","decl":{"start":{"line":214,"column":27},"end":{"line":214,"column":32}},"loc":{"start":{"line":214,"column":47},"end":{"line":225,"column":1}},"line":214},"22":{"name":"(anonymous_22)","decl":{"start":{"line":228,"column":27},"end":{"line":228,"column":32}},"loc":{"start":{"line":228,"column":51},"end":{"line":240,"column":1}},"line":228},"23":{"name":"(anonymous_23)","decl":{"start":{"line":243,"column":27},"end":{"line":243,"column":32}},"loc":{"start":{"line":243,"column":41},"end":{"line":246,"column":1}},"line":243},"24":{"name":"(anonymous_24)","decl":{"start":{"line":251,"column":26},"end":{"line":251,"column":31}},"loc":{"start":{"line":251,"column":38},"end":{"line":255,"column":1}},"line":251},"25":{"name":"(anonymous_25)","decl":{"start":{"line":258,"column":28},"end":{"line":258,"column":33}},"loc":{"start":{"line":258,"column":48},"end":{"line":269,"column":1}},"line":258},"26":{"name":"(anonymous_26)","decl":{"start":{"line":272,"column":28},"end":{"line":272,"column":33}},"loc":{"start":{"line":272,"column":52},"end":{"line":283,"column":1}},"line":272},"27":{"name":"(anonymous_27)","decl":{"start":{"line":286,"column":28},"end":{"line":286,"column":33}},"loc":{"start":{"line":286,"column":42},"end":{"line":289,"column":1}},"line":286}},"branchMap":{},"s":{"0":6,"1":6,"2":0,"3":0,"4":0,"5":0,"6":0,"7":0,"8":6,"9":0,"10":0,"11":6,"12":0,"13":0,"14":6,"15":0,"16":0,"17":6,"18":0,"19":0,"20":6,"21":0,"22":0,"23":6,"24":0,"25":0,"26":6,"27":0,"28":0,"29":6,"30":0,"31":0,"32":6,"33":0,"34":0,"35":6,"36":0,"37":0,"38":6,"39":0,"40":0,"41":6,"42":0,"43":0,"44":6,"45":0,"46":0,"47":6,"48":0,"49":0,"50":6,"51":0,"52":0,"53":6,"54":0,"55":0,"56":6,"57":0,"58":0,"59":6,"60":0,"61":0,"62":6,"63":0,"64":0,"65":6,"66":0,"67":0,"68":6,"69":0,"70":0,"71":6,"72":0,"73":0,"74":6,"75":0,"76":0,"77":6,"78":0,"79":0,"80":6,"81":0,"82":0,"83":6,"84":0,"85":0,"86":6,"87":0,"88":0},"f":{"0":0,"1":0,"2":0,"3":0,"4":0,"5":0,"6":0,"7":0,"8":0,"9":0,"10":0,"11":0,"12":0,"13":0,"14":0,"15":0,"16":0,"17":0,"18":0,"19":0,"20":0,"21":0,"22":0,"23":0,"24":0,"25":0,"26":0,"27":0},"b":{},"meta":{"lastBranch":0,"lastFunction":28,"lastStatement":89,"seen":{"s:5:16:5:18":0,"s:8:25:20:1":1,"f:8:25:8:30":0,"s:9:26:9:81":2,"s:10:18:10:57":3,"s:12:2:12:Infinity":4,"s:13:2:13:Infinity":5,"s:15:19:17:4":6,"s:19:2:19:Infinity":7,"s:22:25:26:1":8,"f:22:25:22:30":1,"s:23:19:23:64":9,"s:25:2:25:Infinity":10,"s:28:26:31:1":11,"f:28:26:28:31":2,"s:29:19:29:69":12,"s:30:2:30:Infinity":13,"s:33:24:38:1":14,"f:33:24:33:29":3,"s:34:19:36:4":15,"s:37:2:37:Infinity":16,"s:40:30:45:1":17,"f:40:30:40:35":4,"s:41:19:43:4":18,"s:44:2:44:Infinity":19,"s:47:29:53:1":20,"f:47:29:47:34":5,"s:48:19:51:4":21,"s:52:2:52:Infinity":22,"s:55:27:66:1":23,"f:55:27:55:32":6,"s:56:19:64:3":24,"s:65:2:65:Infinity":25,"s:71:24:75:1":26,"f:71:24:71:29":7,"s:72:19:72:61":27,"s:74:2:74:Infinity":28,"s:78:27:81:1":29,"f:78:27:78:32":8,"s:79:19:79:67":30,"s:80:2:80:Infinity":31,"s:84:26:95:1":32,"f:84:26:84:31":9,"s:85:19:93:3":33,"s:94:2:94:Infinity":34,"s:98:26:109:1":35,"f:98:26:98:31":10,"s:99:19:107:3":36,"s:108:2:108:Infinity":37,"s:112:26:115:1":38,"f:112:26:112:31":11,"s:113:19:113:77":39,"s:114:2:114:Infinity":40,"s:120:31:124:1":41,"f:120:31:120:36":12,"s:121:19:121:66":42,"s:123:2:123:Infinity":43,"s:127:33:138:1":44,"f:127:33:127:38":13,"s:128:19:136:3":45,"s:137:2:137:Infinity":46,"s:141:33:152:1":47,"f:141:33:141:38":14,"s:142:19:150:3":48,"s:151:2:151:Infinity":49,"s:155:33:160:1":50,"f:155:33:155:38":15,"s:156:19:158:3":51,"s:159:2:159:Infinity":52,"s:165:25:169:1":53,"f:165:25:165:30":16,"s:166:19:166:61":54,"s:168:2:168:Infinity":55,"s:172:28:183:1":56,"f:172:28:172:33":17,"s:173:19:181:3":57,"s:182:2:182:Infinity":58,"s:186:28:197:1":59,"f:186:28:186:33":18,"s:187:19:195:3":60,"s:196:2:196:Infinity":61,"s:199:28:202:1":62,"f:199:28:199:33":19,"s:200:19:200:77":63,"s:201:2:201:Infinity":64,"s:207:24:211:1":65,"f:207:24:207:29":20,"s:208:19:208:62":66,"s:210:2:210:Infinity":67,"s:214:27:225:1":68,"f:214:27:214:32":21,"s:215:19:223:3":69,"s:224:2:224:Infinity":70,"s:228:27:240:1":71,"f:228:27:228:32":22,"s:229:19:237:3":72,"s:239:2:239:Infinity":73,"s:243:27:246:1":74,"f:243:27:243:32":23,"s:244:19:244:78":75,"s:245:2:245:Infinity":76,"s:251:26:255:1":77,"f:251:26:251:31":24,"s:252:19:252:63":78,"s:254:2:254:Infinity":79,"s:258:28:269:1":80,"f:258:28:258:33":25,"s:259:19:267:3":81,"s:268:2:268:Infinity":82,"s:272:28:283:1":83,"f:272:28:272:33":26,"s:273:19:281:3":84,"s:282:2:282:Infinity":85,"s:286:28:289:1":86,"f:286:28:286:33":27,"s:287:19:287:79":87,"s:288:2:288:Infinity":88}}}
,"/home/debian/Website/final-project-analisis-pengujian-sistem-if7a-ahmad-fajrul-ulum/Admin/src/app/service/axios.js": {"path":"/home/debian/Website/final-project-analisis-pengujian-sistem-if7a-ahmad-fajrul-ulum/Admin/src/app/service/axios.js","statementMap":{"0":{"start":{"line":3,"column":22},"end":{"line":6,"column":2}},"1":{"start":{"line":8,"column":0},"end":{"line":17,"column":null}},"2":{"start":{"line":10,"column":18},"end":{"line":10,"column":51}},"3":{"start":{"line":11,"column":4},"end":{"line":13,"column":null}},"4":{"start":{"line":12,"column":6},"end":{"line":12,"column":null}},"5":{"start":{"line":14,"column":4},"end":{"line":14,"column":null}},"6":{"start":{"line":16,"column":13},"end":{"line":16,"column":null}}},"fnMap":{"0":{"name":"(anonymous_0)","decl":{"start":{"line":9,"column":2},"end":{"line":9,"column":3}},"loc":{"start":{"line":9,"column":14},"end":{"line":15,"column":3}},"line":9},"1":{"name":"(anonymous_1)","decl":{"start":{"line":16,"column":2},"end":{"line":16,"column":3}},"loc":{"start":{"line":16,"column":13},"end":{"line":16,"column":null}},"line":16}},"branchMap":{"0":{"loc":{"start":{"line":11,"column":4},"end":{"line":13,"column":null}},"type":"if","locations":[{"start":{"line":11,"column":4},"end":{"line":13,"column":null}},{"start":{},"end":{}}],"line":11}},"s":{"0":6,"1":6,"2":0,"3":0,"4":0,"5":0,"6":0},"f":{"0":0,"1":0},"b":{"0":[0,0]},"meta":{"lastBranch":1,"lastFunction":2,"lastStatement":7,"seen":{"s:3:22:6:2":0,"s:8:0:17:Infinity":1,"f:9:2:9:3":0,"s:10:18:10:51":2,"b:11:4:13:Infinity:undefined:undefined:undefined:undefined":0,"s:11:4:13:Infinity":3,"s:12:6:12:Infinity":4,"s:14:4:14:Infinity":5,"f:16:2:16:3":1,"s:16:13:16:Infinity":6}}}
,"/home/debian/Website/final-project-analisis-pengujian-sistem-if7a-ahmad-fajrul-ulum/Admin/src/app/users/authSlice.js": {"path":"/home/debian/Website/final-project-analisis-pengujian-sistem-if7a-ahmad-fajrul-ulum/Admin/src/app/users/authSlice.js","statementMap":{"0":{"start":{"line":13,"column":20},"end":{"line":24,"column":1}},"1":{"start":{"line":16,"column":4},"end":{"line":22,"column":null}},"2":{"start":{"line":17,"column":6},"end":{"line":17,"column":null}},"3":{"start":{"line":18,"column":19},"end":{"line":18,"column":36}},"4":{"start":{"line":19,"column":6},"end":{"line":19,"column":null}},"5":{"start":{"line":21,"column":6},"end":{"line":21,"column":null}},"6":{"start":{"line":26,"column":20},"end":{"line":34,"column":2}},"7":{"start":{"line":27,"column":2},"end":{"line":33,"column":null}},"8":{"start":{"line":28,"column":17},"end":{"line":28,"column":39}},"9":{"start":{"line":30,"column":4},"end":{"line":30,"column":null}},"10":{"start":{"line":32,"column":4},"end":{"line":32,"column":null}},"11":{"start":{"line":36,"column":26},"end":{"line":46,"column":1}},"12":{"start":{"line":39,"column":4},"end":{"line":44,"column":null}},"13":{"start":{"line":40,"column":19},"end":{"line":40,"column":39}},"14":{"start":{"line":41,"column":6},"end":{"line":41,"column":null}},"15":{"start":{"line":43,"column":6},"end":{"line":43,"column":null}},"16":{"start":{"line":48,"column":29},"end":{"line":58,"column":1}},"17":{"start":{"line":51,"column":4},"end":{"line":56,"column":null}},"18":{"start":{"line":52,"column":23},"end":{"line":52,"column":50}},"19":{"start":{"line":53,"column":6},"end":{"line":53,"column":null}},"20":{"start":{"line":55,"column":6},"end":{"line":55,"column":null}},"21":{"start":{"line":60,"column":28},"end":{"line":70,"column":1}},"22":{"start":{"line":63,"column":4},"end":{"line":68,"column":null}},"23":{"start":{"line":64,"column":23},"end":{"line":64,"column":59}},"24":{"start":{"line":65,"column":6},"end":{"line":65,"column":null}},"25":{"start":{"line":67,"column":6},"end":{"line":67,"column":null}},"26":{"start":{"line":72,"column":28},"end":{"line":82,"column":1}},"27":{"start":{"line":75,"column":4},"end":{"line":80,"column":null}},"28":{"start":{"line":76,"column":23},"end":{"line":76,"column":50}},"29":{"start":{"line":77,"column":6},"end":{"line":77,"column":null}},"30":{"start":{"line":79,"column":6},"end":{"line":79,"column":null}},"31":{"start":{"line":84,"column":21},"end":{"line":91,"column":2}},"32":{"start":{"line":85,"column":2},"end":{"line":90,"column":null}},"33":{"start":{"line":86,"column":17},"end":{"line":86,"column":35}},"34":{"start":{"line":87,"column":4},"end":{"line":87,"column":null}},"35":{"start":{"line":89,"column":4},"end":{"line":89,"column":null}},"36":{"start":{"line":94,"column":17},"end":{"line":214,"column":2}},"37":{"start":{"line":104,"column":4},"end":{"line":212,"column":null}},"38":{"start":{"line":107,"column":8},"end":{"line":107,"column":null}},"39":{"start":{"line":108,"column":8},"end":{"line":108,"column":null}},"40":{"start":{"line":111,"column":8},"end":{"line":111,"column":null}},"41":{"start":{"line":112,"column":8},"end":{"line":112,"column":null}},"42":{"start":{"line":113,"column":8},"end":{"line":113,"column":null}},"43":{"start":{"line":116,"column":8},"end":{"line":116,"column":null}},"44":{"start":{"line":117,"column":8},"end":{"line":117,"column":null}},"45":{"start":{"line":122,"column":8},"end":{"line":122,"column":null}},"46":{"start":{"line":123,"column":8},"end":{"line":123,"column":null}},"47":{"start":{"line":126,"column":8},"end":{"line":126,"column":null}},"48":{"start":{"line":127,"column":8},"end":{"line":127,"column":null}},"49":{"start":{"line":128,"column":8},"end":{"line":128,"column":null}},"50":{"start":{"line":129,"column":8},"end":{"line":129,"column":33}},"51":{"start":{"line":132,"column":8},"end":{"line":132,"column":null}},"52":{"start":{"line":133,"column":8},"end":{"line":133,"column":null}},"53":{"start":{"line":134,"column":8},"end":{"line":134,"column":null}},"54":{"start":{"line":135,"column":8},"end":{"line":135,"column":33}},"55":{"start":{"line":140,"column":8},"end":{"line":140,"column":null}},"56":{"start":{"line":141,"column":8},"end":{"line":141,"column":null}},"57":{"start":{"line":144,"column":8},"end":{"line":144,"column":null}},"58":{"start":{"line":145,"column":8},"end":{"line":145,"column":null}},"59":{"start":{"line":146,"column":8},"end":{"line":146,"column":null}},"60":{"start":{"line":149,"column":8},"end":{"line":149,"column":null}},"61":{"start":{"line":150,"column":8},"end":{"line":150,"column":null}},"62":{"start":{"line":155,"column":8},"end":{"line":155,"column":null}},"63":{"start":{"line":156,"column":8},"end":{"line":156,"column":null}},"64":{"start":{"line":159,"column":8},"end":{"line":159,"column":null}},"65":{"start":{"line":160,"column":8},"end":{"line":160,"column":null}},"66":{"start":{"line":161,"column":8},"end":{"line":161,"column":null}},"67":{"start":{"line":164,"column":8},"end":{"line":164,"column":null}},"68":{"start":{"line":165,"column":8},"end":{"line":165,"column":null}},"69":{"start":{"line":170,"column":8},"end":{"line":170,"column":null}},"70":{"start":{"line":171,"column":8},"end":{"line":171,"column":null}},"71":{"start":{"line":174,"column":8},"end":{"line":174,"column":null}},"72":{"start":{"line":175,"column":8},"end":{"line":175,"column":null}},"73":{"start":{"line":176,"column":8},"end":{"line":176,"column":null}},"74":{"start":{"line":179,"column":8},"end":{"line":179,"column":null}},"75":{"start":{"line":180,"column":8},"end":{"line":180,"column":null}},"76":{"start":{"line":185,"column":8},"end":{"line":185,"column":null}},"77":{"start":{"line":186,"column":8},"end":{"line":186,"column":null}},"78":{"start":{"line":189,"column":8},"end":{"line":189,"column":null}},"79":{"start":{"line":190,"column":8},"end":{"line":190,"column":null}},"80":{"start":{"line":191,"column":8},"end":{"line":191,"column":null}},"81":{"start":{"line":194,"column":8},"end":{"line":194,"column":null}},"82":{"start":{"line":195,"column":8},"end":{"line":195,"column":null}},"83":{"start":{"line":200,"column":8},"end":{"line":200,"column":null}},"84":{"start":{"line":201,"column":8},"end":{"line":201,"column":null}},"85":{"start":{"line":204,"column":8},"end":{"line":204,"column":null}},"86":{"start":{"line":205,"column":8},"end":{"line":205,"column":null}},"87":{"start":{"line":206,"column":8},"end":{"line":206,"column":null}},"88":{"start":{"line":207,"column":8},"end":{"line":207,"column":33}},"89":{"start":{"line":210,"column":8},"end":{"line":210,"column":null}},"90":{"start":{"line":211,"column":8},"end":{"line":211,"column":null}}},"fnMap":{"0":{"name":"(anonymous_0)","decl":{"start":{"line":15,"column":2},"end":{"line":15,"column":7}},"loc":{"start":{"line":15,"column":35},"end":{"line":23,"column":null}},"line":15},"1":{"name":"(anonymous_1)","decl":{"start":{"line":26,"column":50},"end":{"line":26,"column":55}},"loc":{"start":{"line":26,"column":77},"end":{"line":34,"column":1}},"line":26},"2":{"name":"(anonymous_2)","decl":{"start":{"line":38,"column":2},"end":{"line":38,"column":7}},"loc":{"start":{"line":38,"column":28},"end":{"line":45,"column":null}},"line":38},"3":{"name":"(anonymous_3)","decl":{"start":{"line":50,"column":2},"end":{"line":50,"column":7}},"loc":{"start":{"line":50,"column":29},"end":{"line":57,"column":null}},"line":50},"4":{"name":"(anonymous_4)","decl":{"start":{"line":62,"column":2},"end":{"line":62,"column":7}},"loc":{"start":{"line":62,"column":43},"end":{"line":69,"column":null}},"line":62},"5":{"name":"(anonymous_5)","decl":{"start":{"line":74,"column":2},"end":{"line":74,"column":7}},"loc":{"start":{"line":74,"column":32},"end":{"line":81,"column":null}},"line":74},"6":{"name":"(anonymous_6)","decl":{"start":{"line":84,"column":55},"end":{"line":84,"column":60}},"loc":{"start":{"line":84,"column":78},"end":{"line":91,"column":1}},"line":84},"7":{"name":"(anonymous_7)","decl":{"start":{"line":103,"column":17},"end":{"line":103,"column":18}},"loc":{"start":{"line":103,"column":30},"end":{"line":213,"column":3}},"line":103},"8":{"name":"(anonymous_8)","decl":{"start":{"line":106,"column":30},"end":{"line":106,"column":31}},"loc":{"start":{"line":106,"column":41},"end":{"line":109,"column":7}},"line":106},"9":{"name":"(anonymous_9)","decl":{"start":{"line":110,"column":32},"end":{"line":110,"column":33}},"loc":{"start":{"line":110,"column":51},"end":{"line":114,"column":7}},"line":110},"10":{"name":"(anonymous_10)","decl":{"start":{"line":115,"column":31},"end":{"line":115,"column":32}},"loc":{"start":{"line":115,"column":50},"end":{"line":118,"column":7}},"line":115},"11":{"name":"(anonymous_11)","decl":{"start":{"line":121,"column":30},"end":{"line":121,"column":31}},"loc":{"start":{"line":121,"column":41},"end":{"line":124,"column":7}},"line":121},"12":{"name":"(anonymous_12)","decl":{"start":{"line":125,"column":32},"end":{"line":125,"column":33}},"loc":{"start":{"line":125,"column":51},"end":{"line":130,"column":7}},"line":125},"13":{"name":"(anonymous_13)","decl":{"start":{"line":131,"column":31},"end":{"line":131,"column":32}},"loc":{"start":{"line":131,"column":50},"end":{"line":136,"column":7}},"line":131},"14":{"name":"(anonymous_14)","decl":{"start":{"line":139,"column":36},"end":{"line":139,"column":37}},"loc":{"start":{"line":139,"column":47},"end":{"line":142,"column":7}},"line":139},"15":{"name":"(anonymous_15)","decl":{"start":{"line":143,"column":38},"end":{"line":143,"column":39}},"loc":{"start":{"line":143,"column":57},"end":{"line":147,"column":7}},"line":143},"16":{"name":"(anonymous_16)","decl":{"start":{"line":148,"column":37},"end":{"line":148,"column":38}},"loc":{"start":{"line":148,"column":56},"end":{"line":151,"column":7}},"line":148},"17":{"name":"(anonymous_17)","decl":{"start":{"line":154,"column":39},"end":{"line":154,"column":40}},"loc":{"start":{"line":154,"column":50},"end":{"line":157,"column":7}},"line":154},"18":{"name":"(anonymous_18)","decl":{"start":{"line":158,"column":41},"end":{"line":158,"column":42}},"loc":{"start":{"line":158,"column":60},"end":{"line":162,"column":7}},"line":158},"19":{"name":"(anonymous_19)","decl":{"start":{"line":163,"column":40},"end":{"line":163,"column":41}},"loc":{"start":{"line":163,"column":59},"end":{"line":166,"column":7}},"line":163},"20":{"name":"(anonymous_20)","decl":{"start":{"line":169,"column":38},"end":{"line":169,"column":39}},"loc":{"start":{"line":169,"column":49},"end":{"line":172,"column":7}},"line":169},"21":{"name":"(anonymous_21)","decl":{"start":{"line":173,"column":40},"end":{"line":173,"column":41}},"loc":{"start":{"line":173,"column":59},"end":{"line":177,"column":7}},"line":173},"22":{"name":"(anonymous_22)","decl":{"start":{"line":178,"column":39},"end":{"line":178,"column":40}},"loc":{"start":{"line":178,"column":58},"end":{"line":181,"column":7}},"line":178},"23":{"name":"(anonymous_23)","decl":{"start":{"line":184,"column":38},"end":{"line":184,"column":39}},"loc":{"start":{"line":184,"column":49},"end":{"line":187,"column":7}},"line":184},"24":{"name":"(anonymous_24)","decl":{"start":{"line":188,"column":40},"end":{"line":188,"column":41}},"loc":{"start":{"line":188,"column":59},"end":{"line":192,"column":7}},"line":188},"25":{"name":"(anonymous_25)","decl":{"start":{"line":193,"column":39},"end":{"line":193,"column":40}},"loc":{"start":{"line":193,"column":58},"end":{"line":196,"column":7}},"line":193},"26":{"name":"(anonymous_26)","decl":{"start":{"line":199,"column":31},"end":{"line":199,"column":32}},"loc":{"start":{"line":199,"column":42},"end":{"line":202,"column":7}},"line":199},"27":{"name":"(anonymous_27)","decl":{"start":{"line":203,"column":33},"end":{"line":203,"column":34}},"loc":{"start":{"line":203,"column":44},"end":{"line":208,"column":7}},"line":203},"28":{"name":"(anonymous_28)","decl":{"start":{"line":209,"column":32},"end":{"line":209,"column":33}},"loc":{"start":{"line":209,"column":51},"end":{"line":212,"column":7}},"line":209}},"branchMap":{},"s":{"0":3,"1":0,"2":0,"3":0,"4":0,"5":0,"6":3,"7":0,"8":0,"9":0,"10":0,"11":3,"12":0,"13":0,"14":0,"15":0,"16":3,"17":0,"18":0,"19":0,"20":0,"21":3,"22":0,"23":0,"24":0,"25":0,"26":3,"27":0,"28":0,"29":0,"30":0,"31":3,"32":0,"33":0,"34":0,"35":0,"36":3,"37":0,"38":0,"39":0,"40":0,"41":0,"42":0,"43":0,"44":0,"45":0,"46":0,"47":0,"48":0,"49":0,"50":0,"51":0,"52":0,"53":0,"54":0,"55":0,"56":0,"57":0,"58":0,"59":0,"60":0,"61":0,"62":0,"63":0,"64":0,"65":0,"66":0,"67":0,"68":0,"69":0,"70":0,"71":0,"72":0,"73":0,"74":0,"75":0,"76":0,"77":0,"78":0,"79":0,"80":0,"81":0,"82":0,"83":0,"84":0,"85":0,"86":0,"87":0,"88":0,"89":0,"90":0},"f":{"0":0,"1":0,"2":0,"3":0,"4":0,"5":0,"6":0,"7":0,"8":0,"9":0,"10":0,"11":0,"12":0,"13":0,"14":0,"15":0,"16":0,"17":0,"18":0,"19":0,"20":0,"21":0,"22":0,"23":0,"24":0,"25":0,"26":0,"27":0,"28":0},"b":{},"meta":{"lastBranch":0,"lastFunction":29,"lastStatement":91,"seen":{"s:13:20:24:1":0,"f:15:2:15:7":0,"s:16:4:22:Infinity":1,"s:17:6:17:Infinity":2,"s:18:19:18:36":3,"s:19:6:19:Infinity":4,"s:21:6:21:Infinity":5,"s:26:20:34:2":6,"f:26:50:26:55":1,"s:27:2:33:Infinity":7,"s:28:17:28:39":8,"s:30:4:30:Infinity":9,"s:32:4:32:Infinity":10,"s:36:26:46:1":11,"f:38:2:38:7":2,"s:39:4:44:Infinity":12,"s:40:19:40:39":13,"s:41:6:41:Infinity":14,"s:43:6:43:Infinity":15,"s:48:29:58:1":16,"f:50:2:50:7":3,"s:51:4:56:Infinity":17,"s:52:23:52:50":18,"s:53:6:53:Infinity":19,"s:55:6:55:Infinity":20,"s:60:28:70:1":21,"f:62:2:62:7":4,"s:63:4:68:Infinity":22,"s:64:23:64:59":23,"s:65:6:65:Infinity":24,"s:67:6:67:Infinity":25,"s:72:28:82:1":26,"f:74:2:74:7":5,"s:75:4:80:Infinity":27,"s:76:23:76:50":28,"s:77:6:77:Infinity":29,"s:79:6:79:Infinity":30,"s:84:21:91:2":31,"f:84:55:84:60":6,"s:85:2:90:Infinity":32,"s:86:17:86:35":33,"s:87:4:87:Infinity":34,"s:89:4:89:Infinity":35,"s:94:17:214:2":36,"f:103:17:103:18":7,"s:104:4:212:Infinity":37,"f:106:30:106:31":8,"s:107:8:107:Infinity":38,"s:108:8:108:Infinity":39,"f:110:32:110:33":9,"s:111:8:111:Infinity":40,"s:112:8:112:Infinity":41,"s:113:8:113:Infinity":42,"f:115:31:115:32":10,"s:116:8:116:Infinity":43,"s:117:8:117:Infinity":44,"f:121:30:121:31":11,"s:122:8:122:Infinity":45,"s:123:8:123:Infinity":46,"f:125:32:125:33":12,"s:126:8:126:Infinity":47,"s:127:8:127:Infinity":48,"s:128:8:128:Infinity":49,"s:129:8:129:33":50,"f:131:31:131:32":13,"s:132:8:132:Infinity":51,"s:133:8:133:Infinity":52,"s:134:8:134:Infinity":53,"s:135:8:135:33":54,"f:139:36:139:37":14,"s:140:8:140:Infinity":55,"s:141:8:141:Infinity":56,"f:143:38:143:39":15,"s:144:8:144:Infinity":57,"s:145:8:145:Infinity":58,"s:146:8:146:Infinity":59,"f:148:37:148:38":16,"s:149:8:149:Infinity":60,"s:150:8:150:Infinity":61,"f:154:39:154:40":17,"s:155:8:155:Infinity":62,"s:156:8:156:Infinity":63,"f:158:41:158:42":18,"s:159:8:159:Infinity":64,"s:160:8:160:Infinity":65,"s:161:8:161:Infinity":66,"f:163:40:163:41":19,"s:164:8:164:Infinity":67,"s:165:8:165:Infinity":68,"f:169:38:169:39":20,"s:170:8:170:Infinity":69,"s:171:8:171:Infinity":70,"f:173:40:173:41":21,"s:174:8:174:Infinity":71,"s:175:8:175:Infinity":72,"s:176:8:176:Infinity":73,"f:178:39:178:40":22,"s:179:8:179:Infinity":74,"s:180:8:180:Infinity":75,"f:184:38:184:39":23,"s:185:8:185:Infinity":76,"s:186:8:186:Infinity":77,"f:188:40:188:41":24,"s:189:8:189:Infinity":78,"s:190:8:190:Infinity":79,"s:191:8:191:Infinity":80,"f:193:39:193:40":25,"s:194:8:194:Infinity":81,"s:195:8:195:Infinity":82,"f:199:31:199:32":26,"s:200:8:200:Infinity":83,"s:201:8:201:Infinity":84,"f:203:33:203:34":27,"s:204:8:204:Infinity":85,"s:205:8:205:Infinity":86,"s:206:8:206:Infinity":87,"s:207:8:207:33":88,"f:209:32:209:33":28,"s:210:8:210:Infinity":89,"s:211:8:211:Infinity":90}}}
,"/home/debian/Website/final-project-analisis-pengujian-sistem-if7a-ahmad-fajrul-ulum/Admin/src/app/users/userSlice.js": {"path":"/home/debian/Website/final-project-analisis-pengujian-sistem-if7a-ahmad-fajrul-ulum/Admin/src/app/users/userSlice.js","statementMap":{"0":{"start":{"line":5,"column":25},"end":{"line":15,"column":1}},"1":{"start":{"line":8,"column":4},"end":{"line":13,"column":null}},"2":{"start":{"line":9,"column":23},"end":{"line":9,"column":39}},"3":{"start":{"line":10,"column":6},"end":{"line":10,"column":22}},"4":{"start":{"line":12,"column":6},"end":{"line":12,"column":53}},"5":{"start":{"line":18,"column":22},"end":{"line":28,"column":1}},"6":{"start":{"line":21,"column":4},"end":{"line":26,"column":null}},"7":{"start":{"line":22,"column":23},"end":{"line":22,"column":49}},"8":{"start":{"line":23,"column":6},"end":{"line":23,"column":22}},"9":{"start":{"line":25,"column":6},"end":{"line":25,"column":53}},"10":{"start":{"line":31,"column":23},"end":{"line":41,"column":1}},"11":{"start":{"line":34,"column":4},"end":{"line":39,"column":null}},"12":{"start":{"line":35,"column":23},"end":{"line":35,"column":53}},"13":{"start":{"line":36,"column":6},"end":{"line":36,"column":null}},"14":{"start":{"line":38,"column":6},"end":{"line":38,"column":53}},"15":{"start":{"line":44,"column":25},"end":{"line":54,"column":1}},"16":{"start":{"line":47,"column":4},"end":{"line":52,"column":null}},"17":{"start":{"line":48,"column":23},"end":{"line":48,"column":43}},"18":{"start":{"line":49,"column":6},"end":{"line":49,"column":22}},"19":{"start":{"line":51,"column":6},"end":{"line":51,"column":53}},"20":{"start":{"line":57,"column":18},"end":{"line":123,"column":2}},"21":{"start":{"line":66,"column":4},"end":{"line":121,"column":null}},"22":{"start":{"line":68,"column":8},"end":{"line":68,"column":null}},"23":{"start":{"line":69,"column":8},"end":{"line":69,"column":null}},"24":{"start":{"line":72,"column":8},"end":{"line":72,"column":null}},"25":{"start":{"line":73,"column":8},"end":{"line":73,"column":37}},"26":{"start":{"line":74,"column":8},"end":{"line":74,"column":null}},"27":{"start":{"line":77,"column":8},"end":{"line":77,"column":null}},"28":{"start":{"line":78,"column":8},"end":{"line":78,"column":37}},"29":{"start":{"line":81,"column":8},"end":{"line":81,"column":null}},"30":{"start":{"line":82,"column":8},"end":{"line":82,"column":null}},"31":{"start":{"line":85,"column":8},"end":{"line":85,"column":null}},"32":{"start":{"line":86,"column":8},"end":{"line":86,"column":41}},"33":{"start":{"line":87,"column":8},"end":{"line":87,"column":null}},"34":{"start":{"line":90,"column":8},"end":{"line":90,"column":null}},"35":{"start":{"line":91,"column":8},"end":{"line":91,"column":37}},"36":{"start":{"line":94,"column":8},"end":{"line":94,"column":null}},"37":{"start":{"line":95,"column":8},"end":{"line":95,"column":null}},"38":{"start":{"line":98,"column":8},"end":{"line":98,"column":null}},"39":{"start":{"line":99,"column":22},"end":{"line":99,"column":84}},"40":{"start":{"line":99,"column":54},"end":{"line":99,"column":83}},"41":{"start":{"line":100,"column":8},"end":{"line":102,"column":null}},"42":{"start":{"line":101,"column":10},"end":{"line":101,"column":46}},"43":{"start":{"line":103,"column":8},"end":{"line":103,"column":null}},"44":{"start":{"line":106,"column":8},"end":{"line":106,"column":null}},"45":{"start":{"line":107,"column":8},"end":{"line":107,"column":37}},"46":{"start":{"line":110,"column":8},"end":{"line":110,"column":null}},"47":{"start":{"line":111,"column":8},"end":{"line":111,"column":null}},"48":{"start":{"line":114,"column":8},"end":{"line":114,"column":null}},"49":{"start":{"line":115,"column":8},"end":{"line":115,"column":82}},"50":{"start":{"line":115,"column":51},"end":{"line":115,"column":80}},"51":{"start":{"line":116,"column":8},"end":{"line":116,"column":null}},"52":{"start":{"line":119,"column":8},"end":{"line":119,"column":null}},"53":{"start":{"line":120,"column":8},"end":{"line":120,"column":37}}},"fnMap":{"0":{"name":"(anonymous_0)","decl":{"start":{"line":7,"column":2},"end":{"line":7,"column":7}},"loc":{"start":{"line":7,"column":25},"end":{"line":14,"column":null}},"line":7},"1":{"name":"(anonymous_1)","decl":{"start":{"line":20,"column":2},"end":{"line":20,"column":7}},"loc":{"start":{"line":20,"column":32},"end":{"line":27,"column":null}},"line":20},"2":{"name":"(anonymous_2)","decl":{"start":{"line":33,"column":2},"end":{"line":33,"column":7}},"loc":{"start":{"line":33,"column":40},"end":{"line":40,"column":null}},"line":33},"3":{"name":"(anonymous_3)","decl":{"start":{"line":46,"column":2},"end":{"line":46,"column":7}},"loc":{"start":{"line":46,"column":26},"end":{"line":53,"column":null}},"line":46},"4":{"name":"(anonymous_4)","decl":{"start":{"line":65,"column":17},"end":{"line":65,"column":18}},"loc":{"start":{"line":65,"column":30},"end":{"line":122,"column":3}},"line":65},"5":{"name":"(anonymous_5)","decl":{"start":{"line":67,"column":35},"end":{"line":67,"column":36}},"loc":{"start":{"line"
[...]
ne":62,"column":14},"end":{"line":62,"column":58}},"37":{"start":{"line":63,"column":2},"end":{"line":63,"column":null}},"38":{"start":{"line":67,"column":31},"end":{"line":70,"column":1}},"39":{"start":{"line":68,"column":14},"end":{"line":68,"column":56}},"40":{"start":{"line":69,"column":2},"end":{"line":69,"column":null}},"41":{"start":{"line":72,"column":33},"end":{"line":75,"column":1}},"42":{"start":{"line":73,"column":14},"end":{"line":73,"column":74}},"43":{"start":{"line":74,"column":2},"end":{"line":74,"column":null}},"44":{"start":{"line":77,"column":33},"end":{"line":80,"column":1}},"45":{"start":{"line":78,"column":14},"end":{"line":78,"column":79}},"46":{"start":{"line":79,"column":2},"end":{"line":79,"column":null}},"47":{"start":{"line":82,"column":33},"end":{"line":85,"column":1}},"48":{"start":{"line":83,"column":14},"end":{"line":83,"column":65}},"49":{"start":{"line":84,"column":2},"end":{"line":84,"column":null}},"50":{"start":{"line":88,"column":25},"end":{"line":91,"column":1}},"51":{"start":{"line":89,"column":14},"end":{"line":89,"column":50}},"52":{"start":{"line":90,"column":2},"end":{"line":90,"column":null}},"53":{"start":{"line":93,"column":26},"end":{"line":96,"column":1}},"54":{"start":{"line":94,"column":14},"end":{"line":94,"column":61}},"55":{"start":{"line":95,"column":2},"end":{"line":95,"column":null}},"56":{"start":{"line":98,"column":26},"end":{"line":101,"column":1}},"57":{"start":{"line":99,"column":14},"end":{"line":99,"column":66}},"58":{"start":{"line":100,"column":2},"end":{"line":100,"column":null}},"59":{"start":{"line":103,"column":26},"end":{"line":106,"column":1}},"60":{"start":{"line":104,"column":14},"end":{"line":104,"column":59}},"61":{"start":{"line":105,"column":2},"end":{"line":105,"column":null}},"62":{"start":{"line":109,"column":26},"end":{"line":112,"column":1}},"63":{"start":{"line":110,"column":14},"end":{"line":110,"column":52}},"64":{"start":{"line":111,"column":2},"end":{"line":111,"column":null}},"65":{"start":{"line":114,"column":28},"end":{"line":117,"column":1}},"66":{"start":{"line":115,"column":14},"end":{"line":115,"column":63}},"67":{"start":{"line":116,"column":2},"end":{"line":116,"column":null}},"68":{"start":{"line":119,"column":28},"end":{"line":122,"column":1}},"69":{"start":{"line":120,"column":14},"end":{"line":120,"column":68}},"70":{"start":{"line":121,"column":2},"end":{"line":121,"column":null}},"71":{"start":{"line":124,"column":28},"end":{"line":127,"column":1}},"72":{"start":{"line":125,"column":14},"end":{"line":125,"column":61}},"73":{"start":{"line":126,"column":2},"end":{"line":126,"column":null}}},"fnMap":{"0":{"name":"(anonymous_0)","decl":{"start":{"line":9,"column":38},"end":{"line":9,"column":43}},"loc":{"start":{"line":9,"column":55},"end":{"line":22,"column":1}},"line":9},"1":{"name":"(anonymous_1)","decl":{"start":{"line":19,"column":30},"end":{"line":19,"column":31}},"loc":{"start":{"line":19,"column":43},"end":{"line":19,"column":88}},"line":19},"2":{"name":"(anonymous_2)","decl":{"start":{"line":25,"column":24},"end":{"line":25,"column":29}},"loc":{"start":{"line":25,"column":36},"end":{"line":28,"column":1}},"line":25},"3":{"name":"(anonymous_3)","decl":{"start":{"line":30,"column":26},"end":{"line":30,"column":31}},"loc":{"start":{"line":30,"column":46},"end":{"line":33,"column":1}},"line":30},"4":{"name":"(anonymous_4)","decl":{"start":{"line":35,"column":26},"end":{"line":35,"column":31}},"loc":{"start":{"line":35,"column":50},"end":{"line":38,"column":1}},"line":35},"5":{"name":"(anonymous_5)","decl":{"start":{"line":40,"column":26},"end":{"line":40,"column":31}},"loc":{"start":{"line":40,"column":40},"end":{"line":43,"column":1}},"line":40},"6":{"name":"(anonymous_6)","decl":{"start":{"line":46,"column":28},"end":{"line":46,"column":33}},"loc":{"start":{"line":46,"column":40},"end":{"line":49,"column":1}},"line":46},"7":{"name":"(anonymous_7)","decl":{"start":{"line":51,"column":30},"end":{"line":51,"column":35}},"loc":{"start":{"line":51,"column":50},"end":{"line":54,"column":1}},"line":51},"8":{"name":"(anonymous_8)","decl":{"start":{"line":56,"column":30},"end":{"line":56,"column":35}},"loc":{"start":{"line":56,"column":54},"end":{"line":59,"column":1}},"line":56},"9":{"name":"(anonymous_9)","decl":{"start":{"line":61,"column":30},"end":{"line":61,"column":35}},"loc":{"start":{"line":61,"column":44},"end":{"line":64,"column":1}},"line":61},"10":{"name":"(anonymous_10)","decl":{"start":{"line":67,"column":31},"end":{"line":67,"column":36}},"loc":{"start":{"line":67,"column":43},"end":{"line":70,"column":1}},"line":67},"11":{"name":"(anonymous_11)","decl":{"start":{"line":72,"column":33},"end":{"line":72,"column":38}},"loc":{"start":{"line":72,"column":60},"end":{"line":75,"column":1}},"line":72},"12":{"name":"(anonymous_12)","decl":{"start":{"line":77,"column":33},"end":{"line":77,"column":38}},"loc":{"start":{"line":77,"column":64},"end":{"line":80,"column":1}},"line":77},"13":{"name":"(anonymous_13)","decl":{"start":{"line":82,"column":33},"end":{"line":82,"column":38}},"loc":{"start":{"line":82,"column":47},"end":{"line":85,"column":1}},"line":82},"14":{"name":"(anonymous_14)","decl":{"start":{"line":88,"column":25},"end":{"line":88,"column":30}},"loc":{"start":{"line":88,"column":37},"end":{"line":91,"column":1}},"line":88},"15":{"name":"(anonymous_15)","decl":{"start":{"line":93,"column":26},"end":{"line":93,"column":31}},"loc":{"start":{"line":93,"column":46},"end":{"line":96,"column":1}},"line":93},"16":{"name":"(anonymous_16)","decl":{"start":{"line":98,"column":26},"end":{"line":98,"column":31}},"loc":{"start":{"line":98,"column":50},"end":{"line":101,"column":1}},"line":98},"17":{"name":"(anonymous_17)","decl":{"start":{"line":103,"column":26},"end":{"line":103,"column":31}},"loc":{"start":{"line":103,"column":40},"end":{"line":106,"column":1}},"line":103},"18":{"name":"(anonymous_18)","decl":{"start":{"line":109,"column":26},"end":{"line":109,"column":31}},"loc":{"start":{"line":109,"column":38},"end":{"line":112,"column":1}},"line":109},"19":{"name":"(anonymous_19)","decl":{"start":{"line":114,"column":28},"end":{"line":114,"column":33}},"loc":{"start":{"line":114,"column":48},"end":{"line":117,"column":1}},"line":114},"20":{"name":"(anonymous_20)","decl":{"start":{"line":119,"column":28},"end":{"line":119,"column":33}},"loc":{"start":{"line":119,"column":52},"end":{"line":122,"column":1}},"line":119},"21":{"name":"(anonymous_21)","decl":{"start":{"line":124,"column":28},"end":{"line":124,"column":33}},"loc":{"start":{"line":124,"column":42},"end":{"line":127,"column":1}},"line":124}},"branchMap":{"0":{"loc":{"start":{"line":11,"column":2},"end":{"line":13,"column":null}},"type":"if","locations":[{"start":{"line":11,"column":2},"end":{"line":13,"column":null}},{"start":{},"end":{}}],"line":11},"1":{"loc":{"start":{"line":11,"column":6},"end":{"line":11,"column":30}},"type":"binary-expr","locations":[{"start":{"line":11,"column":6},"end":{"line":11,"column":13}},{"start":{"line":11,"column":17},"end":{"line":11,"column":30}}],"line":11},"2":{"loc":{"start":{"line":14,"column":22},"end":{"line":14,"column":44}},"type":"binary-expr","locations":[{"start":{"line":14,"column":22},"end":{"line":14,"column":39}},{"start":{"line":14,"column":43},"end":{"line":14,"column":44}}],"line":14},"3":{"loc":{"start":{"line":15,"column":2},"end":{"line":17,"column":null}},"type":"if","locations":[{"start":{"line":15,"column":2},"end":{"line":17,"column":null}},{"start":{},"end":{}}],"line":15}},"s":{"0":2,"1":2,"2":2,"3":0,"4":0,"5":0,"6":0,"7":0,"8":0,"9":0,"10":0,"11":0,"12":0,"13":0,"14":2,"15":0,"16":0,"17":2,"18":0,"19":0,"20":2,"21":0,"22":0,"23":2,"24":0,"25":0,"26":2,"27":0,"28":0,"29":2,"30":0,"31":0,"32":2,"33":0,"34":0,"35":2,"36":0,"37":0,"38":2,"39":0,"40":0,"41":2,"42":0,"43":0,"44":2,"45":0,"46":0,"47":2,"48":0,"49":0,"50":2,"51":0,"52":0,"53":2,"54":0,"55":0,"56":2,"57":0,"58":0,"59":2,"60":0,"61":0,"62":2,"63":0,"64":0,"65":2,"66":0,"67":0,"68":2,"69":0,"70":0,"71":2,"72":0,"73":0},"f":{"0":0,"1":0,"2":0,"3":0,"4":0,"5":0,"6":0,"7":0,"8":0,"9":0,"10":0,"11":0,"12":0,"13":0,"14":0,"15":0,"16":0,"17":0,"18":0,"19":0,"20":0,"21":0},"b":{"0":[0,0],"1":[0,0],"2":[0,0],"3":[0,0]},"meta":{"lastBranch":4,"lastFunction":22,"lastStatement":74,"seen":{"s:3:16:3:43":0,"s:6:0:6:Infinity":1,"s:9:0:22:Infinity":2,"f:9:38:9:43":0,"s:10:21:10:26":3,"b:11:2:13:Infinity:undefined:undefined:undefined:undefined":0,"s:11:2:13:Infinity":4,"b:11:6:11:13:11:17:11:30":1,"s:12:4:12:Infinity":5,"s:14:2:14:Infinity":6,"b:14:22:14:39:14:43:14:44":2,"b:15:2:17:Infinity:undefined:undefined:undefined:undefined":3,"s:15:2:17:Infinity":7,"s:16:4:16:Infinity":8,"s:18:2:18:Infinity":9,"s:19:18:19:89":10,"f:19:30:19:31":1,"s:19:43:19:88":11,"s:20:2:20:Infinity":12,"s:21:2:21:Infinity":13,"s:25:24:28:1":14,"f:25:24:25:29":2,"s:26:14:26:49":15,"s:27:2:27:Infinity":16,"s:30:26:33:1":17,"f:30:26:30:31":3,"s:31:14:31:60":18,"s:32:2:32:Infinity":19,"s:35:26:38:1":20,"f:35:26:35:31":4,"s:36:14:36:65":21,"s:37:2:37:Infinity":22,"s:40:26:43:1":23,"f:40:26:40:31":5,"s:41:14:41:58":24,"s:42:2:42:Infinity":25,"s:46:28:49:1":26,"f:46:28:46:33":6,"s:47:14:47:49":27,"s:48:2:48:Infinity":28,"s:51:30:54:1":29,"f:51:30:51:35":7,"s:52:14:52:60":30,"s:53:2:53:Infinity":31,"s:56:30:59:1":32,"f:56:30:56:35":8,"s:57:14:57:65":33,"s:58:2:58:Infinity":34,"s:61:30:64:1":35,"f:61:30:61:35":9,"s:62:14:62:58":36,"s:63:2:63:Infinity":37,"s:67:31:70:1":38,"f:67:31:67:36":10,"s:68:14:68:56":39,"s:69:2:69:Infinity":40,"s:72:33:75:1":41,"f:72:33:72:38":11,"s:73:14:73:74":42,"s:74:2:74:Infinity":43,"s:77:33:80:1":44,"f:77:33:77:38":12,"s:78:14:78:79":45,"s:79:2:79:Infinity":46,"s:82:33:85:1":47,"f:82:33:82:38":13,"s:83:14:83:65":48,"s:84:2:84:Infinity":49,"s:88:25:91:1":50,"f:88:25:88:30":14,"s:89:14:89:50":51,"s:90:2:90:Infinity":52,"s:93:26:96:1":53,"f:93:26:93:31":15,"s:94:14:94:61":54,"s:95:2:95:Infinity":55,"s:98:26:101:1":56,"f:98:26:98:31":16,"s:99:14:99:66":57,"s:100:2:100:Infinity":58,"s:103:26:106:1":59,"f:103:26:103:31":17,"s:104:14:104:59":60,"s:105:2:105:Infinity":61,"s:109:26:112:1":62,"f:109:26:109:31":18,"s:110:14:110:52":63,"s:111:2:111:Infinity":64,"s:114:28:117:1":65,"f:114:28:114:33":19,"s:115:14:115:63":66,"s:116:2:116:Infinity":67,"s:119:28:122:1":68,"f:119:28:119:33":20,"s:120:14:120:68":69,"s:121:2:121:Infinity":70,"s:124:28:127:1":71,"f:124:28:124:33":21,"s:125:14:125:61":72,"s:126:2:126:Infinity":73}}}
,"/home/debian/Website/final-project-analisis-pengujian-sistem-if7a-ahmad-fajrul-ulum/Admin/src/services/blogService.js": {"path":"/home/debian/Website/final-project-analisis-pengujian-sistem-if7a-ahmad-fajrul-ulum/Admin/src/services/blogService.js","statementMap":{"0":{"start":{"line":3,"column":16},"end":{"line":3,"column":43}},"1":{"start":{"line":5,"column":24},"end":{"line":8,"column":1}},"2":{"start":{"line":6,"column":19},"end":{"line":6,"column":54}},"3":{"start":{"line":7,"column":2},"end":{"line":7,"column":null}},"4":{"start":{"line":10,"column":26},"end":{"line":13,"column":1}},"5":{"start":{"line":11,"column":19},"end":{"line":11,"column":65}},"6":{"start":{"line":12,"column":2},"end":{"line":12,"column":null}},"7":{"start":{"line":15,"column":26},"end":{"line":18,"column":1}},"8":{"start":{"line":16,"column":19},"end":{"line":16,"column":70}},"9":{"start":{"line":17,"column":2},"end":{"line":17,"column":null}},"10":{"start":{"line":20,"column":26},"end":{"line":23,"column":1}},"11":{"start":{"line":21,"column":19},"end":{"line":21,"column":63}},"12":{"start":{"line":22,"column":2},"end":{"line":22,"column":null}},"13":{"start":{"line":23,"column":2},"end":{"line":23,"column":null}}},"fnMap":{"0":{"name":"(anonymous_0)","decl":{"start":{"line":5,"column":24},"end":{"line":5,"column":29}},"loc":{"start":{"line":5,"column":36},"end":{"line":8,"column":1}},"line":5},"1":{"name":"(anonymous_1)","decl":{"start":{"line":10,"column":26},"end":{"line":10,"column":31}},"loc":{"start":{"line":10,"column":46},"end":{"line":13,"column":1}},"line":10},"2":{"name":"(anonymous_2)","decl":{"start":{"line":15,"column":26},"end":{"line":15,"column":31}},"loc":{"start":{"line":15,"column":50},"end":{"line":18,"column":1}},"line":15},"3":{"name":"(anonymous_3)","decl":{"start":{"line":20,"column":26},"end":{"line":20,"column":31}},"loc":{"start":{"line":20,"column":40},"end":{"line":23,"column":1}},"line":20},"4":{"name":"(anonymous_4)","decl":{"start":{"line":23,"column":2},"end":{"line":23,"column":null}},"loc":{"start":{"line":23,"column":2},"end":{"line":23,"column":null}},"line":23}},"branchMap":{},"s":{"0":0,"1":0,"2":0,"3":0,"4":0,"5":0,"6":0,"7":0,"8":0,"9":0,"10":0,"11":0,"12":0,"13":0},"f":{"0":0,"1":0,"2":0,"3":0,"4":0},"b":{},"meta":{"lastBranch":0,"lastFunction":5,"lastStatement":14,"seen":{"s:3:16:3:43":0,"s:5:24:8:1":1,"f:5:24:5:29":0,"s:6:19:6:54":2,"s:7:2:7:Infinity":3,"s:10:26:13:1":4,"f:10:26:10:31":1,"s:11:19:11:65":5,"s:12:2:12:Infinity":6,"s:15:26:18:1":7,"f:15:26:15:31":2,"s:16:19:16:70":8,"s:17:2:17:Infinity":9,"s:20:26:23:1":10,"f:20:26:20:31":3,"s:21:19:21:63":11,"s:22:2:22:Infinity":12,"s:23:2:23:Infinity":13,"f:23:2:23:Infinity":4}}}
,"/home/debian/Website/final-project-analisis-pengujian-sistem-if7a-ahmad-fajrul-ulum/Admin/src/services/heroService.js": {"path":"/home/debian/Website/final-project-analisis-pengujian-sistem-if7a-ahmad-fajrul-ulum/Admin/src/services/heroService.js","statementMap":{"0":{"start":{"line":3,"column":16},"end":{"line":3,"column":43}},"1":{"start":{"line":5,"column":31},"end":{"line":8,"column":1}},"2":{"start":{"line":6,"column":19},"end":{"line":6,"column":62}},"3":{"start":{"line":7,"column":2},"end":{"line":7,"column":null}},"4":{"start":{"line":10,"column":34},"end":{"line":17,"column":1}},"5":{"start":{"line":11,"column":19},"end":{"line":15,"column":4}},"6":{"start":{"line":16,"column":2},"end":{"line":16,"column":null}},"7":{"start":{"line":17,"column":2},"end":{"line":17,"column":null}}},"fnMap":{"0":{"name":"(anonymous_0)","decl":{"start":{"line":5,"column":31},"end":{"line":5,"column":36}},"loc":{"start":{"line":5,"column":43},"end":{"line":8,"column":1}},"line":5},"1":{"name":"(anonymous_1)","decl":{"start":{"line":10,"column":34},"end":{"line":10,"column":39}},"loc":{"start":{"line":10,"column":54},"end":{"line":17,"column":1}},"line":10},"2":{"name":"(anonymous_2)","decl":{"start":{"line":17,"column":2},"end":{"line":17,"column":null}},"loc":{"start":{"line":17,"column":2},"end":{"line":17,"column":null}},"line":17}},"branchMap":{},"s":{"0":0,"1":0,"2":0,"3":0,"4":0,"5":0,"6":0,"7":0},"f":{"0":0,"1":0,"2":0},"b":{},"meta":{"lastBranch":0,"lastFunction":3,"lastStatement":8,"seen":{"s:3:16:3:43":0,"s:5:31:8:1":1,"f:5:31:5:36":0,"s:6:19:6:62":2,"s:7:2:7:Infinity":3,"s:10:34:17:1":4,"f:10:34:10:39":1,"s:11:19:15:4":5,"s:16:2:16:Infinity":6,"s:17:2:17:Infinity":7,"f:17:2:17:Infinity":2}}}
,"/home/debian/Website/final-project-analisis-pengujian-sistem-if7a-ahmad-fajrul-ulum/Admin/src/services/testimonialService.js": {"path":"/home/debian/Website/final-project-analisis-pengujian-sistem-if7a-ahmad-fajrul-ulum/Admin/src/services/testimonialService.js","statementMap":{"0":{"start":{"line":3,"column":16},"end":{"line":3,"column":43}},"1":{"start":{"line":5,"column":31},"end":{"line":8,"column":1}},"2":{"start":{"line":6,"column":19},"end":{"line":6,"column":61}},"3":{"start":{"line":7,"column":2},"end":{"line":7,"column":null}},"4":{"start":{"line":10,"column":33},"end":{"line":17,"column":1}},"5":{"start":{"line":11,"column":19},"end":{"line":15,"column":4}},"6":{"start":{"line":16,"column":2},"end":{"line":16,"column":null}},"7":{"start":{"line":19,"column":33},"end":{"line":26,"column":1}},"8":{"start":{"line":20,"column":19},"end":{"line":24,"column":4}},"9":{"start":{"line":25,"column":2},"end":{"line":25,"column":null}},"10":{"start":{"line":28,"column":33},"end":{"line":31,"column":1}},"11":{"start":{"line":29,"column":19},"end":{"line":29,"column":70}},"12":{"start":{"line":30,"column":2},"end":{"line":30,"column":null}},"13":{"start":{"line":31,"column":2},"end":{"line":31,"column":null}}},"fnMap":{"0":{"name":"(anonymous_0)","decl":{"start":{"line":5,"column":31},"end":{"line":5,"column":36}},"loc":{"start":{"line":5,"column":43},"end":{"line":8,"column":1}},"line":5},"1":{"name":"(anonymous_1)","decl":{"start":{"line":10,"column":33},"end":{"line":10,"column":38}},"loc":{"start":{"line":10,"column":53},"end":{"line":17,"column":1}},"line":10},"2":{"name":"(anonymous_2)","decl":{"start":{"line":19,"column":33},"end":{"line":19,"column":38}},"loc":{"start":{"line":19,"column":57},"end":{"line":26,"column":1}},"line":19},"3":{"name":"(anonymous_3)","decl":{"start":{"line":28,"column":33},"end":{"line":28,"column":38}},"loc":{"start":{"line":28,"column":47},"end":{"line":31,"column":1}},"line":28},"4":{"name":"(anonymous_4)","decl":{"start":{"line":31,"column":2},"end":{"line":31,"column":null}},"loc":{"start":{"line":31,"column":2},"end":{"line":31,"column":null}},"line":31}},"branchMap":{},"s":{"0":0,"1":0,"2":0,"3":0,"4":0,"5":0,"6":0,"7":0,"8":0,"9":0,"10":0,"11":0,"12":0,"13":0},"f":{"0":0,"1":0,"2":0,"3":0,"4":0},"b":{},"meta":{"lastBranch":0,"lastFunction":5,"lastStatement":14,"seen":{"s:3:16:3:43":0,"s:5:31:8:1":1,"f:5:31:5:36":0,"s:6:19:6:61":2,"s:7:2:7:Infinity":3,"s:10:33:17:1":4,"f:10:33:10:38":1,"s:11:19:15:4":5,"s:16:2:16:Infinity":6,"s:19:33:26:1":7,"f:19:33:19:38":2,"s:20:19:24:4":8,"s:25:2:25:Infinity":9,"s:28:33:31:1":10,"f:28:33:28:38":3,"s:29:19:29:70":11,"s:30:2:30:Infinity":12,"s:31:2:31:Infinity":13,"f:31:2:31:Infinity":4}}}
,"/home/debian/Website/final-project-analisis-pengujian-sistem-if7a-ahmad-fajrul-ulum/Admin/src/services/user.js": {"path":"/home/debian/Website/final-project-analisis-pengujian-sistem-if7a-ahmad-fajrul-ulum/Admin/src/services/user.js","statementMap":{"0":{"start":{"line":4,"column":16},"end":{"line":4,"column":43}},"1":{"start":{"line":7,"column":24},"end":{"line":10,"column":1}},"2":{"start":{"line":8,"column":14},"end":{"line":8,"column":49}},"3":{"start":{"line":9,"column":2},"end":{"line":9,"column":null}},"4":{"start":{"line":12,"column":26},"end":{"line":15,"column":1}},"5":{"start":{"line":13,"column":14},"end":{"line":13,"column":60}},"6":{"start":{"line":14,"column":2},"end":{"line":14,"column":null}},"7":{"start":{"line":17,"column":26},"end":{"line":20,"column":1}},"8":{"start":{"line":18,"column":14},"end":{"line":18,"column":65}},"9":{"start":{"line":19,"column":2},"end":{"line":19,"column":null}},"10":{"start":{"line":22,"column":26},"end":{"line":25,"column":1}},"11":{"start":{"line":23,"column":14},"end":{"line":23,"column":58}},"12":{"start":{"line":24,"column":2},"end":{"line":24,"column":null}}},"fnMap":{"0":{"name":"(anonymous_0)","decl":{"start":{"line":7,"column":24},"end":{"line":7,"column":29}},"loc":{"start":{"line":7,"column":36},"end":{"line":10,"column":1}},"line":7},"1":{"name":"(anonymous_1)","decl":{"start":{"line":12,"column":26},"end":{"line":12,"column":31}},"loc":{"start":{"line":12,"column":46},"end":{"line":15,"column":1}},"line":12},"2":{"name":"(anonymous_2)","decl":{"start":{"line":17,"column":26},"end":{"line":17,"column":31}},"loc":{"start":{"line":17,"column":50},"end":{"line":20,"column":1}},"line":17},"3":{"name":"(anonymous_3)","decl":{"start":{"line":22,"column":26},"end":{"line":22,"column":31}},"loc":{"start":{"line":22,"column":40},"end":{"line":25,"column":1}},"line":22}},"branchMap":{},"s":{"0":0,"1":0,"2":0,"3":0,"4":0,"5":0,"6":0,"7":0,"8":0,"9":0,"10":0,"11":0,"12":0},"f":{"0":0,"1":0,"2":0,"3":0},"b":{},"meta":{"lastBranch":0,"lastFunction":4,"lastStatement":13,"seen":{"s:4:16:4:43":0,"s:7:24:10:1":1,"f:7:24:7:29":0,"s:8:14:8:49":2,"s:9:2:9:Infinity":3,"s:12:26:15:1":4,"f:12:26:12:31":1,"s:13:14:13:60":5,"s:14:2:14:Infinity":6,"s:17:26:20:1":7,"f:17:26:17:31":2,"s:18:14:18:65":8,"s:19:2:19:Infinity":9,"s:22:26:25:1":10,"f:22:26:22:31":3,"s:23:14:23:58":11,"s:24:2:24:Infinity":12}}}
}
