TN:
SF:src/App.jsx
FN:35,ScrollToTop
FN:38,(anonymous_1)
FN:48,App
FNF:3
FNH:3
FNDA:5,ScrollToTop
FNDA:5,(anonymous_1)
FNDA:3,App
DA:36,5
DA:38,5
DA:39,5
DA:40,1
DA:41,1
DA:42,1
DA:49,3
LF:7
LH:7
BRDA:39,0,0,1
BRDA:39,0,1,4
BRDA:39,1,0,5
BRDA:39,1,1,2
BRDA:41,2,0,1
BRDA:41,2,1,0
BRF:6
BRH:5
end_of_record
TN:
SF:src/firebase.js
FNF:0
FNH:0
DA:5,6
DA:15,6
DA:17,6
DA:18,6
LF:4
LH:4
BRF:0
BRH:0
end_of_record
TN:
SF:src/main.jsx
FNF:0
FNH:0
DA:33,0
DA:35,0
LF:2
LH:0
BRF:0
BRH:0
end_of_record
TN:
SF:src/Layout/AdminLayout.jsx
FN:7,(anonymous_0)
FN:11,(anonymous_1)
FN:12,(anonymous_2)
FN:15,(anonymous_3)
FNF:4
FNH:3
FNDA:4,(anonymous_0)
FNDA:2,(anonymous_1)
FNDA:2,(anonymous_2)
FNDA:0,(anonymous_3)
DA:7,2
DA:8,4
DA:9,4
DA:11,4
DA:12,2
DA:15,4
DA:16,0
DA:18,4
LF:8
LH:7
BRDA:26,0,0,4
BRDA:26,0,1,0
BRF:2
BRH:1
end_of_record
TN:
SF:src/Layout/LandingPageLayout.jsx
FN:7,(anonymous_0)
FNF:1
FNH:0
FNDA:0,(anonymous_0)
DA:7,0
DA:8,0
DA:18,0
LF:3
LH:0
BRF:0
BRH:0
end_of_record
TN:
SF:src/app/store.js
FNF:0
FNH:0
DA:10,0
LF:1
LH:0
BRF:0
BRH:0
end_of_record
TN:
SF:src/app/data/blogSlice.js
FN:5,(anonymous_0)
FN:12,(anonymous_1)
FN:20,(anonymous_2)
FN:28,(anonymous_3)
FN:42,(anonymous_4)
FN:43,(anonymous_5)
FN:46,(anonymous_6)
FN:50,(anonymous_7)
FN:55,(anonymous_8)
FN:59,(anonymous_9)
FN:61,(anonymous_10)
FN:68,(anonymous_11)
FN:69,(anonymous_12)
FNF:13
FNH:12
FNDA:1,(anonymous_0)
FNDA:1,(anonymous_1)
FNDA:1,(anonymous_2)
FNDA:1,(anonymous_3)
FNDA:1,(anonymous_4)
FNDA:1,(anonymous_5)
FNDA:1,(anonymous_6)
FNDA:0,(anonymous_7)
FNDA:1,(anonymous_8)
FNDA:1,(anonymous_9)
FNDA:1,(anonymous_10)
FNDA:1,(anonymous_11)
FNDA:1,(anonymous_12)
DA:5,4
DA:6,1
DA:7,1
DA:10,4
DA:13,1
DA:14,1
DA:18,4
DA:21,1
DA:22,1
DA:26,4
DA:29,1
DA:30,1
DA:34,4
DA:43,1
DA:44,1
DA:46,1
DA:47,1
DA:48,1
DA:50,1
DA:51,0
DA:52,0
DA:55,1
DA:56,1
DA:59,1
DA:60,1
DA:61,1
DA:63,1
DA:64,1
DA:68,1
DA:69,1
LF:30
LH:28
BRDA:63,0,0,1
BRDA:63,0,1,0
BRF:2
BRH:1
end_of_record
TN:
SF:src/app/data/dashboardSlice.js
FN:12,(anonymous_0)
FN:48,(anonymous_1)
FN:49,(anonymous_2)
FN:53,(anonymous_3)
FN:62,(anonymous_4)
FNF:5
FNH:4
FNDA:1,(anonymous_0)
FNDA:1,(anonymous_1)
FNDA:1,(anonymous_2)
FNDA:1,(anonymous_3)
FNDA:0,(anonymous_4)
DA:10,2
DA:13,1
DA:15,1
DA:22,1
DA:30,0
DA:35,2
DA:44,2
DA:49,1
DA:50,1
DA:51,1
DA:53,1
DA:54,1
DA:55,1
DA:56,1
DA:57,1
DA:58,1
DA:59,1
DA:60,1
DA:62,1
DA:63,0
DA:64,0
LF:21
LH:18
BRDA:30,0,0,0
BRDA:30,0,1,0
BRF:2
BRH:0
end_of_record
TN:
SF:src/app/data/heroSlice.js
FN:9,(anonymous_0)
FN:14,(anonymous_1)
FN:21,(anonymous_2)
FN:27,(anonymous_3)
FN:40,(anonymous_4)
FN:42,(anonymous_5)
FN:45,(anonymous_6)
FN:49,(anonymous_7)
FN:53,(anonymous_8)
FN:56,(anonymous_9)
FN:58,(anonymous_10)
FN:62,(anonymous_11)
FN:64,(anonymous_12)
FNF:13
FNH:12
FNDA:1,(anonymous_0)
FNDA:1,(anonymous_1)
FNDA:1,(anonymous_2)
FNDA:1,(anonymous_3)
FNDA:1,(anonymous_4)
FNDA:1,(anonymous_5)
FNDA:1,(anonymous_6)
FNDA:0,(anonymous_7)
FNDA:1,(anonymous_8)
FNDA:1,(anonymous_9)
FNDA:1,(anonymous_10)
FNDA:1,(anonymous_11)
FNDA:1,(anonymous_12)
DA:9,4
DA:10,1
DA:11,1
DA:14,4
DA:15,1
DA:16,1
DA:19,4
DA:22,1
DA:23,1
DA:27,4
DA:28,1
DA:29,1
DA:32,4
DA:41,1
DA:43,1
DA:46,1
DA:47,1
DA:50,0
DA:51,0
DA:54,1
DA:57,1
DA:58,1
DA:60,1
DA:63,1
DA:64,1
LF:25
LH:23
BRDA:60,0,0,1
BRDA:60,0,1,0
BRF:2
BRH:1
end_of_record
TN:
SF:src/app/data/iklanSlice.js
FN:9,(anonymous_0)
FN:14,(anonymous_1)
FN:21,(anonymous_2)
FN:27,(anonymous_3)
FN:40,(anonymous_4)
FN:42,(anonymous_5)
FN:45,(anonymous_6)
FN:49,(anonymous_7)
FN:53,(anonymous_8)
FN:56,(anonymous_9)
FN:58,(anonymous_10)
FN:62,(anonymous_11)
FN:63,(anonymous_12)
FNF:13
FNH:9
FNDA:1,(anonymous_0)
FNDA:1,(anonymous_1)
FNDA:0,(anonymous_2)
FNDA:1,(anonymous_3)
FNDA:1,(anonymous_4)
FNDA:1,(anonymous_5)
FNDA:1,(anonymous_6)
FNDA:0,(anonymous_7)
FNDA:1,(anonymous_8)
FNDA:0,(anonymous_9)
FNDA:0,(anonymous_10)
FNDA:1,(anonymous_11)
FNDA:1,(anonymous_12)
DA:9,3
DA:10,1
DA:11,1
DA:14,3
DA:15,1
DA:16,1
DA:19,3
DA:22,0
DA:23,0
DA:27,3
DA:28,1
DA:29,1
DA:32,3
DA:41,1
DA:43,1
DA:46,1
DA:47,1
DA:50,0
DA:51,0
DA:54,1
DA:57,0
DA:58,0
DA:60,0
DA:63,1
LF:24
LH:17
BRDA:60,0,0,0
BRDA:60,0,1,0
BRF:2
BRH:0
end_of_record
TN:
SF:src/app/data/logoPTSlice.js
FN:9,(anonymous_0)
FN:16,(anonymous_1)
FN:24,(anonymous_2)
FN:30,(anonymous_3)
FN:43,(anonymous_4)
FN:45,(anonymous_5)
FN:48,(anonymous_6)
FN:52,(anonymous_7)
FN:56,(anonymous_8)
FN:59,(anonymous_9)
FN:61,(anonymous_10)
FN:65,(anonymous_11)
FN:67,(anonymous_12)
FNF:13
FNH:9
FNDA:1,(anonymous_0)
FNDA:1,(anonymous_1)
FNDA:0,(anonymous_2)
FNDA:1,(anonymous_3)
FNDA:1,(anonymous_4)
FNDA:1,(anonymous_5)
FNDA:1,(anonymous_6)
FNDA:0,(anonymous_7)
FNDA:1,(anonymous_8)
FNDA:0,(anonymous_9)
FNDA:0,(anonymous_10)
FNDA:1,(anonymous_11)
FNDA:1,(anonymous_12)
DA:9,3
DA:10,1
DA:11,1
DA:14,3
DA:17,1
DA:18,1
DA:22,3
DA:25,0
DA:26,0
DA:30,3
DA:31,1
DA:32,1
DA:35,3
DA:44,1
DA:46,1
DA:49,1
DA:50,1
DA:53,0
DA:54,0
DA:57,1
DA:60,0
DA:61,0
DA:63,0
DA:66,1
DA:67,1
LF:25
LH:18
BRDA:63,0,0,0
BRDA:63,0,1,0
BRF:2
BRH:0
end_of_record
TN:
SF:src/app/data/testimoniSlice.js
FN:12,(anonymous_0)
FN:22,(anonymous_1)
FN:31,(anonymous_2)
FN:40,(anonymous_3)
FN:55,(anonymous_4)
FN:57,(anonymous_5)
FN:60,(anonymous_6)
FN:65,(anonymous_7)
FN:69,(anonymous_8)
FN:77,(anonymous_9)
FN:79,(anonymous_10)
FN:83,(anonymous_11)
FN:85,(anonymous_12)
FNF:13
FNH:12
FNDA:1,(anonymous_0)
FNDA:1,(anonymous_1)
FNDA:1,(anonymous_2)
FNDA:1,(anonymous_3)
FNDA:1,(anonymous_4)
FNDA:1,(anonymous_5)
FNDA:1,(anonymous_6)
FNDA:0,(anonymous_7)
FNDA:1,(anonymous_8)
FNDA:1,(anonymous_9)
FNDA:1,(anonymous_10)
FNDA:1,(anonymous_11)
FNDA:1,(anonymous_12)
DA:10,4
DA:13,1
DA:15,1
DA:20,4
DA:23,1
DA:24,1
DA:29,4
DA:32,1
DA:33,1
DA:38,4
DA:41,1
DA:42,1
DA:47,4
DA:56,1
DA:58,1
DA:62,1
DA:63,1
DA:66,0
DA:67,0
DA:70,1
DA:71,0
DA:73,1
DA:74,1
DA:78,1
DA:79,1
DA:81,1
DA:84,1
DA:85,1
LF:28
LH:25
BRDA:15,0,0,1
BRDA:15,0,1,0
BRDA:24,1,0,1
BRDA:24,1,1,0
BRDA:33,2,0,1
BRDA:33,2,1,0
BRDA:70,3,0,0
BRDA:70,3,1,1
BRDA:73,4,0,1
BRDA:73,4,1,0
BRDA:81,5,0,1
BRDA:81,5,1,0
BRF:12
BRH:6
end_of_record
TN:
SF:src/app/service/api.js
FN:8,(anonymous_0)
FN:22,(anonymous_1)
FN:28,(anonymous_2)
FN:33,(anonymous_3)
FN:40,(anonymous_4)
FN:47,(anonymous_5)
FN:55,(anonymous_6)
FN:71,(anonymous_7)
FN:78,(anonymous_8)
FN:84,(anonymous_9)
FN:98,(anonymous_10)
FN:112,(anonymous_11)
FN:120,(anonymous_12)
FN:127,(anonymous_13)
FN:141,(anonymous_14)
FN:155,(anonymous_15)
FN:165,(anonymous_16)
FN:172,(anonymous_17)
FN:186,(anonymous_18)
FN:199,(anonymous_19)
FN:207,(anonymous_20)
FN:214,(anonymous_21)
FN:228,(anonymous_22)
FN:243,(anonymous_23)
FN:251,(anonymous_24)
FN:258,(anonymous_25)
FN:272,(anonymous_26)
FN:286,(anonymous_27)
FNF:28
FNH:0
FNDA:0,(anonymous_0)
FNDA:0,(anonymous_1)
FNDA:0,(anonymous_2)
FNDA:0,(anonymous_3)
FNDA:0,(anonymous_4)
FNDA:0,(anonymous_5)
FNDA:0,(anonymous_6)
FNDA:0,(anonymous_7)
FNDA:0,(anonymous_8)
FNDA:0,(anonymous_9)
FNDA:0,(anonymous_10)
FNDA:0,(anonymous_11)
FNDA:0,(anonymous_12)
FNDA:0,(anonymous_13)
FNDA:0,(anonymous_14)
FNDA:0,(anonymous_15)
FNDA:0,(anonymous_16)
FNDA:0,(anonymous_17)
FNDA:0,(anonymous_18)
FNDA:0,(anonymous_19)
FNDA:0,(anonymous_20)
FNDA:0,(anonymous_21)
FNDA:0,(anonymous_22)
FNDA:0,(anonymous_23)
FNDA:0,(anonymous_24)
FNDA:0,(anonymous_25)
FNDA:0,(anonymous_26)
FNDA:0,(anonymous_27)
DA:5,6
DA:8,6
DA:9,0
DA:10,0
DA:12,0
DA:13,0
DA:15,0
DA:19,0
DA:22,6
DA:23,0
DA:25,0
DA:28,6
DA:29,0
DA:30,0
DA:33,6
DA:34,0
DA:37,0
DA:40,6
DA:41,0
DA:44,0
DA:47,6
DA:48,0
DA:52,0
DA:55,6
DA:56,0
DA:65,0
DA:71,6
DA:72,0
DA:74,0
DA:78,6
DA:79,0
DA:80,0
DA:84,6
DA:85,0
DA:94,0
DA:98,6
DA:99,0
DA:108,0
DA:112,6
DA:113,0
DA:114,0
DA:120,6
DA:121,0
DA:123,0
DA:127,6
DA:128,0
DA:137,0
DA:141,6
DA:142,0
DA:151,0
DA:155,6
DA:156,0
DA:159,0
DA:165,6
DA:166,0
DA:168,0
DA:172,6
DA:173,0
DA:182,0
DA:186,6
DA:187,0
DA:196,0
DA:199,6
DA:200,0
DA:201,0
DA:207,6
DA:208,0
DA:210,0
DA:214,6
DA:215,0
DA:224,0
DA:228,6
DA:229,0
DA:239,0
DA:243,6
DA:244,0
DA:245,0
DA:251,6
DA:252,0
DA:254,0
DA:258,6
DA:259,0
DA:268,0
DA:272,6
DA:273,0
DA:282,0
DA:286,6
DA:287,0
DA:288,0
LF:89
LH:29
BRF:0
BRH:0
end_of_record
TN:
SF:src/app/service/axios.js
FN:9,(anonymous_0)
FN:16,(anonymous_1)
FNF:2
FNH:0
FNDA:0,(anonymous_0)
FNDA:0,(anonymous_1)
DA:3,6
DA:8,6
DA:10,0
DA:11,0
DA:12,0
DA:14,0
DA:16,0
LF:7
LH:2
BRDA:11,0,0,0
BRDA:11,0,1,0
BRF:2
BRH:0
end_of_record
TN:
SF:src/app/users/authSlice.js
FN:15,(anonymous_0)
FN:26,(anonymous_1)
FN:38,(anonymous_2)
FN:50,(anonymous_3)
FN:62,(anonymous_4)
FN:74,(anonymous_5)
FN:84,(anonymous_6)
FN:103,(anonymous_7)
FN:106,(anonymous_8)
FN:110,(anonymous_9)
FN:115,(anonymous_10)
FN:121,(anonymous_11)
FN:125,(anonymous_12)
FN:131,(anonymous_13)
FN:139,(anonymous_14)
FN:143,(anonymous_15)
FN:148,(anonymous_16)
FN:154,(anonymous_17)
FN:158,(anonymous_18)
FN:163,(anonymous_19)
FN:169,(anonymous_20)
FN:173,(anonymous_21)
FN:178,(anonymous_22)
FN:184,(anonymous_23)
FN:188,(anonymous_24)
FN:193,(anonymous_25)
FN:199,(anonymous_26)
FN:203,(anonymous_27)
FN:209,(anonymous_28)
FNF:29
FNH:0
FNDA:0,(anonymous_0)
FNDA:0,(anonymous_1)
FNDA:0,(anonymous_2)
FNDA:0,(anonymous_3)
FNDA:0,(anonymous_4)
FNDA:0,(anonymous_5)
FNDA:0,(anonymous_6)
FNDA:0,(anonymous_7)
FNDA:0,(anonymous_8)
FNDA:0,(anonymous_9)
FNDA:0,(anonymous_10)
FNDA:0,(anonymous_11)
FNDA:0,(anonymous_12)
FNDA:0,(anonymous_13)
FNDA:0,(anonymous_14)
FNDA:0,(anonymous_15)
FNDA:0,(anonymous_16)
FNDA:0,(anonymous_17)
FNDA:0,(anonymous_18)
FNDA:0,(anonymous_19)
FNDA:0,(anonymous_20)
FNDA:0,(anonymous_21)
FNDA:0,(anonymous_22)
FNDA:0,(anonymous_23)
FNDA:0,(anonymous_24)
FNDA:0,(anonymous_25)
FNDA:0,(anonymous_26)
FNDA:0,(anonymous_27)
FNDA:0,(anonymous_28)
DA:13,3
DA:16,0
DA:17,0
DA:18,0
DA:19,0
DA:21,0
DA:26,3
DA:27,0
DA:28,0
DA:30,0
DA:32,0
DA:36,3
DA:39,0
DA:40,0
DA:41,0
DA:43,0
DA:48,3
DA:51,0
DA:52,0
DA:53,0
DA:55,0
DA:60,3
DA:63,0
DA:64,0
DA:65,0
DA:67,0
DA:72,3
DA:75,0
DA:76,0
DA:77,0
DA:79,0
DA:84,3
DA:85,0
DA:86,0
DA:87,0
DA:89,0
DA:94,3
DA:104,0
DA:107,0
DA:108,0
DA:111,0
DA:112,0
DA:113,0
DA:116,0
DA:117,0
DA:122,0
DA:123,0
DA:126,0
DA:127,0
DA:128,0
DA:129,0
DA:132,0
DA:133,0
DA:134,0
DA:135,0
DA:140,0
DA:141,0
DA:144,0
DA:145,0
DA:146,0
DA:149,0
DA:150,0
DA:155,0
DA:156,0
DA:159,0
DA:160,0
DA:161,0
DA:164,0
DA:165,0
DA:170,0
DA:171,0
DA:174,0
DA:175,0
DA:176,0
DA:179,0
DA:180,0
DA:185,0
DA:186,0
DA:189,0
DA:190,0
DA:191,0
DA:194,0
DA:195,0
DA:200,0
DA:201,0
DA:204,0
DA:205,0
DA:206,0
DA:207,0
DA:210,0
DA:211,0
LF:91
LH:8
BRF:0
BRH:0
end_of_record
TN:
SF:src/app/users/userSlice.js
FN:7,(anonymous_0)
FN:20,(anonymous_1)
FN:33,(anonymous_2)
FN:46,(anonymous_3)
FN:65,(anonymous_4)
FN:67,(anonymous_5)
FN:71,(anonymous_6)
FN:76,(anonymous_7)
FN:80,(anonymous_8)
FN:84,(anonymous_9)
FN:89,(anonymous_10)
FN:93,(anonymous_11)
FN:97,(anonymous_12)
FN:99,(anonymous_13)
FN:105,(anonymous_14)
FN:109,(anonymous_15)
FN:113,(anonymous_16)
FN:115,(anonymous_17)
FN:118,(anonymous_18)
FNF:19
FNH:0
FNDA:0,(anonymous_0)
FNDA:0,(anonymous_1)
FNDA:0,(anonymous_2)
FNDA:0,(anonymous_3)
FNDA:0,(anonymous_4)
FNDA:0,(anonymous_5)
FNDA:0,(anonymous_6)
FNDA:0,(anonymous_7)
FNDA:0,(anonymous_8)
FNDA:0,(anonymous_9)
FNDA:0,(anonymous_10)
FNDA:0,(anonymous_11)
FNDA:0,(anonymous_12)
FNDA:0,(anonymous_13)
FNDA:0,(anonymous_14)
FNDA:0,(anonymous_15)
FNDA:0,(anonymous_16)
FNDA:0,(anonymous_17)
FNDA:0,(anonymous_18)
DA:5,0
DA:8,0
DA:9,0
DA:10,0
DA:12,0
DA:18,0
DA:21,0
DA:22,0
DA:23,0
DA:25,0
DA:31,0
DA:34,0
DA:35,0
DA:36,0
DA:38,0
DA:44,0
DA:47,0
DA:48,0
DA:49,0
DA:51,0
DA:57,0
DA:66,0
DA:68,0
DA:69,0
DA:72,0
DA:73,0
DA:74,0
DA:77,0
DA:78,0
DA:81,0
DA:82,0
DA:85,0
DA:86,0
DA:87,0
DA:90,0
DA:91,0
DA:94,0
DA:95,0
DA:98,0
DA:99,0
DA:100,0
DA:101,0
DA:103,0
DA:106,0
DA:107,0
DA:110,0
DA:111,0
DA:114,0
DA:115,0
DA:116,0
DA:119,0
DA:120,0
LF:52
LH:0
BRDA:100,0,0,0
BRDA:100,0,1,0
BRF:2
BRH:0
end_of_record
TN:
SF:src/auth/AuthProvider.jsx
FN:9,(anonymous_0)
FN:13,(anonymous_1)
FN:19,(anonymous_2)
FN:20,(anonymous_3)
FN:42,(anonymous_4)
FN:45,(anonymous_5)
FNF:6
FNH:0
FNDA:0,(anonymous_0)
FNDA:0,(anonymous_1)
FNDA:0,(anonymous_2)
FNDA:0,(anonymous_3)
FNDA:0,(anonymous_4)
FNDA:0,(anonymous_5)
DA:7,0
DA:9,0
DA:10,0
DA:13,0
DA:14,0
DA:15,0
DA:16,0
DA:17,0
DA:19,0
DA:20,0
DA:21,0
DA:24,0
DA:26,0
DA:32,0
DA:33,0
DA:36,0
DA:37,0
DA:39,0
DA:42,0
DA:45,0
DA:51,0
DA:58,0
LF:22
LH:0
BRDA:21,0,0,0
BRDA:21,0,1,0
BRF:2
BRH:0
end_of_record
TN:
SF:src/components/Admin/Header.jsx
FN:8,(anonymous_0)
FN:15,(anonymous_1)
FN:17,(anonymous_2)
FN:23,(anonymous_3)
FN:24,(anonymous_4)
FN:26,(anonymous_5)
FN:36,(anonymous_6)
FN:37,(anonymous_7)
FN:49,(anonymous_8)
FN:79,(anonymous_9)
FNF:10
FNH:10
FNDA:17,(anonymous_0)
FNDA:24,(anonymous_1)
FNDA:7,(anonymous_2)
FNDA:3,(anonymous_3)
FNDA:1,(anonymous_4)
FNDA:1,(anonymous_5)
FNDA:13,(anonymous_6)
FNDA:1,(anonymous_7)
FNDA:13,(anonymous_8)
FNDA:5,(anonymous_9)
DA:8,2
DA:9,17
DA:10,17
DA:11,17
DA:12,17
DA:13,17
DA:15,24
DA:17,17
DA:18,7
DA:19,2
DA:23,17
DA:24,17
DA:26,17
DA:27,1
DA:28,1
DA:29,1
DA:31,0
DA:36,17
DA:37,13
DA:38,1
DA:39,1
DA:43,13
DA:44,5
DA:46,8
DA:49,13
DA:50,13
DA:54,17
DA:55,1
DA:58,16
DA:79,5
LF:30
LH:29
BRDA:18,0,0,2
BRDA:18,0,1,5
BRDA:38,1,0,1
BRDA:38,1,1,0
BRDA:38,2,0,1
BRDA:38,2,1,1
BRDA:43,3,0,5
BRDA:43,3,1,8
BRDA:54,4,0,1
BRDA:54,4,1,16
BRDA:76,5,0,16
BRDA:76,5,1,15
BRDA:83,6,0,15
BRDA:83,6,1,0
BRDA:91,7,0,15
BRDA:91,7,1,9
BRDA:132,8,0,17
BRDA:132,8,1,3
BRF:18
BRH:16
end_of_record
TN:
SF:src/components/Admin/Sidebar.jsx
FN:24,(anonymous_0)
FN:25,(anonymous_1)
FN:50,(anonymous_2)
FN:54,(anonymous_3)
FNF:4
FNH:4
FNDA:4,(anonymous_0)
FNDA:8,(anonymous_1)
FNDA:24,(anonymous_2)
FNDA:24,(anonymous_3)
DA:13,2
DA:24,2
DA:25,8
DA:27,4
DA:51,24
DA:55,24
DA:82,2
LF:7
LH:7
BRDA:38,0,0,4
BRDA:38,0,1,1
BRDA:43,1,0,4
BRDA:43,1,1,1
BRDA:44,2,0,4
BRDA:44,2,1,1
BRDA:55,3,0,0
BRDA:55,3,1,24
BRF:8
BRH:7
end_of_record
TN:
SF:src/components/Admin/common/BlogForm.jsx
FN:12,(anonymous_0)
FN:25,(anonymous_1)
FN:39,(anonymous_2)
FN:43,(anonymous_3)
FN:47,(anonymous_4)
FN:117,(anonymous_5)
FN:134,(anonymous_6)
FN:175,(anonymous_7)
FN:195,(anonymous_8)
FNF:9
FNH:2
FNDA:6,(anonymous_0)
FNDA:3,(anonymous_1)
FNDA:0,(anonymous_2)
FNDA:0,(anonymous_3)
FNDA:0,(anonymous_4)
FNDA:0,(anonymous_5)
FNDA:0,(anonymous_6)
FNDA:0,(anonymous_7)
FNDA:0,(anonymous_8)
DA:12,2
DA:13,6
DA:20,6
DA:21,6
DA:22,6
DA:23,6
DA:25,6
DA:26,3
DA:27,1
DA:34,2
DA:36,3
DA:39,6
DA:40,0
DA:41,0
DA:42,0
DA:43,0
DA:47,6
DA:48,0
DA:49,0
DA:50,0
DA:51,0
DA:52,0
DA:53,0
DA:54,0
DA:56,0
DA:57,0
DA:58,0
DA:59,0
DA:62,0
DA:63,0
DA:66,0
DA:68,0
DA:69,0
DA:71,0
DA:72,0
DA:74,0
DA:75,0
DA:80,0
DA:84,6
DA:118,0
DA:135,0
DA:176,0
DA:196,0
DA:238,2
LF:44
LH:15
BRDA:26,0,0,1
BRDA:26,0,1,2
BRDA:41,1,0,0
BRDA:41,1,1,0
BRDA:56,2,0,0
BRDA:56,2,1,0
BRDA:58,3,0,0
BRDA:58,3,1,0
BRDA:62,4,0,0
BRDA:62,4,1,0
BRDA:77,5,0,0
BRDA:77,5,1,0
BRDA:85,6,0,4
BRDA:85,6,1,2
BRDA:95,7,0,2
BRDA:95,7,1,4
BRDA:209,8,0,6
BRDA:209,8,1,0
BRDA:227,9,0,0
BRDA:227,9,1,6
BRDA:227,10,0,2
BRDA:227,10,1,4
BRF:22
BRH:10
end_of_record
TN:
SF:src/components/Admin/common/ConfirmDeleteModal.jsx
FN:5,(anonymous_0)
FN:12,(anonymous_1)
FN:20,(anonymous_2)
FNF:3
FNH:3
FNDA:5,(anonymous_0)
FNDA:1,(anonymous_1)
FNDA:2,(anonymous_2)
DA:5,2
DA:6,5
DA:8,4
DA:12,1
DA:20,2
DA:53,2
LF:6
LH:6
BRDA:6,0,0,1
BRDA:6,0,1,4
BRDA:10,1,0,4
BRDA:10,1,1,0
BRDA:12,2,0,1
BRDA:12,2,1,0
BRDA:32,3,0,5
BRDA:32,3,1,3
BRF:8
BRH:6
end_of_record
TN:
SF:src/components/Admin/common/ConfirmLogoutModal.jsx
FN:5,(anonymous_0)
FN:12,(anonymous_1)
FN:20,(anonymous_2)
FNF:3
FNH:3
FNDA:4,(anonymous_0)
FNDA:1,(anonymous_1)
FNDA:1,(anonymous_2)
DA:5,1
DA:6,4
DA:8,3
DA:12,1
DA:20,1
DA:60,1
LF:6
LH:6
BRDA:6,0,0,1
BRDA:6,0,1,3
BRDA:12,1,0,1
BRDA:12,1,1,0
BRF:4
BRH:3
end_of_record
TN:
SF:src/components/Admin/common/EditProfileForm.jsx
FN:8,(anonymous_0)
FN:25,(anonymous_1)
FN:38,(anonymous_2)
FN:54,(anonymous_3)
FN:58,(anonymous_4)
FN:62,(anonymous_5)
FN:124,(anonymous_6)
FN:130,(anonymous_7)
FNF:8
FNH:3
FNDA:3,(anonymous_0)
FNDA:2,(anonymous_1)
FNDA:2,(anonymous_2)
FNDA:0,(anonymous_3)
FNDA:0,(anonymous_4)
FNDA:0,(anonymous_5)
FNDA:0,(anonymous_6)
FNDA:0,(anonymous_7)
DA:8,3
DA:9,3
DA:17,3
DA:18,3
DA:19,3
DA:20,3
DA:21,3
DA:22,3
DA:23,3
DA:25,3
DA:26,2
DA:27,0
DA:38,3
DA:39,2
DA:40,1
DA:48,1
DA:49,1
DA:50,1
DA:54,3
DA:55,0
DA:58,3
DA:59,0
DA:62,3
DA:63,0
DA:64,0
DA:65,0
DA:67,0
DA:68,0
DA:69,0
DA:70,0
DA:71,0
DA:73,0
DA:74,0
DA:75,0
DA:76,0
DA:80,0
DA:81,0
DA:82,0
DA:83,0
DA:84,0
DA:85,0
DA:86,0
DA:88,0
DA:90,0
DA:91,0
DA:92,0
DA:93,0
DA:94,0
DA:96,0
DA:98,0
DA:102,3
DA:124,0
DA:130,0
DA:274,3
LF:54
LH:22
BRDA:26,0,0,0
BRDA:26,0,1,2
BRDA:28,1,0,0
BRDA:28,1,1,0
BRDA:29,2,0,0
BRDA:29,2,1,0
BRDA:30,3,0,0
BRDA:30,3,1,0
BRDA:39,4,0,1
BRDA:39,4,1,1
BRDA:67,5,0,0
BRDA:67,5,1,0
BRDA:68,6,0,0
BRDA:68,6,1,0
BRDA:73,7,0,0
BRDA:73,7,1,0
BRDA:84,8,0,0
BRDA:84,8,1,0
BRDA:88,9,0,0
BRDA:88,9,1,0
BRDA:96,10,0,0
BRDA:96,10,1,0
BRDA:103,11,0,1
BRDA:103,11,1,2
BRDA:117,12,0,3
BRDA:117,12,1,0
BRDA:125,13,0,3
BRDA:125,13,1,0
BRDA:131,14,0,0
BRDA:131,14,1,3
BRDA:138,15,0,3
BRDA:138,15,1,3
BRDA:188,16,0,3
BRDA:188,16,1,0
BRDA:206,17,0,0
BRDA:206,17,1,3
BRDA:213,18,0,3
BRDA:213,18,1,0
BRDA:262,19,0,0
BRDA:262,19,1,0
BRF:40
BRH:13
end_of_record
TN:
SF:src/components/Admin/common/ErrorMessage.jsx
FN:5,(anonymous_0)
FNF:1
FNH:1
FNDA:4,(anonymous_0)
DA:5,1
DA:6,4
DA:19,1
LF:3
LH:3
BRDA:5,0,0,4
BRDA:10,1,0,4
BRDA:10,1,1,1
BRF:3
BRH:3
end_of_record
TN:
SF:src/components/Admin/common/IklanForm.jsx
FN:9,(anonymous_0)
FN:20,(anonymous_1)
FN:30,(anonymous_2)
FN:59,(anonymous_3)
FN:135,(anonymous_4)
FNF:5
FNH:0
FNDA:0,(anonymous_0)
FNDA:0,(anonymous_1)
FNDA:0,(anonymous_2)
FNDA:0,(anonymous_3)
FNDA:0,(anonymous_4)
DA:9,1
DA:16,0
DA:18,0
DA:20,0
DA:21,0
DA:22,0
DA:23,0
DA:24,0
DA:26,0
DA:30,0
DA:31,0
DA:32,0
DA:33,0
DA:34,0
DA:36,0
DA:37,0
DA:38,0
DA:39,0
DA:42,0
DA:43,0
DA:44,0
DA:46,0
DA:49,0
DA:50,0
DA:51,0
DA:53,0
DA:57,0
DA:59,0
DA:60,0
DA:61,0
DA:63,0
DA:66,0
DA:136,0
DA:137,0
DA:158,1
LF:35
LH:2
BRDA:21,0,0,0
BRDA:21,0,1,0
BRDA:24,1,0,0
BRDA:24,1,1,0
BRDA:36,2,0,0
BRDA:36,2,1,0
BRDA:38,3,0,0
BRDA:38,3,1,0
BRDA:43,4,0,0
BRDA:43,4,1,0
BRDA:57,5,0,0
BRDA:57,5,1,0
BRDA:60,6,0,0
BRDA:60,6,1,0
BRDA:61,7,0,0
BRDA:61,7,1,0
BRDA:63,8,0,0
BRDA:63,8,1,0
BRDA:67,9,0,0
BRDA:67,9,1,0
BRDA:77,10,0,0
BRDA:77,10,1,0
BRF:22
BRH:0
end_of_record
TN:
SF:src/components/Admin/common/Loading.jsx
FN:3,(anonymous_0)
FNF:1
FNH:0
FNDA:0,(anonymous_0)
DA:3,0
DA:4,0
DA:12,0
LF:3
LH:0
BRDA:3,0,0,0
BRF:1
BRH:0
end_of_record
TN:
SF:src/components/Admin/common/LogoPtForm.jsx
FN:9,(anonymous_0)
FN:19,(anonymous_1)
FN:30,(anonymous_2)
FNF:3
FNH:0
FNDA:0,(anonymous_0)
FNDA:0,(anonymous_1)
FNDA:0,(anonymous_2)
DA:9,1
DA:15,0
DA:17,0
DA:19,0
DA:20,0
DA:21,0
DA:26,0
DA:30,0
DA:31,0
DA:32,0
DA:33,0
DA:34,0
DA:37,0
DA:38,0
DA:39,0
DA:41,0
DA:44,0
DA:46,0
DA:50,0
DA:52,0
DA:124,1
LF:21
LH:2
BRDA:20,0,0,0
BRDA:20,0,1,0
BRDA:22,1,0,0
BRDA:22,1,1,0
BRDA:33,2,0,0
BRDA:33,2,1,0
BRDA:38,3,0,0
BRDA:38,3,1,0
BRDA:50,4,0,0
BRDA:50,4,1,0
BRDA:53,5,0,0
BRDA:53,5,1,0
BRDA:62,6,0,0
BRDA:62,6,1,0
BRDA:92,7,0,0
BRDA:92,7,1,0
BRDA:115,8,0,0
BRDA:115,8,1,0
BRF:18
BRH:0
end_of_record
TN:
SF:src/components/Admin/common/RichEditor.jsx
FN:17,(anonymous_0)
FN:28,(anonymous_1)
FN:34,(anonymous_2)
FN:39,(anonymous_3)
FN:44,(anonymous_4)
FN:49,(anonymous_5)
FN:54,(anonymous_6)
FN:62,(anonymous_7)
FN:69,(anonymous_8)
FN:77,(anonymous_9)
FN:87,(anonymous_10)
FN:92,(anonymous_11)
FNF:12
FNH:0
FNDA:0,(anonymous_0)
FNDA:0,(anonymous_1)
FNDA:0,(anonymous_2)
FNDA:0,(anonymous_3)
FNDA:0,(anonymous_4)
FNDA:0,(anonymous_5)
FNDA:0,(anonymous_6)
FNDA:0,(anonymous_7)
FNDA:0,(anonymous_8)
FNDA:0,(anonymous_9)
FNDA:0,(anonymous_10)
FNDA:0,(anonymous_11)
DA:17,0
DA:18,0
DA:28,0
DA:29,0
DA:31,0
DA:34,0
DA:39,0
DA:44,0
DA:49,0
DA:55,0
DA:56,0
DA:63,0
DA:64,0
DA:69,0
DA:77,0
DA:78,0
DA:88,0
DA:92,0
DA:93,0
DA:94,0
DA:98,0
DA:106,0
DA:111,0
DA:117,0
LF:24
LH:0
BRDA:21,0,0,0
BRDA:21,0,1,0
BRDA:29,1,0,0
BRDA:29,1,1,0
BRDA:56,2,0,0
BRDA:56,2,1,0
BRDA:64,3,0,0
BRDA:64,3,1,0
BRDA:93,4,0,0
BRDA:93,4,1,0
BRDA:93,5,0,0
BRDA:93,5,1,0
BRF:12
BRH:0
end_of_record
TN:
SF:src/components/Admin/common/TestimonialsForm.jsx
FN:11,(anonymous_0)
FN:27,(anonymous_1)
FN:50,(anonymous_2)
FN:53,(anonymous_3)
FN:59,(anonymous_4)
FN:61,(anonymous_5)
FN:66,(anonymous_6)
FN:166,(anonymous_7)
FN:184,(anonymous_8)
FN:200,(anonymous_9)
FN:213,(anonymous_10)
FN:220,(anonymous_11)
FNF:12
FNH:3
FNDA:8,(anonymous_0)
FNDA:4,(anonymous_1)
FNDA:0,(anonymous_2)
FNDA:0,(anonymous_3)
FNDA:0,(anonymous_4)
FNDA:0,(anonymous_5)
FNDA:0,(anonymous_6)
FNDA:0,(anonymous_7)
FNDA:0,(anonymous_8)
FNDA:0,(anonymous_9)
FNDA:40,(anonymous_10)
FNDA:0,(anonymous_11)
DA:11,3
DA:12,8
DA:13,8
DA:14,8
DA:16,8
DA:24,8
DA:25,8
DA:27,8
DA:28,4
DA:29,1
DA:36,1
DA:38,3
DA:45,3
DA:47,4
DA:50,8
DA:51,0
DA:52,0
DA:53,0
DA:54,0
DA:55,0
DA:59,8
DA:60,0
DA:61,0
DA:62,0
DA:63,0
DA:66,8
DA:67,0
DA:68,0
DA:70,0
DA:71,0
DA:72,0
DA:73,0
DA:74,0
DA:76,0
DA:77,0
DA:80,0
DA:81,0
DA:84,0
DA:85,0
DA:86,0
DA:90,0
DA:93,0
DA:94,0
DA:96,0
DA:98,0
DA:102,8
DA:167,0
DA:185,0
DA:201,0
DA:214,40
DA:221,0
DA:249,3
LF:52
LH:20
BRDA:28,0,0,1
BRDA:28,0,1,3
BRDA:30,1,0,1
BRDA:30,1,1,1
BRDA:31,2,0,1
BRDA:31,2,1,0
BRDA:32,3,0,1
BRDA:32,3,1,1
BRDA:33,4,0,1
BRDA:33,4,1,1
BRDA:36,5,0,1
BRDA:36,5,1,1
BRDA:52,6,0,0
BRDA:52,6,1,0
BRDA:63,7,0,0
BRDA:63,7,1,0
BRDA:76,8,0,0
BRDA:76,8,1,0
BRDA:80,9,0,0
BRDA:80,9,1,0
BRDA:85,10,0,0
BRDA:85,10,1,0
BRDA:93,11,0,0
BRDA:93,11,1,0
BRDA:103,12,0,4
BRDA:103,12,1,4
BRDA:113,13,0,2
BRDA:113,13,1,6
BRDA:129,14,0,8
BRDA:129,14,1,0
BRDA:238,15,0,0
BRDA:238,15,1,8
BRDA:238,16,0,2
BRDA:238,16,1,6
BRF:34
BRH:19
end_of_record
TN:
SF:src/components/Admin/common/Toast.jsx
FN:5,(anonymous_0)
FN:6,(anonymous_1)
FN:8,(anonymous_2)
FNF:3
FNH:0
FNDA:0,(anonymous_0)
FNDA:0,(anonymous_1)
FNDA:0,(anonymous_2)
DA:5,1
DA:6,0
DA:7,0
DA:8,0
DA:11,0
DA:18,0
DA:30,1
LF:7
LH:2
BRDA:5,0,0,0
BRF:1
BRH:0
end_of_record
TN:
SF:src/components/Admin/common/heroForm.jsx
FN:10,(anonymous_0)
FN:21,(anonymous_1)
FN:31,(anonymous_2)
FN:126,(anonymous_3)
FNF:4
FNH:2
FNDA:7,(anonymous_0)
FNDA:4,(anonymous_1)
FNDA:0,(anonymous_2)
FNDA:0,(anonymous_3)
DA:10,3
DA:17,7
DA:19,7
DA:21,7
DA:22,4
DA:23,1
DA:24,1
DA:25,1
DA:27,3
DA:31,7
DA:32,0
DA:33,0
DA:34,0
DA:35,0
DA:37,0
DA:38,0
DA:39,0
DA:40,0
DA:43,0
DA:44,0
DA:45,0
DA:47,0
DA:50,0
DA:51,0
DA:52,0
DA:54,0
DA:58,7
DA:60,3
DA:127,0
DA:128,0
DA:155,3
LF:31
LH:13
BRDA:22,0,0,1
BRDA:22,0,1,3
BRDA:25,1,0,1
BRDA:25,1,1,1
BRDA:37,2,0,0
BRDA:37,2,1,0
BRDA:39,3,0,0
BRDA:39,3,1,0
BRDA:44,4,0,0
BRDA:44,4,1,0
BRDA:58,5,0,4
BRDA:58,5,1,3
BRDA:61,6,0,3
BRDA:61,6,1,0
BRDA:71,7,0,1
BRDA:71,7,1,2
BRDA:140,8,0,0
BRDA:140,8,1,3
BRDA:141,9,0,0
BRDA:141,9,1,0
BRDA:144,10,0,1
BRDA:144,10,1,2
BRF:22
BRH:12
end_of_record
TN:
SF:src/components/Admin/common/userForm.jsx
FN:7,(anonymous_0)
FN:18,(anonymous_1)
FN:31,(anonymous_2)
FN:32,(anonymous_3)
FN:38,(anonymous_4)
FN:63,(anonymous_5)
FN:77,(anonymous_6)
FN:92,(anonymous_7)
FN:105,(anonymous_8)
FN:119,(anonymous_9)
FNF:10
FNH:2
FNDA:2,(anonymous_0)
FNDA:2,(anonymous_1)
FNDA:0,(anonymous_2)
FNDA:0,(anonymous_3)
FNDA:0,(anonymous_4)
FNDA:0,(anonymous_5)
FNDA:0,(anonymous_6)
FNDA:0,(anonymous_7)
FNDA:0,(anonymous_8)
FNDA:0,(anonymous_9)
DA:7,2
DA:8,2
DA:16,2
DA:18,2
DA:19,2
DA:20,0
DA:30,2
DA:31,0
DA:33,0
DA:34,0
DA:38,2
DA:39,0
DA:40,0
DA:43,2
DA:45,1
DA:64,0
DA:78,0
DA:93,0
DA:106,0
DA:120,0
DA:145,2
LF:21
LH:10
BRDA:19,0,0,0
BRDA:19,0,1,2
BRDA:31,1,0,0
BRDA:31,1,1,0
BRDA:43,2,0,1
BRDA:43,2,1,1
BRDA:49,3,0,0
BRDA:49,3,1,1
BRDA:84,4,0,2
BRDA:84,4,1,1
BRDA:136,5,0,0
BRDA:136,5,1,1
BRF:12
BRH:7
end_of_record
TN:
SF:src/components/LandingPage/notfound.jsx
FN:5,(anonymous_0)
FNF:1
FNH:0
FNDA:0,(anonymous_0)
DA:5,1
DA:6,0
LF:2
LH:1
BRF:0
BRH:0
end_of_record
TN:
SF:src/context/ThemeContext.jsx
FN:5,(anonymous_0)
FN:9,(anonymous_1)
FN:10,(anonymous_2)
FN:14,(anonymous_3)
FN:19,(anonymous_4)
FN:20,(anonymous_5)
FNF:6
FNH:6
FNDA:6,(anonymous_0)
FNDA:8,(anonymous_1)
FNDA:6,(anonymous_2)
FNDA:8,(anonymous_3)
FNDA:2,(anonymous_4)
FNDA:2,(anonymous_5)
DA:3,3
DA:5,6
DA:9,3
DA:10,8
DA:11,6
DA:14,8
DA:15,8
DA:16,8
DA:19,8
DA:20,2
DA:23,8
DA:30,3
LF:12
LH:12
BRDA:11,0,0,6
BRDA:11,0,1,4
BRDA:20,1,0,1
BRDA:20,1,1,1
BRF:4
BRH:4
end_of_record
TN:
SF:src/middleware/ProtectedRoutes.jsx
FN:62,(anonymous_0)
FN:65,(anonymous_1)
FNF:2
FNH:0
FNDA:0,(anonymous_0)
FNDA:0,(anonymous_1)
DA:62,0
DA:63,0
DA:64,0
DA:65,0
DA:69,0
DA:70,0
DA:74,0
DA:75,0
DA:79,0
DA:82,0
LF:10
LH:0
BRDA:69,0,0,0
BRDA:69,0,1,0
BRDA:69,1,0,0
BRDA:69,1,1,0
BRDA:69,1,2,0
BRDA:74,2,0,0
BRDA:74,2,1,0
BRDA:74,3,0,0
BRDA:74,3,1,0
BRF:9
BRH:0
end_of_record
TN:
SF:src/pages/Admin/AddUser.jsx
FN:1,(anonymous_0)
FN:14,(anonymous_1)
FNF:2
FNH:0
FNDA:0,(anonymous_0)
FNDA:0,(anonymous_1)
DA:1,1
DA:2,0
DA:14,0
LF:3
LH:1
BRF:0
BRH:0
end_of_record
TN:
SF:src/pages/Admin/Blog.jsx
FN:9,(anonymous_0)
FN:16,(anonymous_1)
FN:19,(anonymous_2)
FN:23,(anonymous_3)
FN:28,(anonymous_4)
FN:33,(anonymous_5)
FN:48,(anonymous_6)
FN:55,(anonymous_7)
FN:63,(anonymous_8)
FN:76,(anonymous_9)
FN:107,(anonymous_10)
FN:113,(anonymous_11)
FN:130,(anonymous_12)
FNF:13
FNH:6
FNDA:4,(anonymous_0)
FNDA:7,(anonymous_1)
FNDA:3,(anonymous_2)
FNDA:0,(anonymous_3)
FNDA:1,(anonymous_4)
FNDA:0,(anonymous_5)
FNDA:0,(anonymous_6)
FNDA:0,(anonymous_7)
FNDA:0,(anonymous_8)
FNDA:6,(anonymous_9)
FNDA:0,(anonymous_10)
FNDA:1,(anonymous_11)
FNDA:0,(anonymous_12)
DA:9,2
DA:10,4
DA:11,4
DA:12,4
DA:13,4
DA:14,4
DA:16,7
DA:17,4
DA:19,4
DA:20,3
DA:23,4
DA:24,0
DA:25,0
DA:28,4
DA:29,1
DA:30,1
DA:33,4
DA:34,0
DA:35,0
DA:36,0
DA:37,0
DA:38,0
DA:40,0
DA:41,0
DA:44,0
DA:45,0
DA:48,4
DA:49,0
DA:50,0
DA:53,4
DA:55,0
DA:64,0
DA:65,0
DA:77,6
DA:107,0
DA:113,1
DA:131,0
DA:132,0
LF:38
LH:19
BRDA:34,0,0,0
BRDA:34,0,1,0
BRDA:55,1,0,4
BRDA:55,1,1,0
BRDA:72,2,0,1
BRDA:72,2,1,3
BRDA:93,3,0,3
BRDA:93,3,1,3
BRDA:127,4,0,4
BRDA:127,4,1,0
BRF:10
BRH:6
end_of_record
TN:
SF:src/pages/Admin/Dashboard.jsx
FN:15,(anonymous_0)
FN:19,(anonymous_1)
FN:21,(anonymous_2)
FN:69,(anonymous_3)
FNF:4
FNH:4
FNDA:2,(anonymous_0)
FNDA:4,(anonymous_1)
FNDA:2,(anonymous_2)
FNDA:5,(anonymous_3)
DA:10,1
DA:15,1
DA:16,2
DA:18,2
DA:19,4
DA:21,2
DA:22,2
DA:26,2
DA:27,1
DA:35,1
DA:36,0
DA:45,1
DA:53,2
DA:70,5
LF:14
LH:13
BRDA:26,0,0,1
BRDA:26,0,1,1
BRDA:35,1,0,0
BRDA:35,1,1,1
BRDA:46,2,0,1
BRDA:46,2,1,0
BRDA:47,3,0,2
BRDA:47,3,1,1
BRDA:48,4,0,2
BRDA:48,4,1,1
BRDA:49,5,0,2
BRDA:49,5,1,1
BRDA:50,6,0,2
BRDA:50,6,1,1
BRF:14
BRH:12
end_of_record
TN:
SF:src/pages/Admin/ForgotPassword.jsx
FN:4,(anonymous_0)
FN:9,(anonymous_1)
FN:34,(anonymous_2)
FNF:3
FNH:0
FNDA:0,(anonymous_0)
FNDA:0,(anonymous_1)
FNDA:0,(anonymous_2)
DA:4,1
DA:5,0
DA:6,0
DA:7,0
DA:9,0
DA:10,0
DA:11,0
DA:12,0
DA:13,0
DA:14,0
DA:16,0
DA:18,0
DA:22,0
DA:34,0
LF:14
LH:1
BRDA:16,0,0,0
BRDA:16,0,1,0
BRDA:44,1,0,0
BRDA:44,1,1,0
BRDA:47,2,0,0
BRDA:47,2,1,0
BRF:6
BRH:0
end_of_record
TN:
SF:src/pages/Admin/Hero.jsx
FN:8,(anonymous_0)
FN:15,(anonymous_1)
FN:18,(anonymous_2)
FN:22,(anonymous_3)
FN:27,(anonymous_4)
FN:32,(anonymous_5)
FN:47,(anonymous_6)
FN:54,(anonymous_7)
FN:63,(anonymous_8)
FN:82,(anonymous_9)
FN:112,(anonymous_10)
FN:118,(anonymous_11)
FN:133,(anonymous_12)
FNF:13
FNH:3
FNDA:1,(anonymous_0)
FNDA:2,(anonymous_1)
FNDA:1,(anonymous_2)
FNDA:0,(anonymous_3)
FNDA:0,(anonymous_4)
FNDA:0,(anonymous_5)
FNDA:0,(anonymous_6)
FNDA:0,(anonymous_7)
FNDA:0,(anonymous_8)
FNDA:0,(anonymous_9)
FNDA:0,(anonymous_10)
FNDA:0,(anonymous_11)
FNDA:0,(anonymous_12)
DA:8,2
DA:9,1
DA:10,1
DA:11,1
DA:12,1
DA:13,1
DA:15,2
DA:16,1
DA:18,1
DA:19,1
DA:22,1
DA:23,0
DA:24,0
DA:27,1
DA:28,0
DA:29,0
DA:32,1
DA:33,0
DA:34,0
DA:35,0
DA:36,0
DA:37,0
DA:39,0
DA:40,0
DA:43,0
DA:44,0
DA:47,1
DA:48,0
DA:49,0
DA:52,1
DA:54,0
DA:64,0
DA:65,0
DA:83,0
DA:112,0
DA:118,0
DA:134,0
DA:135,0
LF:38
LH:15
BRDA:33,0,0,0
BRDA:33,0,1,0
BRDA:54,1,0,1
BRDA:54,1,1,0
BRDA:55,2,0,1
BRDA:55,2,1,0
BRDA:74,3,0,0
BRDA:74,3,1,1
BRDA:76,4,0,1
BRDA:76,4,1,0
BRDA:101,5,0,0
BRDA:101,5,1,0
BRDA:106,6,0,0
BRDA:106,6,1,0
BRF:14
BRH:4
end_of_record
TN:
SF:src/pages/Admin/Iklan.jsx
FN:8,(anonymous_0)
FN:15,(anonymous_1)
FN:18,(anonymous_2)
FN:22,(anonymous_3)
FN:27,(anonymous_4)
FN:32,(anonymous_5)
FN:47,(anonymous_6)
FN:54,(anonymous_7)
FN:63,(anonymous_8)
FN:78,(anonymous_9)
FN:102,(anonymous_10)
FN:108,(anonymous_11)
FN:123,(anonymous_12)
FNF:13
FNH:3
FNDA:1,(anonymous_0)
FNDA:2,(anonymous_1)
FNDA:1,(anonymous_2)
FNDA:0,(anonymous_3)
FNDA:0,(anonymous_4)
FNDA:0,(anonymous_5)
FNDA:0,(anonymous_6)
FNDA:0,(anonymous_7)
FNDA:0,(anonymous_8)
FNDA:0,(anonymous_9)
FNDA:0,(anonymous_10)
FNDA:0,(anonymous_11)
FNDA:0,(anonymous_12)
DA:8,2
DA:9,1
DA:10,1
DA:11,1
DA:12,1
DA:13,1
DA:15,2
DA:16,1
DA:18,1
DA:19,1
DA:22,1
DA:23,0
DA:24,0
DA:27,1
DA:28,0
DA:29,0
DA:32,1
DA:33,0
DA:34,0
DA:35,0
DA:36,0
DA:37,0
DA:39,0
DA:40,0
DA:43,0
DA:44,0
DA:47,1
DA:48,0
DA:49,0
DA:52,1
DA:54,0
DA:64,0
DA:65,0
DA:79,0
DA:102,0
DA:108,0
DA:124,0
DA:125,0
LF:38
LH:15
BRDA:33,0,0,0
BRDA:33,0,1,0
BRDA:54,1,0,1
BRDA:54,1,1,0
BRDA:55,2,0,1
BRDA:55,2,1,0
BRDA:74,3,0,0
BRDA:74,3,1,1
BRDA:95,4,0,0
BRDA:95,4,1,0
BRDA:96,5,0,0
BRDA:96,5,1,0
BRF:12
BRH:3
end_of_record
TN:
SF:src/pages/Admin/LogoPt.jsx
FN:8,(anonymous_0)
FN:15,(anonymous_1)
FN:18,(anonymous_2)
FN:22,(anonymous_3)
FN:27,(anonymous_4)
FN:32,(anonymous_5)
FN:47,(anonymous_6)
FN:54,(anonymous_7)
FN:59,(anonymous_8)
FN:75,(anonymous_9)
FN:94,(anonymous_10)
FN:100,(anonymous_11)
FN:114,(anonymous_12)
FNF:13
FNH:3
FNDA:1,(anonymous_0)
FNDA:2,(anonymous_1)
FNDA:1,(anonymous_2)
FNDA:0,(anonymous_3)
FNDA:0,(anonymous_4)
FNDA:0,(anonymous_5)
FNDA:0,(anonymous_6)
FNDA:0,(anonymous_7)
FNDA:0,(anonymous_8)
FNDA:0,(anonymous_9)
FNDA:0,(anonymous_10)
FNDA:0,(anonymous_11)
FNDA:0,(anonymous_12)
DA:8,2
DA:9,1
DA:10,1
DA:11,1
DA:12,1
DA:13,1
DA:15,2
DA:16,1
DA:18,1
DA:19,1
DA:22,1
DA:23,0
DA:24,0
DA:27,1
DA:28,0
DA:29,0
DA:32,1
DA:33,0
DA:34,0
DA:35,0
DA:36,0
DA:37,0
DA:39,0
DA:40,0
DA:43,0
DA:44,0
DA:47,1
DA:48,0
DA:49,0
DA:52,1
DA:54,0
DA:60,0
DA:61,0
DA:76,0
DA:94,0
DA:100,0
DA:115,0
DA:116,0
LF:38
LH:15
BRDA:33,0,0,0
BRDA:33,0,1,0
BRDA:54,1,0,1
BRDA:54,1,1,0
BRDA:69,2,0,0
BRDA:69,2,1,1
BRDA:71,3,0,0
BRDA:71,3,1,1
BRF:8
BRH:3
end_of_record
TN:
SF:src/pages/Admin/Notification.jsx
FN:51,(anonymous_0)
FN:54,(anonymous_1)
FN:77,(anonymous_2)
FN:80,(anonymous_3)
FN:96,(anonymous_4)
FNF:5
FNH:0
FNDA:0,(anonymous_0)
FNDA:0,(anonymous_1)
FNDA:0,(anonymous_2)
FNDA:0,(anonymous_3)
FNDA:0,(anonymous_4)
DA:10,1
DA:49,1
DA:51,1
DA:52,0
DA:54,0
DA:55,0
DA:56,0
DA:59,0
DA:78,0
DA:80,0
DA:97,0
LF:11
LH:3
BRDA:55,0,0,0
BRDA:55,0,1,0
BRDA:81,1,0,0
BRDA:81,1,1,0
BRDA:91,2,0,0
BRDA:91,2,1,0
BRDA:99,3,0,0
BRDA:99,3,1,0
BRDA:106,4,0,0
BRDA:106,4,1,0
BRDA:108,5,0,0
BRDA:108,5,1,0
BRF:12
BRH:0
end_of_record
TN:
SF:src/pages/Admin/Profile.jsx
FN:10,(anonymous_0)
FN:19,(anonymous_1)
FN:25,(anonymous_2)
FN:31,(anonymous_3)
FN:37,(anonymous_4)
FN:83,(anonymous_5)
FN:114,(anonymous_6)
FNF:7
FNH:4
FNDA:1,(anonymous_0)
FNDA:2,(anonymous_1)
FNDA:1,(anonymous_2)
FNDA:1,(anonymous_3)
FNDA:0,(anonymous_4)
FNDA:0,(anonymous_5)
FNDA:0,(anonymous_6)
DA:10,2
DA:11,1
DA:12,1
DA:14,1
DA:15,1
DA:16,1
DA:18,1
DA:19,2
DA:22,1
DA:23,1
DA:25,1
DA:26,1
DA:27,0
DA:31,1
DA:32,1
DA:33,0
DA:37,1
DA:38,0
DA:39,0
DA:42,1
DA:43,0
DA:50,1
DA:51,0
DA:60,1
DA:83,0
DA:114,0
LF:26
LH:18
BRDA:23,0,0,1
BRDA:23,0,1,1
BRDA:26,1,0,0
BRDA:26,1,1,1
BRDA:32,2,0,0
BRDA:32,2,1,1
BRDA:32,3,0,1
BRDA:32,3,1,1
BRDA:32,3,2,1
BRDA:42,4,0,0
BRDA:42,4,1,1
BRDA:50,5,0,0
BRDA:50,5,1,1
BRDA:80,6,0,1
BRDA:80,6,1,1
BRDA:90,7,0,1
BRDA:90,7,1,1
BRDA:97,8,0,0
BRDA:97,8,1,1
BRDA:102,9,0,0
BRDA:102,9,1,1
BRDA:106,10,0,1
BRDA:106,10,1,1
BRDA:107,11,0,1
BRDA:107,11,1,0
BRDA:111,12,0,1
BRDA:111,12,1,0
BRDA:111,12,2,0
BRF:28
BRH:19
end_of_record
TN:
SF:src/pages/Admin/ResetPassword.jsx
FN:4,(anonymous_0)
FN:11,(anonymous_1)
FN:41,(anonymous_2)
FN:49,(anonymous_3)
FN:57,(anonymous_4)
FNF:5
FNH:0
FNDA:0,(anonymous_0)
FNDA:0,(anonymous_1)
FNDA:0,(anonymous_2)
FNDA:0,(anonymous_3)
FNDA:0,(anonymous_4)
DA:4,1
DA:5,0
DA:6,0
DA:7,0
DA:8,0
DA:9,0
DA:11,0
DA:12,0
DA:13,0
DA:14,0
DA:15,0
DA:20,0
DA:23,0
DA:25,0
DA:29,0
DA:41,0
DA:49,0
DA:57,0
LF:18
LH:1
BRDA:23,0,0,0
BRDA:23,0,1,0
BRDA:67,1,0,0
BRDA:67,1,1,0
BRDA:70,2,0,0
BRDA:70,2,1,0
BRF:6
BRH:0
end_of_record
TN:
SF:src/pages/Admin/Testimonials.jsx
FN:13,(anonymous_0)
FN:16,(anonymous_1)
FN:28,(anonymous_2)
FN:32,(anonymous_3)
FN:37,(anonymous_4)
FN:42,(anonymous_5)
FN:47,(anonymous_6)
FN:62,(anonymous_7)
FN:67,(anonymous_8)
FN:76,(anonymous_9)
FN:84,(anonymous_10)
FN:94,(anonymous_11)
FN:126,(anonymous_12)
FN:151,(anonymous_13)
FN:157,(anonymous_14)
FN:175,(anonymous_15)
FN:185,(anonymous_16)
FN:197,(anonymous_17)
FNF:18
FNH:3
FNDA:1,(anonymous_0)
FNDA:2,(anonymous_1)
FNDA:1,(anonymous_2)
FNDA:0,(anonymous_3)
FNDA:0,(anonymous_4)
FNDA:0,(anonymous_5)
FNDA:0,(anonymous_6)
FNDA:0,(anonymous_7)
FNDA:0,(anonymous_8)
FNDA:0,(anonymous_9)
FNDA:0,(anonymous_10)
FNDA:0,(anonymous_11)
FNDA:0,(anonymous_12)
FNDA:0,(anonymous_13)
FNDA:0,(anonymous_14)
FNDA:0,(anonymous_15)
FNDA:0,(anonymous_16)
FNDA:0,(anonymous_17)
DA:13,2
DA:14,1
DA:15,1
DA:16,2
DA:19,1
DA:20,1
DA:21,1
DA:22,1
DA:23,1
DA:24,1
DA:25,1
DA:26,1
DA:28,1
DA:29,1
DA:32,1
DA:33,0
DA:34,0
DA:37,1
DA:38,0
DA:39,0
DA:42,1
DA:43,0
DA:44,0
DA:47,1
DA:48,0
DA:50,0
DA:51,0
DA:52,0
DA:53,0
DA:55,0
DA:58,0
DA:59,0
DA:62,1
DA:63,0
DA:64,0
DA:67,1
DA:68,0
DA:69,0
DA:72,1
DA:73,1
DA:74,1
DA:76,1
DA:78,1
DA:79,0
DA:82,1
DA:84,0
DA:94,0
DA:127,0
DA:151,0
DA:157,0
DA:175,0
DA:185,0
DA:197,0
LF:53
LH:26
BRDA:15,0,0,1
BRDA:16,1,0,2
BRDA:16,1,1,0
BRDA:48,2,0,0
BRDA:48,2,1,0
BRDA:68,3,0,0
BRDA:68,3,1,0
BRDA:78,4,0,0
BRDA:78,4,1,1
BRDA:84,5,0,1
BRDA:84,5,1,0
BRDA:111,6,0,1
BRDA:111,6,1,0
BRDA:134,7,0,0
BRDA:134,7,1,0
BRDA:172,8,0,1
BRDA:172,8,1,0
BRF:17
BRH:6
end_of_record
TN:
SF:src/pages/Admin/Users.jsx
FN:7,(anonymous_0)
FN:24,(anonymous_1)
FN:29,(anonymous_2)
FN:34,(anonymous_3)
FN:58,(anonymous_4)
FN:79,(anonymous_5)
FN:101,(anonymous_6)
FN:107,(anonymous_7)
FN:123,(anonymous_8)
FNF:9
FNH:5
FNDA:4,(anonymous_0)
FNDA:1,(anonymous_1)
FNDA:0,(anonymous_2)
FNDA:1,(anonymous_3)
FNDA:0,(anonymous_4)
FNDA:2,(anonymous_5)
FNDA:0,(anonymous_6)
FNDA:1,(anonymous_7)
FNDA:0,(anonymous_8)
DA:7,2
DA:8,4
DA:9,4
DA:10,4
DA:17,4
DA:22,4
DA:25,1
DA:29,4
DA:30,0
DA:31,0
DA:34,4
DA:35,1
DA:36,1
DA:40,4
DA:41,2
DA:44,2
DA:45,0
DA:52,2
DA:59,0
DA:60,0
DA:80,2
DA:101,0
DA:107,1
DA:123,0
LF:24
LH:17
BRDA:35,0,0,1
BRDA:35,0,1,0
BRDA:40,1,0,2
BRDA:40,1,1,2
BRDA:44,2,0,0
BRDA:44,2,1,2
BRDA:85,3,0,2
BRDA:85,3,1,0
BRDA:93,4,0,2
BRDA:93,4,1,0
BRF:10
BRH:6
end_of_record
TN:
SF:src/pages/Admin/Verify2FA.jsx
FN:9,(anonymous_0)
FN:16,(anonymous_1)
FN:24,(anonymous_2)
FN:31,(anonymous_3)
FN:64,(anonymous_4)
FN:83,(anonymous_5)
FNF:6
FNH:0
FNDA:0,(anonymous_0)
FNDA:0,(anonymous_1)
FNDA:0,(anonymous_2)
FNDA:0,(anonymous_3)
FNDA:0,(anonymous_4)
FNDA:0,(anonymous_5)
DA:9,1
DA:10,0
DA:11,0
DA:12,0
DA:13,0
DA:14,0
DA:16,0
DA:18,0
DA:19,0
DA:20,0
DA:24,0
DA:25,0
DA:26,0
DA:27,0
DA:28,0
DA:29,0
DA:31,0
DA:32,0
DA:35,0
DA:40,0
DA:44,0
DA:64,0
DA:83,0
LF:23
LH:1
BRDA:19,0,0,0
BRDA:19,0,1,0
BRDA:37,1,0,0
BRDA:37,1,1,0
BRDA:74,2,0,0
BRDA:74,2,1,0
BRDA:79,3,0,0
BRDA:79,3,1,0
BRF:8
BRH:0
end_of_record
TN:
SF:src/pages/Auth/Login.jsx
FN:13,(anonymous_0)
FN:19,(anonymous_1)
FN:23,(anonymous_2)
FN:34,(anonymous_3)
FN:71,(anonymous_4)
FN:86,(anonymous_5)
FN:91,(anonymous_6)
FN:91,(anonymous_7)
FN:123,(anonymous_8)
FNF:9
FNH:0
FNDA:0,(anonymous_0)
FNDA:0,(anonymous_1)
FNDA:0,(anonymous_2)
FNDA:0,(anonymous_3)
FNDA:0,(anonymous_4)
FNDA:0,(anonymous_5)
FNDA:0,(anonymous_6)
FNDA:0,(anonymous_7)
FNDA:0,(anonymous_8)
DA:13,0
DA:14,0
DA:15,0
DA:16,0
DA:17,0
DA:19,0
DA:20,0
DA:21,0
DA:23,0
DA:24,0
DA:25,0
DA:27,0
DA:30,0
DA:32,0
DA:34,0
DA:36,0
DA:39,0
DA:40,0
DA:47,0
DA:71,0
DA:86,0
DA:91,0
DA:123,0
LF:23
LH:0
BRDA:42,0,0,0
BRDA:42,0,1,0
BRDA:81,1,0,0
BRDA:81,1,1,0
BRDA:94,2,0,0
BRDA:94,2,1,0
BRDA:114,3,0,0
BRDA:114,3,1,0
BRDA:119,4,0,0
BRDA:119,4,1,0
BRF:10
BRH:0
end_of_record
TN:
SF:src/services/api.js
FN:9,(anonymous_0)
FN:19,(anonymous_1)
FN:25,(anonymous_2)
FN:30,(anonymous_3)
FN:35,(anonymous_4)
FN:40,(anonymous_5)
FN:46,(anonymous_6)
FN:51,(anonymous_7)
FN:56,(anonymous_8)
FN:61,(anonymous_9)
FN:67,(anonymous_10)
FN:72,(anonymous_11)
FN:77,(anonymous_12)
FN:82,(anonymous_13)
FN:88,(anonymous_14)
FN:93,(anonymous_15)
FN:98,(anonymous_16)
FN:103,(anonymous_17)
FN:109,(anonymous_18)
FN:114,(anonymous_19)
FN:119,(anonymous_20)
FN:124,(anonymous_21)
FNF:22
FNH:0
FNDA:0,(anonymous_0)
FNDA:0,(anonymous_1)
FNDA:0,(anonymous_2)
FNDA:0,(anonymous_3)
FNDA:0,(anonymous_4)
FNDA:0,(anonymous_5)
FNDA:0,(anonymous_6)
FNDA:0,(anonymous_7)
FNDA:0,(anonymous_8)
FNDA:0,(anonymous_9)
FNDA:0,(anonymous_10)
FNDA:0,(anonymous_11)
FNDA:0,(anonymous_12)
FNDA:0,(anonymous_13)
FNDA:0,(anonymous_14)
FNDA:0,(anonymous_15)
FNDA:0,(anonymous_16)
FNDA:0,(anonymous_17)
FNDA:0,(anonymous_18)
FNDA:0,(anonymous_19)
FNDA:0,(anonymous_20)
FNDA:0,(anonymous_21)
DA:3,2
DA:6,2
DA:9,2
DA:10,0
DA:11,0
DA:12,0
DA:14,0
DA:15,0
DA:16,0
DA:18,0
DA:19,0
DA:20,0
DA:21,0
DA:25,2
DA:26,0
DA:27,0
DA:30,2
DA:31,0
DA:32,0
DA:35,2
DA:36,0
DA:37,0
DA:40,2
DA:41,0
DA:42,0
DA:46,2
DA:47,0
DA:48,0
DA:51,2
DA:52,0
DA:53,0
DA:56,2
DA:57,0
DA:58,0
DA:61,2
DA:62,0
DA:63,0
DA:67,2
DA:68,0
DA:69,0
DA:72,2
DA:73,0
DA:74,0
DA:77,2
DA:78,0
DA:79,0
DA:82,2
DA:83,0
DA:84,0
DA:88,2
DA:89,0
DA:90,0
DA:93,2
DA:94,0
DA:95,0
DA:98,2
DA:99,0
DA:100,0
DA:103,2
DA:104,0
DA:105,0
DA:109,2
DA:110,0
DA:111,0
DA:114,2
DA:115,0
DA:116,0
DA:119,2
DA:120,0
DA:121,0
DA:124,2
DA:125,0
DA:126,0
LF:73
LH:23
BRDA:11,0,0,0
BRDA:11,0,1,0
BRDA:11,1,0,0
BRDA:11,1,1,0
BRDA:14,2,0,0
BRDA:14,2,1,0
BRDA:15,3,0,0
BRDA:15,3,1,0
BRF:8
BRH:0
end_of_record
TN:
SF:src/services/blogService.js
FN:5,(anonymous_0)
FN:10,(anonymous_1)
FN:15,(anonymous_2)
FN:20,(anonymous_3)
FN:23,(anonymous_4)
FNF:5
FNH:0
FNDA:0,(anonymous_0)
FNDA:0,(anonymous_1)
FNDA:0,(anonymous_2)
FNDA:0,(anonymous_3)
FNDA:0,(anonymous_4)
DA:3,0
DA:5,0
DA:6,0
DA:7,0
DA:10,0
DA:11,0
DA:12,0
DA:15,0
DA:16,0
DA:17,0
DA:20,0
DA:21,0
DA:22,0
DA:23,0
LF:14
LH:0
BRF:0
BRH:0
end_of_record
TN:
SF:src/services/heroService.js
FN:5,(anonymous_0)
FN:10,(anonymous_1)
FN:17,(anonymous_2)
FNF:3
FNH:0
FNDA:0,(anonymous_0)
FNDA:0,(anonymous_1)
FNDA:0,(anonymous_2)
DA:3,0
DA:5,0
DA:6,0
DA:7,0
DA:10,0
DA:11,0
DA:16,0
DA:17,0
LF:8
LH:0
BRF:0
BRH:0
end_of_record
TN:
SF:src/services/testimonialService.js
FN:5,(anonymous_0)
FN:10,(anonymous_1)
FN:19,(anonymous_2)
FN:28,(anonymous_3)
FN:31,(anonymous_4)
FNF:5
FNH:0
FNDA:0,(anonymous_0)
FNDA:0,(anonymous_1)
FNDA:0,(anonymous_2)
FNDA:0,(anonymous_3)
FNDA:0,(anonymous_4)
DA:3,0
DA:5,0
DA:6,0
DA:7,0
DA:10,0
DA:11,0
DA:16,0
DA:19,0
DA:20,0
DA:25,0
DA:28,0
DA:29,0
DA:30,0
DA:31,0
LF:14
LH:0
BRF:0
BRH:0
end_of_record
TN:
SF:src/services/user.js
FN:7,(anonymous_0)
FN:12,(anonymous_1)
FN:17,(anonymous_2)
FN:22,(anonymous_3)
FNF:4
FNH:0
FNDA:0,(anonymous_0)
FNDA:0,(anonymous_1)
FNDA:0,(anonymous_2)
FNDA:0,(anonymous_3)
DA:4,0
DA:7,0
DA:8,0
DA:9,0
DA:12,0
DA:13,0
DA:14,0
DA:17,0
DA:18,0
DA:19,0
DA:22,0
DA:23,0
DA:24,0
LF:13
LH:0
BRF:0
BRH:0
end_of_record
