{"/home/debian/Website/final-project-analisis-pengujian-sistem-if7a-ahmad-fajrul-ulum/BE/controllers/user.controllers.js": {"path":"/home/debian/Website/final-project-analisis-pengujian-sistem-if7a-ahmad-fajrul-ulum/BE/controllers/user.controllers.js","statementMap":{"0":{"start":{"line":11,"column":26},"end":{"line":19,"column":1}},"1":{"start":{"line":12,"column":2},"end":{"line":14,"column":3}},"2":{"start":{"line":13,"column":4},"end":{"line":13,"column":74}},"3":{"start":{"line":15,"column":2},"end":{"line":17,"column":3}},"4":{"start":{"line":16,"column":4},"end":{"line":16,"column":58}},"5":{"start":{"line":18,"column":2},"end":{"line":18,"column":14}},"6":{"start":{"line":21,"column":24},"end":{"line":30,"column":1}},"7":{"start":{"line":22,"column":2},"end":{"line":25,"column":3}},"8":{"start":{"line":23,"column":25},"end":{"line":23,"column":57}},"9":{"start":{"line":24,"column":4},"end":{"line":24,"column":66}},"10":{"start":{"line":24,"column":22},"end":{"line":24,"column":66}},"11":{"start":{"line":26,"column":2},"end":{"line":29,"column":3}},"12":{"start":{"line":27,"column":26},"end":{"line":27,"column":55}},"13":{"start":{"line":28,"column":4},"end":{"line":28,"column":64}},"14":{"start":{"line":28,"column":23},"end":{"line":28,"column":64}},"15":{"start":{"line":32,"column":31},"end":{"line":43,"column":1}},"16":{"start":{"line":33,"column":25},"end":{"line":33,"column":27}},"17":{"start":{"line":34,"column":2},"end":{"line":34,"column":84}},"18":{"start":{"line":34,"column":46},"end":{"line":34,"column":84}},"19":{"start":{"line":35,"column":2},"end":{"line":35,"column":66}},"20":{"start":{"line":35,"column":37},"end":{"line":35,"column":66}},"21":{"start":{"line":36,"column":2},"end":{"line":36,"column":65}},"22":{"start":{"line":36,"column":21},"end":{"line":36,"column":65}},"23":{"start":{"line":37,"column":2},"end":{"line":37,"column":60}},"24":{"start":{"line":37,"column":31},"end":{"line":37,"column":60}},"25":{"start":{"line":42,"column":2},"end":{"line":42,"column":24}},"26":{"start":{"line":45,"column":21},"end":{"line":56,"column":1}},"27":{"start":{"line":46,"column":2},"end":{"line":55,"column":3}},"28":{"start":{"line":48,"column":4},"end":{"line":54,"column":5}},"29":{"start":{"line":49,"column":6},"end":{"line":49,"column":69}},"30":{"start":{"line":50,"column":6},"end":{"line":50,"column":40}},"31":{"start":{"line":52,"column":6},"end":{"line":52,"column":56}},"32":{"start":{"line":53,"column":6},"end":{"line":53,"column":73}},"33":{"start":{"line":58,"column":29},"end":{"line":131,"column":1}},"34":{"start":{"line":61,"column":4},"end":{"line":129,"column":5}},"35":{"start":{"line":62,"column":6},"end":{"line":62,"column":78}},"36":{"start":{"line":62,"column":21},"end":{"line":62,"column":78}},"37":{"start":{"line":63,"column":19},"end":{"line":63,"column":52}},"38":{"start":{"line":64,"column":6},"end":{"line":64,"column":82}},"39":{"start":{"line":64,"column":17},"end":{"line":64,"column":82}},"40":{"start":{"line":66,"column":82},"end":{"line":66,"column":90}},"41":{"start":{"line":69,"column":28},"end":{"line":69,"column":68}},"42":{"start":{"line":72,"column":6},"end":{"line":76,"column":7}},"43":{"start":{"line":73,"column":8},"end":{"line":73,"column":53}},"44":{"start":{"line":75,"column":8},"end":{"line":75,"column":64}},"45":{"start":{"line":79,"column":29},"end":{"line":79,"column":105}},"46":{"start":{"line":82,"column":6},"end":{"line":89,"column":7}},"47":{"start":{"line":83,"column":24},"end":{"line":83,"column":72}},"48":{"start":{"line":84,"column":8},"end":{"line":84,"column":86}},"49":{"start":{"line":84,"column":22},"end":{"line":84,"column":86}},"50":{"start":{"line":86,"column":8},"end":{"line":86,"column":46}},"51":{"start":{"line":87,"column":21},"end":{"line":87,"column":45}},"52":{"start":{"line":88,"column":8},"end":{"line":88,"column":61}},"53":{"start":{"line":92,"column":25},"end":{"line":93,"column":63}},"54":{"start":{"line":95,"column":6},"end":{"line":95,"column":87}},"55":{"start":{"line":95,"column":23},"end":{"line":95,"column":87}},"56":{"start":{"line":98,"column":6},"end":{"line":98,"column":47}},"57":{"start":{"line":101,"column":6},"end":{"line":101,"column":45}},"58":{"start":{"line":101,"column":20},"end":{"line":101,"column":45}},"59":{"start":{"line":102,"column":6},"end":{"line":102,"column":36}},"60":{"start":{"line":102,"column":17},"end":{"line":102,"column":36}},"61":{"start":{"line":103,"column":6},"end":{"line":103,"column":45}},"62":{"start":{"line":103,"column":20},"end":{"line":103,"column":45}},"63":{"start":{"line":104,"column":6},"end":{"line":104,"column":61}},"64":{"start":{"line":104,"column":25},"end":{"line":104,"column":61}},"65":{"start":{"line":105,"column":6},"end":{"line":105,"column":56}},"66":{"start":{"line":105,"column":35},"end":{"line":105,"column":56}},"67":{"start":{"line":107,"column":26},"end":{"line":107,"column":43}},"68":{"start":{"line":108,"column":6},"end":{"line":108,"column":39}},"69":{"start":{"line":110,"column":6},"end":{"line":120,"column":9}},"70":{"start":{"line":123,"column":6},"end":{"line":123,"column":53}},"71":{"start":{"line":124,"column":21},"end":{"line":124,"column":24}},"72":{"start":{"line":125,"column":6},"end":{"line":128,"column":9}}},"fnMap":{"0":{"name":"(anonymous_0)","decl":{"start":{"line":11,"column":26},"end":{"line":11,"column":27}},"loc":{"start":{"line":11,"column":53},"end":{"line":19,"column":1}},"line":11},"1":{"name":"(anonymous_1)","decl":{"start":{"line":21,"column":24},"end":{"line":21,"column":25}},"loc":{"start":{"line":21,"column":57},"end":{"line":30,"column":1}},"line":21},"2":{"name":"(anonymous_2)","decl":{"start":{"line":32,"column":31},"end":{"line":32,"column":32}},"loc":{"start":{"line":32,"column":89},"end":{"line":43,"column":1}},"line":32},"3":{"name":"(anonymous_3)","decl":{"start":{"line":45,"column":21},"end":{"line":45,"column":22}},"loc":{"start":{"line":45,"column":53},"end":{"line":56,"column":1}},"line":45},"4":{"name":"(anonymous_4)","decl":{"start":{"line":60,"column":2},"end":{"line":60,"column":3}},"loc":{"start":{"line":60,"column":22},"end":{"line":130,"column":3}},"line":60}},"branchMap":{"0":{"loc":{"start":{"line":12,"column":2},"end":{"line":14,"column":3}},"type":"if","locations":[{"start":{"line":12,"column":2},"end":{"line":14,"column":3}},{"start":{},"end":{}}],"line":12},"1":{"loc":{"start":{"line":15,"column":2},"end":{"line":17,"column":3}},"type":"if","locations":[{"start":{"line":15,"column":2},"end":{"line":17,"column":3}},{"start":{},"end":{}}],"line":15},"2":{"loc":{"start":{"line":15,"column":6},"end":{"line":15,"column":47}},"type":"binary-expr","locations":[{"start":{"line":15,"column":6},"end":{"line":15,"column":16}},{"start":{"line":15,"column":20},"end":{"line":15,"column":47}}],"line":15},"3":{"loc":{"start":{"line":22,"column":2},"end":{"line":25,"column":3}},"type":"if","locations":[{"start":{"line":22,"column":2},"end":{"line":25,"column":3}},{"start":{},"end":{}}],"line":22},"4":{"loc":{"start":{"line":22,"column":6},"end":{"line":22,"column":44}},"type":"binary-expr","locations":[{"start":{"line":22,"column":6},"end":{"line":22,"column":14}},{"start":{"line":22,"column":18},"end":{"line":22,"column":44}}],"line":22},"5":{"loc":{"start":{"line":24,"column":4},"end":{"line":24,"column":66}},"type":"if","locations":[{"start":{"line":24,"column":4},"end":{"line":24,"column":66}},{"start":{},"end":{}}],"line":24},"6":{"loc":{"start":{"line":26,"column":2},"end":{"line":29,"column":3}},"type":"if","locations":[{"start":{"line":26,"column":2},"end":{"line":29,"column":3}},{"start":{},"end":{}}],"line":26},"7":{"loc":{"start":{"line":26,"column":6},"end":{"line":26,"column":35}},"type":"binary-expr","locations":[{"start":{"line":26,"column":6},"end":{"line":26,"column":11}},{"start":{"line":26,"column":15},"end":{"line":26,"column":35}}],"line":26},"8":{"loc":{"start":{"line":28,"column":4},"end":{"line":28,"column":64}},"type":"if","locations":[{"start":{"line":28,"column":4},"end":{"line":28,"column":64}},{"start":{},"end":{}}],"line":28},"9":{"loc":{"start":{"line":34,"column":2},"end":{"line":34,"column":84}},"type":"if","locations":[{"start":{"line":34,"column":2},"end":{"line":34,"column":84}},{"start":{},"end":{}}],"line":34},"10":{"loc":{"start":{"line":34,"column":6},"end":{"line":34,"column":44}},"type":"binary-expr","locations":[{"start":{"line":34,"column":6},"end":{"line":34,"column":14}},{"start":{"line":34,"column":18},"end":{"line":34,"column":44}}],"line":34},"11":{"loc":{"start":{"line":35,"column":2},"end":{"line":35,"column":66}},"type":"if","locations":[{"start":{"line":35,"column":2},"end":{"line":35,"column":66}},{"start":{},"end":{}}],"line":35},"12":{"loc":{"start":{"line":35,"column":6},"end":{"line":35,"column":35}},"type":"binary-expr","locations":[{"start":{"line":35,"column":6},"end":{"line":35,"column":11}},{"start":{"line":35,"column":15},"end":{"line":35,"column":35}}],"line":35},"13":{"loc":{"start":{"line":36,"column":2},"end":{"line":36,"column":65}},"type":"if","locations":[{"start":{"line":36,"column":2},"end":{"line":36,"column":65}},{"start":{},"end":{}}],"line":36},"14":{"loc":{"start":{"line":37,"column":2},"end":{"line":37,"column":60}},"type":"if","locations":[{"start":{"line":37,"column":2},"end":{"line":37,"column":60}},{"start":{},"end":{}}],"line":37},"15":{"loc":{"start":{"line":46,"column":2},"end":{"line":55,"column":3}},"type":"if","locations":[{"start":{"line":46,"column":2},"end":{"line":55,"column":3}},{"start":{},"end":{}}],"line":46},"16":{"loc":{"start":{"line":46,"column":6},"end":{"line":46,"column":63}},"type":"binary-expr","locations":[{"start":{"line":46,"column":6},"end":{"line":46,"column":21}},{"start":{"line":46,"column":25},"end":{"line":46,"column":63}}],"line":46},"17":{"loc":{"start":{"line":62,"column":6},"end":{"line":62,"column":78}},"type":"if","locations":[{"start":{"line":62,"column":6},"end":{"line":62,"column":78}},{"start":{},"end":{}}],"line":62},"18":{"loc":{"start":{"line":64,"column":6},"end":{"line":64,"column":82}},"type":"if","locations":[{"start":{"line":64,"column":6},"end":{"line":64,"column":82}},{"start":{},"end":{}}],"line":64},"19":{"loc":{"start":{"line":82,"column":6},"end":{"line":89,"column":7}},"type":"if","locations":[{"start":{"line":82,"column":6},"end":{"line":89,"column":7}},{"start":{},"end":{}}],"line":82},"20":{"loc":{"start":{"line":82,"column":10},"end":{"line":82,"column":36}},"type":"binary-expr","locations":[{"start":{"line":82,"column":10},"end":{"line":82,"column":21}},{"start":{"line":82,"column":25},"end":{"line":82,"column":36}}],"line":82},"21":{"loc":{"start":{"line":84,"column":8},"end":{"line":84,"column":86}},"type":"if","locations":[{"start":{"line":84,"column":8},"end":{"line":84,"column":86}},{"start":{},"end":{}}],"line":84},"22":{"loc":{"start":{"line":92,"column":25},"end":{"line":93,"column":63}},"type":"binary-expr","locations":[{"start":{"line":92,"column":25},"end":{"line":92,"column":33}},{"start":{"line":92,"column":37},"end":{"line":92,"column":42}},{"start":{"line":92,"column":46},"end":{"line":92,"column":54}},{"start":{"line":92,"column":58},"end":{"line":92,"column":71}},{"start":{"line":93,"column":8},"end":{"line":93,"column":31}},{"start":{"line":93,"column":36},"end":{"line":93,"column":47}},{"start":{"line":93,"column":51},"end":{"line":93,"column":62}}],"line":92},"23":{"loc":{"start":{"line":95,"column":6},"end":{"line":95,"column":87}},"type":"if","locations":[{"start":{"line":95,"column":6},"end":{"line":95,"column":87}},{"start":{},"end":{}}],"line":95},"24":{"loc":{"start":{"line":101,"column":6},"end":{"line":101,"column":45}},"type":"if","locations":[{"start":{"line":101,"column":6},"end":{"line":101,"column":45}},{"start":{},"end":{}}],"line":101},"25":{"loc":{"start":{"line":102,"column":6},"end":{"line":102,"column":36}},"type":"if","locations":[{"start":{"line":102,"column":6},"end":{"line":102,"column":36}},{"start":{},"end":{}}],"line":102},"26":{"loc":{"start":{"line":103,"column":6},"end":{"line":103,"column":45}},"type":"if","locations":[{"start":{"line":103,"column":6},"end":{"line":103,"column":45}},{"start":{},"end":{}}],"line":103},"27":{"loc":{"start":{"line":104,"column":6},"end":{"line":104,"column":61}},"type":"if","locations":[{"start":{"line":104,"column":6},"end":{"line":104,"column":61}},{"start":{},"end":{}}],"line":104},"28":{"loc":{"start":{"line":105,"column":6},"end":{"line":105,"column":56}},"type":"if","locations":[{"start":{"line":105,"column":6},"end":{"line":105,"column":56}},{"start":{},"end":{}}],"line":105}},"s":{"0":1,"1":6,"2":1,"3":5,"4":0,"5":5,"6":1,"7":6,"8":1,"9":1,"10":1,"11":5,"12":0,"13":0,"14":0,"15":1,"16":5,"17":5,"18":1,"19":5,"20":0,"21":5,"22":1,"23":5,"24":0,"25":5,"26":1,"27":3,"28":3,"29":3,"30":3,"31":0,"32":0,"33":1,"34":9,"35":9,"36":1,"37":8,"38":7,"39":1,"40":6,"41":6,"42":6,"43":6,"44":1,"45":5,"46":5,"47":2,"48":2,"49":1,"50":1,"51":1,"52":1,"53":4,"54":4,"55":1,"56":3,"57":3,"58":0,"59":3,"60":0,"61":3,"62":1,"63":3,"64":1,"65":3,"66":0,"67":3,"68":3,"69":3,"70":1,"71":1,"72":1},"f":{"0":6,"1":6,"2":5,"3":3,"4":9},"b":{"0":[1,5],"1":[0,5],"2":[5,0],"3":[1,5],"4":[6,1],"5":[1,0],"6":[0,5],"7":[5,0],"8":[0,0],"9":[1,4],"10":[5,1],"11":[0,5],"12":[5,0],"13":[1,4],"14":[0,5],"15":[3,0],"16":[3,3],"17":[1,8],"18":[1,6],"19":[2,3],"20":[5,2],"21":[1,1],"22":[4,4,4,3,2,2,1],"23":[1,3],"24":[0,3],"25":[0,3],"26":[1,2],"27":[1,2],"28":[0,3]},"_coverageSchema":"1a1c01bbd47fc00a2c39e90264f33305004495a9","hash":"1c75f8fd85d23f2382260b2c4b7d12bcc64138c0"}
,"/home/debian/Website/final-project-analisis-pengujian-sistem-if7a-ahmad-fajrul-ulum/BE/utils/uploadToCloudinary.js": {"path":"/home/debian/Website/final-project-analisis-pengujian-sistem-if7a-ahmad-fajrul-ulum/BE/utils/uploadToCloudinary.js","statementMap":{"0":{"start":{"line":7,"column":34},"end":{"line":55,"column":1}},"1":{"start":{"line":12,"column":2},"end":{"line":54,"column":5}},"2":{"start":{"line":13,"column":4},"end":{"line":13,"column":70}},"3":{"start":{"line":13,"column":21},"end":{"line":13,"column":70}},"4":{"start":{"line":15,"column":20},"end":{"line":15,"column":56}},"5":{"start":{"line":16,"column":25},"end":{"line":16,"column":50}},"6":{"start":{"line":18,"column":4},"end":{"line":53,"column":9}},"7":{"start":{"line":19,"column":6},"end":{"line":52,"column":7}},"8":{"start":{"line":20,"column":32},"end":{"line":25,"column":22}},"9":{"start":{"line":27,"column":29},"end":{"line":46,"column":9}},"10":{"start":{"line":37,"column":12},"end":{"line":40,"column":13}},"11":{"start":{"line":38,"column":14},"end":{"line":38,"column":50}},"12":{"start":{"line":39,"column":14},"end":{"line":39,"column":35}},"13":{"start":{"line":41,"column":12},"end":{"line":44,"column":15}},"14":{"start":{"line":48,"column":8},"end":{"line":48,"column":73}},"15":{"start":{"line":50,"column":8},"end":{"line":50,"column":51}},"16":{"start":{"line":51,"column":8},"end":{"line":51,"column":20}},"17":{"start":{"line":58,"column":31},"end":{"line":62,"column":1}},"18":{"start":{"line":59,"column":2},"end":{"line":61,"column":4}},"19":{"start":{"line":65,"column":33},"end":{"line":80,"column":1}},"20":{"start":{"line":66,"column":2},"end":{"line":79,"column":3}},"21":{"start":{"line":67,"column":21},"end":{"line":67,"column":79}},"22":{"start":{"line":69,"column":21},"end":{"line":69,"column":53}},"23":{"start":{"line":70,"column":4},"end":{"line":72,"column":5}},"24":{"start":{"line":71,"column":6},"end":{"line":71,"column":46}},"25":{"start":{"line":74,"column":19},"end":{"line":74,"column":45}},"26":{"start":{"line":75,"column":4},"end":{"line":75,"column":66}},"27":{"start":{"line":77,"column":4},"end":{"line":77,"column":51}},"28":{"start":{"line":78,"column":4},"end":{"line":78,"column":47}}},"fnMap":{"0":{"name":"(anonymous_0)","decl":{"start":{"line":7,"column":34},"end":{"line":7,"column":35}},"loc":{"start":{"line":11,"column":5},"end":{"line":55,"column":1}},"line":11},"1":{"name":"(anonymous_1)","decl":{"start":{"line":12,"column":21},"end":{"line":12,"column":22}},"loc":{"start":{"line":12,"column":42},"end":{"line":54,"column":3}},"line":12},"2":{"name":"(anonymous_2)","decl":{"start":{"line":18,"column":5},"end":{"line":18,"column":6}},"loc":{"start":{"line":18,"column":17},"end":{"line":53,"column":5}},"line":18},"3":{"name":"(anonymous_3)","decl":{"start":{"line":36,"column":10},"end":{"line":36,"column":11}},"loc":{"start":{"line":36,"column":29},"end":{"line":45,"column":11}},"line":36},"4":{"name":"(anonymous_4)","decl":{"start":{"line":58,"column":31},"end":{"line":58,"column":32}},"loc":{"start":{"line":58,"column":40},"end":{"line":62,"column":1}},"line":58},"5":{"name":"(anonymous_5)","decl":{"start":{"line":65,"column":33},"end":{"line":65,"column":34}},"loc":{"start":{"line":65,"column":73},"end":{"line":80,"column":1}},"line":65}},"branchMap":{"0":{"loc":{"start":{"line":10,"column":2},"end":{"line":10,"column":20}},"type":"default-arg","locations":[{"start":{"line":10,"column":11},"end":{"line":10,"column":20}}],"line":10},"1":{"loc":{"start":{"line":13,"column":4},"end":{"line":13,"column":70}},"type":"if","locations":[{"start":{"line":13,"column":4},"end":{"line":13,"column":70}},{"start":{},"end":{}}],"line":13},"2":{"loc":{"start":{"line":16,"column":25},"end":{"line":16,"column":50}},"type":"cond-expr","locations":[{"start":{"line":16,"column":35},"end":{"line":16,"column":42}},{"start":{"line":16,"column":45},"end":{"line":16,"column":50}}],"line":16},"3":{"loc":{"start":{"line":20,"column":32},"end":{"line":25,"column":22}},"type":"cond-expr","locations":[{"start":{"line":21,"column":12},"end":{"line":24,"column":23}},{"start":{"line":25,"column":12},"end":{"line":25,"column":22}}],"line":20},"4":{"loc":{"start":{"line":32,"column":28},"end":{"line":34,"column":25}},"type":"cond-expr","locations":[{"start":{"line":33,"column":16},"end":{"line":33,"column":63}},{"start":{"line":34,"column":16},"end":{"line":34,"column":25}}],"line":32},"5":{"loc":{"start":{"line":37,"column":12},"end":{"line":40,"column":13}},"type":"if","locations":[{"start":{"line":37,"column":12},"end":{"line":40,"column":13}},{"start":{},"end":{}}],"line":37},"6":{"loc":{"start":{"line":65,"column":50},"end":{"line":65,"column":68}},"type":"default-arg","locations":[{"start":{"line":65,"column":59},"end":{"line":65,"column":68}}],"line":65},"7":{"loc":{"start":{"line":70,"column":4},"end":{"line":72,"column":5}},"type":"if","locations":[{"start":{"line":70,"column":4},"end":{"line":72,"column":5}},{"start":{},"end":{}}],"line":70}},"s":{"0":1,"1":6,"2":6,"3":1,"4":5,"5":5,"6":5,"7":5,"8":5,"9":4,"10":4,"11":1,"12":1,"13":3,"14":4,"15":1,"16":1,"17":1,"18":2,"19":1,"20":3,"21":3,"22":2,"23":2,"24":1,"25":1,"26":1,"27":2,"28":2},"f":{"0":6,"1":6,"2":5,"3":4,"4":2,"5":3},"b":{"0":[5],"1":[1,5],"2":[4,1],"3":[4,1],"4":[3,1],"5":[1,3],"6":[3],"7":[1,1]},"_coverageSchema":"1a1c01bbd47fc00a2c39e90264f33305004495a9","hash":"707537ba2d7c5394c5405b59daf048ee35faf95a"}
}
