TN:
SF:controllers/auth.controllers.js
FN:7,(anonymous_0)
FN:53,(anonymous_1)
FN:188,(anonymous_2)
FN:223,(anonymous_3)
FN:250,(anonymous_4)
FN:277,(anonymous_5)
FN:293,(anonymous_6)
FNF:7
FNH:7
FNDA:5,(anonymous_0)
FNDA:4,(anonymous_1)
FNDA:2,(anonymous_2)
FNDA:2,(anonymous_3)
FNDA:4,(anonymous_4)
FNDA:3,(anonymous_5)
FNDA:2,(anonymous_6)
DA:7,1
DA:8,5
DA:9,5
DA:12,5
DA:13,5
DA:14,1
DA:16,4
DA:17,1
DA:22,3
DA:23,2
DA:24,1
DA:27,1
DA:28,1
DA:30,1
DA:35,1
DA:45,1
DA:46,1
DA:48,1
DA:49,1
DA:53,1
DA:54,4
DA:55,4
DA:56,4
DA:57,1
DA:59,3
DA:60,3
DA:61,1
DA:63,2
DA:64,2
DA:67,1
DA:68,0
DA:69,0
DA:70,0
DA:71,0
DA:72,0
DA:75,0
DA:76,0
DA:83,0
DA:84,0
DA:86,0
DA:87,0
DA:95,1
DA:96,1
DA:98,1
DA:99,1
DA:100,1
DA:103,1
DA:177,1
DA:182,0
DA:183,0
DA:188,1
DA:189,2
DA:190,2
DA:191,2
DA:192,2
DA:194,2
DA:195,1
DA:198,1
DA:199,0
DA:202,1
DA:203,1
DA:204,1
DA:207,1
DA:210,1
DA:216,0
DA:217,0
DA:223,1
DA:224,2
DA:225,2
DA:226,2
DA:227,2
DA:229,1
DA:230,1
DA:232,1
DA:233,1
DA:234,1
DA:236,1
DA:243,1
DA:245,0
DA:246,0
DA:250,1
DA:251,4
DA:252,4
DA:253,4
DA:254,4
DA:256,3
DA:257,1
DA:260,2
DA:261,1
DA:264,1
DA:265,1
DA:266,1
DA:267,1
DA:268,1
DA:270,1
DA:272,0
DA:273,0
DA:277,1
DA:278,3
DA:279,3
DA:281,2
DA:284,2
DA:286,1
DA:288,1
DA:289,1
DA:293,1
DA:294,2
DA:295,2
DA:296,1
DA:298,1
DA:299,1
LF:111
LH:91
BRDA:13,0,0,1
BRDA:13,0,1,4
BRDA:16,1,0,1
BRDA:16,1,1,3
BRDA:23,2,0,1
BRDA:23,2,1,1
BRDA:28,3,0,1
BRDA:28,3,1,0
BRDA:56,4,0,1
BRDA:56,4,1,3
BRDA:60,5,0,1
BRDA:60,5,1,2
BRDA:64,6,0,1
BRDA:64,6,1,1
BRDA:67,7,0,0
BRDA:67,7,1,1
BRDA:70,8,0,0
BRDA:70,8,1,0
BRDA:75,9,0,0
BRDA:75,9,1,0
BRDA:81,10,0,0
BRDA:81,10,1,0
BRDA:133,11,0,1
BRDA:133,11,1,0
BRDA:192,12,0,0
BRDA:192,12,1,2
BRDA:194,13,0,1
BRDA:194,13,1,1
BRDA:198,14,0,0
BRDA:198,14,1,1
BRDA:227,15,0,1
BRDA:227,15,1,1
BRDA:254,16,0,1
BRDA:254,16,1,3
BRDA:256,17,0,1
BRDA:256,17,1,2
BRDA:260,18,0,1
BRDA:260,18,1,1
BRDA:284,19,0,1
BRDA:284,19,1,1
BRF:40
BRH:29
end_of_record
TN:
SF:controllers/user.controllers.js
FN:11,(anonymous_0)
FN:21,(anonymous_1)
FN:32,(anonymous_2)
FN:45,(anonymous_3)
FN:60,(anonymous_4)
FNF:5
FNH:5
FNDA:6,(anonymous_0)
FNDA:6,(anonymous_1)
FNDA:5,(anonymous_2)
FNDA:3,(anonymous_3)
FNDA:9,(anonymous_4)
DA:11,1
DA:12,6
DA:13,1
DA:15,5
DA:16,0
DA:18,5
DA:21,1
DA:22,6
DA:23,1
DA:24,1
DA:26,5
DA:27,0
DA:28,0
DA:32,1
DA:33,5
DA:34,5
DA:35,5
DA:36,5
DA:37,5
DA:42,5
DA:45,1
DA:46,3
DA:48,3
DA:49,3
DA:50,3
DA:52,0
DA:53,0
DA:58,1
DA:61,9
DA:62,9
DA:63,8
DA:64,7
DA:66,6
DA:69,6
DA:72,6
DA:73,6
DA:75,1
DA:79,5
DA:82,5
DA:83,2
DA:84,2
DA:86,1
DA:87,1
DA:88,1
DA:92,4
DA:95,4
DA:98,3
DA:101,3
DA:102,3
DA:103,3
DA:104,3
DA:105,3
DA:107,3
DA:108,3
DA:110,3
DA:123,1
DA:124,1
DA:125,1
LF:58
LH:53
BRDA:12,0,0,1
BRDA:12,0,1,5
BRDA:15,1,0,0
BRDA:15,1,1,5
BRDA:15,2,0,5
BRDA:15,2,1,0
BRDA:22,3,0,1
BRDA:22,3,1,5
BRDA:22,4,0,6
BRDA:22,4,1,1
BRDA:24,5,0,1
BRDA:24,5,1,0
BRDA:26,6,0,0
BRDA:26,6,1,5
BRDA:26,7,0,5
BRDA:26,7,1,0
BRDA:28,8,0,0
BRDA:28,8,1,0
BRDA:34,9,0,1
BRDA:34,9,1,4
BRDA:34,10,0,5
BRDA:34,10,1,1
BRDA:35,11,0,0
BRDA:35,11,1,5
BRDA:35,12,0,5
BRDA:35,12,1,0
BRDA:36,13,0,1
BRDA:36,13,1,4
BRDA:37,14,0,0
BRDA:37,14,1,5
BRDA:46,15,0,3
BRDA:46,15,1,0
BRDA:46,16,0,3
BRDA:46,16,1,3
BRDA:62,17,0,1
BRDA:62,17,1,8
BRDA:64,18,0,1
BRDA:64,18,1,6
BRDA:82,19,0,2
BRDA:82,19,1,3
BRDA:82,20,0,5
BRDA:82,20,1,2
BRDA:84,21,0,1
BRDA:84,21,1,1
BRDA:92,22,0,4
BRDA:92,22,1,4
BRDA:92,22,2,4
BRDA:92,22,3,3
BRDA:92,22,4,2
BRDA:92,22,5,2
BRDA:92,22,6,1
BRDA:95,23,0,1
BRDA:95,23,1,3
BRDA:101,24,0,0
BRDA:101,24,1,3
BRDA:102,25,0,0
BRDA:102,25,1,3
BRDA:103,26,0,1
BRDA:103,26,1,2
BRDA:104,27,0,1
BRDA:104,27,1,2
BRDA:105,28,0,0
BRDA:105,28,1,3
BRF:63
BRH:49
end_of_record
TN:
SF:utils/uploadToCloudinary.js
FN:7,(anonymous_0)
FN:12,(anonymous_1)
FN:18,(anonymous_2)
FN:36,(anonymous_3)
FN:58,(anonymous_4)
FN:65,(anonymous_5)
FNF:6
FNH:6
FNDA:6,(anonymous_0)
FNDA:6,(anonymous_1)
FNDA:5,(anonymous_2)
FNDA:4,(anonymous_3)
FNDA:2,(anonymous_4)
FNDA:3,(anonymous_5)
DA:7,1
DA:12,6
DA:13,6
DA:15,5
DA:16,5
DA:18,5
DA:19,5
DA:20,5
DA:27,4
DA:37,4
DA:38,1
DA:39,1
DA:41,3
DA:48,4
DA:50,1
DA:51,1
DA:58,1
DA:59,2
DA:65,1
DA:66,3
DA:67,3
DA:69,2
DA:70,2
DA:71,1
DA:74,1
DA:75,1
DA:77,2
DA:78,2
LF:28
LH:28
BRDA:10,0,0,5
BRDA:13,1,0,1
BRDA:13,1,1,5
BRDA:16,2,0,4
BRDA:16,2,1,1
BRDA:20,3,0,4
BRDA:20,3,1,1
BRDA:32,4,0,3
BRDA:32,4,1,1
BRDA:37,5,0,1
BRDA:37,5,1,3
BRDA:65,6,0,3
BRDA:70,7,0,1
BRDA:70,7,1,1
BRF:14
BRH:14
end_of_record
