TN:
SF:controllers/user.controllers.js
FN:11,(anonymous_0)
FN:21,(anonymous_1)
FN:32,(anonymous_2)
FN:45,(anonymous_3)
FN:60,(anonymous_4)
FNF:5
FNH:5
FNDA:6,(anonymous_0)
FNDA:6,(anonymous_1)
FNDA:5,(anonymous_2)
FNDA:3,(anonymous_3)
FNDA:9,(anonymous_4)
DA:11,1
DA:12,6
DA:13,1
DA:15,5
DA:16,0
DA:18,5
DA:21,1
DA:22,6
DA:23,1
DA:24,1
DA:26,5
DA:27,0
DA:28,0
DA:32,1
DA:33,5
DA:34,5
DA:35,5
DA:36,5
DA:37,5
DA:42,5
DA:45,1
DA:46,3
DA:48,3
DA:49,3
DA:50,3
DA:52,0
DA:53,0
DA:58,1
DA:61,9
DA:62,9
DA:63,8
DA:64,7
DA:66,6
DA:69,6
DA:72,6
DA:73,6
DA:75,1
DA:79,5
DA:82,5
DA:83,2
DA:84,2
DA:86,1
DA:87,1
DA:88,1
DA:92,4
DA:95,4
DA:98,3
DA:101,3
DA:102,3
DA:103,3
DA:104,3
DA:105,3
DA:107,3
DA:108,3
DA:110,3
DA:123,1
DA:124,1
DA:125,1
LF:58
LH:53
BRDA:12,0,0,1
BRDA:12,0,1,5
BRDA:15,1,0,0
BRDA:15,1,1,5
BRDA:15,2,0,5
BRDA:15,2,1,0
BRDA:22,3,0,1
BRDA:22,3,1,5
BRDA:22,4,0,6
BRDA:22,4,1,1
BRDA:24,5,0,1
BRDA:24,5,1,0
BRDA:26,6,0,0
BRDA:26,6,1,5
BRDA:26,7,0,5
BRDA:26,7,1,0
BRDA:28,8,0,0
BRDA:28,8,1,0
BRDA:34,9,0,1
BRDA:34,9,1,4
BRDA:34,10,0,5
BRDA:34,10,1,1
BRDA:35,11,0,0
BRDA:35,11,1,5
BRDA:35,12,0,5
BRDA:35,12,1,0
BRDA:36,13,0,1
BRDA:36,13,1,4
BRDA:37,14,0,0
BRDA:37,14,1,5
BRDA:46,15,0,3
BRDA:46,15,1,0
BRDA:46,16,0,3
BRDA:46,16,1,3
BRDA:62,17,0,1
BRDA:62,17,1,8
BRDA:64,18,0,1
BRDA:64,18,1,6
BRDA:82,19,0,2
BRDA:82,19,1,3
BRDA:82,20,0,5
BRDA:82,20,1,2
BRDA:84,21,0,1
BRDA:84,21,1,1
BRDA:92,22,0,4
BRDA:92,22,1,4
BRDA:92,22,2,4
BRDA:92,22,3,3
BRDA:92,22,4,2
BRDA:92,22,5,2
BRDA:92,22,6,1
BRDA:95,23,0,1
BRDA:95,23,1,3
BRDA:101,24,0,0
BRDA:101,24,1,3
BRDA:102,25,0,0
BRDA:102,25,1,3
BRDA:103,26,0,1
BRDA:103,26,1,2
BRDA:104,27,0,1
BRDA:104,27,1,2
BRDA:105,28,0,0
BRDA:105,28,1,3
BRF:63
BRH:49
end_of_record
TN:
SF:utils/uploadToCloudinary.js
FN:7,(anonymous_0)
FN:12,(anonymous_1)
FN:18,(anonymous_2)
FN:36,(anonymous_3)
FN:58,(anonymous_4)
FN:65,(anonymous_5)
FNF:6
FNH:6
FNDA:6,(anonymous_0)
FNDA:6,(anonymous_1)
FNDA:5,(anonymous_2)
FNDA:4,(anonymous_3)
FNDA:2,(anonymous_4)
FNDA:3,(anonymous_5)
DA:7,1
DA:12,6
DA:13,6
DA:15,5
DA:16,5
DA:18,5
DA:19,5
DA:20,5
DA:27,4
DA:37,4
DA:38,1
DA:39,1
DA:41,3
DA:48,4
DA:50,1
DA:51,1
DA:58,1
DA:59,2
DA:65,1
DA:66,3
DA:67,3
DA:69,2
DA:70,2
DA:71,1
DA:74,1
DA:75,1
DA:77,2
DA:78,2
LF:28
LH:28
BRDA:10,0,0,5
BRDA:13,1,0,1
BRDA:13,1,1,5
BRDA:16,2,0,4
BRDA:16,2,1,1
BRDA:20,3,0,4
BRDA:20,3,1,1
BRDA:32,4,0,3
BRDA:32,4,1,1
BRDA:37,5,0,1
BRDA:37,5,1,3
BRDA:65,6,0,3
BRDA:70,7,0,1
BRDA:70,7,1,1
BRF:14
BRH:14
end_of_record
